2023-03-20 16:44:18.076 [info] Reading sessions from keychain...
2023-03-20 16:44:18.076 [info] Getting sessions for user:email...
2023-03-20 16:44:18.076 [info] Got stored sessions!
2023-03-20 16:44:18.076 [info] Got 1 verified sessions.
2023-03-20 16:44:18.076 [info] Got 0 sessions for user:email...
2023-03-20 16:44:18.115 [info] Getting sessions for all scopes...
2023-03-20 16:44:18.115 [info] Got 1 sessions for ...
2023-03-20 16:44:18.175 [info] Getting sessions for all scopes...
2023-03-20 16:44:18.175 [info] Got 1 sessions for ...
2023-03-20 16:44:20.174 [info] Getting user info...
2023-03-20 16:44:21.502 [info] Got account info!
2023-03-20 18:14:39.153 [info] Reading sessions from keychain...
2023-03-20 18:14:39.153 [info] Getting sessions for user:email...
2023-03-20 18:14:39.153 [info] Getting sessions for all scopes...
2023-03-20 18:14:39.153 [info] Got stored sessions!
2023-03-20 18:14:39.153 [info] Got 1 verified sessions.
2023-03-20 18:14:39.153 [info] Got 0 sessions for user:email...
2023-03-20 18:14:39.153 [info] Got 1 sessions for ...
2023-03-20 18:14:39.153 [info] Getting sessions for user:email...
2023-03-20 18:14:39.153 [info] Got 0 sessions for user:email...
2023-03-20 18:14:39.170 [info] Getting sessions for all scopes...
2023-03-20 18:14:39.170 [info] Got 1 sessions for ...
2023-03-20 18:14:41.244 [info] Getting user info...
2023-03-20 18:14:41.964 [info] Got account info!
