2023-03-20 11:12:49.072 [info] Configuration changed
2023-03-20 11:12:49.365 [info] Configuration changed
2023-03-20 11:12:49.681 [info] Configuration changed
2023-03-20 11:12:50.091 [info] Configuration changed
2023-03-20 11:12:51.675 [info] Active editor: ssh://bitrix/home/bitrix/www/local/modules/nebo.logger/options.php
2023-03-20 11:12:53.659 [info] Active editor: ssh://bitrixapp/home/bitrix/www/application/nebo_field/bp.php
2023-03-20 11:16:37.022 [info] /embeded.embeddedhtml closed
2023-03-20 11:19:50.764 [info] /embeded.embeddedhtml closed
2023-03-20 11:22:55.171 [info] /embeded.embeddedhtml closed
2023-03-20 11:26:27.805 [info] /embeded.embeddedhtml closed
2023-03-20 11:30:10.415 [info] /embeded.embeddedhtml closed
2023-03-20 11:33:10.793 [info] /embeded.embeddedhtml closed
2023-03-20 11:36:11.020 [info] /embeded.embeddedhtml closed
2023-03-20 11:39:16.091 [info] /embeded.embeddedhtml closed
2023-03-20 11:42:40.785 [info] /embeded.embeddedhtml closed
2023-03-20 11:45:45.308 [info] /embeded.embeddedhtml closed
2023-03-20 11:49:05.798 [info] /embeded.embeddedhtml closed
2023-03-20 11:52:18.762 [info] /embeded.embeddedhtml closed
2023-03-20 11:55:20.029 [info] /embeded.embeddedhtml closed
2023-03-20 11:58:20.164 [info] /embeded.embeddedhtml closed
2023-03-20 11:58:59.993 [warning] invalid cursor position. [[563, 42] | [563, 42]].
2023-03-20 11:58:59.994 [warning] invalid cursor position. [[563, 42] | [563, 42]].
2023-03-20 12:01:44.750 [info] /embeded.embeddedhtml closed
2023-03-20 12:02:53.872 [warning] invalid cursor position. [[562, 55] | [562, 55]].
2023-03-20 12:02:53.872 [warning] invalid cursor position. [[562, 55] | [562, 55]].
2023-03-20 12:04:49.792 [info] /embeded.embeddedhtml closed
2023-03-20 12:06:21.099 [warning] invalid cursor position. [[182, 13] | [182, 13]].
2023-03-20 12:06:21.099 [warning] invalid cursor position. [[182, 13] | [182, 13]].
2023-03-20 12:07:57.921 [info] /embeded.embeddedhtml closed
2023-03-20 12:11:22.282 [info] /embeded.embeddedhtml closed
2023-03-20 12:14:26.439 [info] /embeded.embeddedhtml closed
2023-03-20 12:18:37.035 [info] /embeded.embeddedhtml closed
2023-03-20 12:21:38.539 [info] /embeded.embeddedhtml closed
2023-03-20 12:24:39.005 [info] /embeded.embeddedhtml closed
2023-03-20 12:27:39.787 [info] /embeded.embeddedhtml closed
2023-03-20 12:34:06.655 [info] /embeded.embeddedhtml closed
2023-03-20 13:10:54.120 [info] /embeded.embeddedhtml closed
2023-03-20 13:23:01.514 [info] /embeded.embeddedhtml closed
2023-03-20 13:27:17.186 [info] /embeded.embeddedhtml closed
2023-03-20 13:38:36.787 [info] /embeded.embeddedhtml closed
