
PHP Tools server started.
    PID: 123447
    Processing files: *.php; *.phtml

> 1 file system change(s) ...
> Indexing directory 'file:///home/ilya/.config/Code/TransportSecurity' ...
> 1 file system change(s) ...
> Indexing directory 'file:///home/ilya/.config/Code/CachedData/441438abd1ac652551dbe4d408dfcec8a499b8bf/chrome/js/index-dir/the-real-index' ...
> 1 file system change(s) ...
> Indexing directory 'file:///home/ilya/.config/Code/Cache/Cache_Data/index-dir/the-real-index' ...
> 4 file system change(s) ...
> Indexing directory 'file:///home/ilya/.config/Code/Backups/27e5be131206c784765d0a54c3c5645e' ...
> Indexing directory 'file:///home/ilya/.config/Code/Backups/27e5be131206c784765d0a54c3c5645e/file' ...
> Indexing directory 'file:///home/ilya/.config/Code/Backups/27e5be131206c784765d0a54c3c5645e/file/5686394c' ...
> Removed path 'file:///home/ilya/.config/Code/Backups/27e5be131206c784765d0a54c3c5645e/file/5686394c' ...
> 1 file system change(s) ...
> Indexing directory 'file:///home/ilya/.config/Code/GPUCache/data_1' ...
> 1 file system change(s) ...
> Indexing directory 'file:///home/ilya/.config/Code/Cache/Cache_Data/index-dir/the-real-index' ...
> 2 file system change(s) ...
> Indexing directory 'file:///home/ilya/.config/Code/Backups/27e5be131206c784765d0a54c3c5645e/file/5686394c' ...
> Removed path 'file:///home/ilya/.config/Code/Backups/27e5be131206c784765d0a54c3c5645e/file/5686394c' ...
> 1 file system change(s) ...
> Indexing directory 'file:///home/ilya/.config/Code/GPUCache/data_1' ...
> 1 file system change(s) ...
> Indexing directory 'file:///home/ilya/.config/Code/Backups/27e5be131206c784765d0a54c3c5645e/file/5686394c' ...
> 1 file system change(s) ...
> Indexing directory 'file:///home/ilya/.config/Code/Backups/27e5be131206c784765d0a54c3c5645e/file/5686394c' ...
> 1 file system change(s) ...
> Removed path 'file:///home/ilya/.config/Code/Backups/27e5be131206c784765d0a54c3c5645e/file/5686394c' ...
