
PHP Tools server started.
    PID: 34867
    Processing files: *.php; *.phtml

> 2 file system change(s) ...
> Removed path 'file:///home/ilya/app-employee-geo/dist/assets' ...
> Indexing directory 'file:///home/ilya/app-employee-geo/dist/assets' ...
> 1 file system change(s) ...
> Removed path 'file:///home/ilya/app-employee-geo/dist/assets' ...
> 1 file system change(s) ...
> Indexing directory 'file:///home/ilya/app-employee-geo/dist/assets' ...
> 2 file system change(s) ...
> Removed path 'file:///home/ilya/app-employee-geo/dist/assets' ...
> Indexing directory 'file:///home/ilya/app-employee-geo/dist/assets' ...
> 1 file system change(s) ...
> Removed path 'file:///home/ilya/app-employee-geo/dist/assets' ...
> 1 file system change(s) ...
> Indexing directory 'file:///home/ilya/app-employee-geo/dist/assets' ...
> 2 file system change(s) ...
> Removed path 'file:///home/ilya/app-employee-geo/dist/assets' ...
> Indexing directory 'file:///home/ilya/app-employee-geo/dist/assets' ...
> 2 file system change(s) ...
> Removed path 'file:///home/ilya/app-employee-geo/dist/assets' ...
> Indexing directory 'file:///home/ilya/app-employee-geo/dist/assets' ...
> 2 file system change(s) ...
> Removed path 'file:///home/ilya/app-employee-geo/dist/assets' ...
> Indexing directory 'file:///home/ilya/app-employee-geo/dist/assets' ...
> 2 file system change(s) ...
> Removed path 'file:///home/ilya/app-employee-geo/dist/assets' ...
> Indexing directory 'file:///home/ilya/app-employee-geo/dist/assets' ...
> 2 file system change(s) ...
> Removed path 'file:///home/ilya/app-employee-geo/dist/assets' ...
> Indexing directory 'file:///home/ilya/app-employee-geo/dist/assets' ...
> 2 file system change(s) ...
> Removed path 'file:///home/ilya/app-employee-geo/dist/assets' ...
> Indexing directory 'file:///home/ilya/app-employee-geo/dist/assets' ...
> 2 file system change(s) ...
> Removed path 'file:///home/ilya/app-employee-geo/dist/assets' ...
> Indexing directory 'file:///home/ilya/app-employee-geo/dist/assets' ...
> 2 file system change(s) ...
> Removed path 'file:///home/ilya/app-employee-geo/dist/assets' ...
> Indexing directory 'file:///home/ilya/app-employee-geo/dist/assets' ...
> 2 file system change(s) ...
> Removed path 'file:///home/ilya/app-employee-geo/dist/assets' ...
> Indexing directory 'file:///home/ilya/app-employee-geo/dist/assets' ...
> 2 file system change(s) ...
> Removed path 'file:///home/ilya/app-employee-geo/dist/assets' ...
> Indexing directory 'file:///home/ilya/app-employee-geo/dist/assets' ...
> 2 file system change(s) ...
> Removed path 'file:///home/ilya/app-employee-geo/dist/assets' ...
> Indexing directory 'file:///home/ilya/app-employee-geo/dist/assets' ...
> 2 file system change(s) ...
> Removed path 'file:///home/ilya/app-employee-geo/dist/assets' ...
> Indexing directory 'file:///home/ilya/app-employee-geo/dist/assets' ...
> 2 file system change(s) ...
> Removed path 'file:///home/ilya/app-employee-geo/dist/assets' ...
> Indexing directory 'file:///home/ilya/app-employee-geo/dist/assets' ...
> 2 file system change(s) ...
> Removed path 'file:///home/ilya/app-employee-geo/dist/assets' ...
> Indexing directory 'file:///home/ilya/app-employee-geo/dist/assets' ...
> 2 file system change(s) ...
> Removed path 'file:///home/ilya/app-employee-geo/dist/assets' ...
> Indexing directory 'file:///home/ilya/app-employee-geo/dist/assets' ...
> 1 file system change(s) ...
> Removed path 'file:///home/ilya/app-employee-geo/dist/assets' ...
> 1 file system change(s) ...
> Indexing directory 'file:///home/ilya/app-employee-geo/dist/assets' ...
> 2 file system change(s) ...
> Removed path 'file:///home/ilya/app-employee-geo/dist/assets' ...
> Indexing directory 'file:///home/ilya/app-employee-geo/dist/assets' ...
> 2 file system change(s) ...
> Removed path 'file:///home/ilya/app-employee-geo/dist/assets' ...
> Indexing directory 'file:///home/ilya/app-employee-geo/dist/assets' ...
> 1 file system change(s) ...
> Removed path 'file:///home/ilya/app-employee-geo/dist/assets' ...
> 1 file system change(s) ...
> Indexing directory 'file:///home/ilya/app-employee-geo/dist/assets' ...
> 2 file system change(s) ...
> Removed path 'file:///home/ilya/app-employee-geo/dist/assets' ...
> Indexing directory 'file:///home/ilya/app-employee-geo/dist/assets' ...
> 2 file system change(s) ...
> Removed path 'file:///home/ilya/app-employee-geo/dist/assets' ...
> Indexing directory 'file:///home/ilya/app-employee-geo/dist/assets' ...
> 2 file system change(s) ...
> Removed path 'file:///home/ilya/app-employee-geo/dist/assets' ...
> Indexing directory 'file:///home/ilya/app-employee-geo/dist/assets' ...
> 2 file system change(s) ...
> Removed path 'file:///home/ilya/app-employee-geo/dist/assets' ...
> Indexing directory 'file:///home/ilya/app-employee-geo/dist/assets' ...
> 1 file system change(s) ...
> Removed path 'file:///home/ilya/app-employee-geo/dist/assets' ...
> 1 file system change(s) ...
> Indexing directory 'file:///home/ilya/app-employee-geo/dist/assets' ...
> 1 file system change(s) ...
> Removed path 'file:///home/ilya/app-employee-geo/dist/assets' ...
> 1 file system change(s) ...
> Indexing directory 'file:///home/ilya/app-employee-geo/dist/assets' ...
> 1 file system change(s) ...
> Removed path 'file:///home/ilya/app-employee-geo/dist/assets' ...
> 1 file system change(s) ...
> Indexing directory 'file:///home/ilya/app-employee-geo/dist/assets' ...
> 2 file system change(s) ...
> Removed path 'file:///home/ilya/app-employee-geo/dist/assets' ...
> Indexing directory 'file:///home/ilya/app-employee-geo/dist/assets' ...
> 2 file system change(s) ...
> Removed path 'file:///home/ilya/app-employee-geo/dist/assets' ...
> Indexing directory 'file:///home/ilya/app-employee-geo/dist/assets' ...
> 2 file system change(s) ...
> Removed path 'file:///home/ilya/app-employee-geo/dist/assets' ...
> Indexing directory 'file:///home/ilya/app-employee-geo/dist/assets' ...
> 2 file system change(s) ...
> Removed path 'file:///home/ilya/app-employee-geo/dist/assets' ...
> Indexing directory 'file:///home/ilya/app-employee-geo/dist/assets' ...
> 1 file system change(s) ...
> Removed path 'file:///home/ilya/app-employee-geo/dist/assets' ...
> 1 file system change(s) ...
> Indexing directory 'file:///home/ilya/app-employee-geo/dist/assets' ...
> 2 file system change(s) ...
> Removed path 'file:///home/ilya/app-employee-geo/dist/assets' ...
> Indexing directory 'file:///home/ilya/app-employee-geo/dist/assets' ...
> 2 file system change(s) ...
> Removed path 'file:///home/ilya/app-employee-geo/dist/assets' ...
> Indexing directory 'file:///home/ilya/app-employee-geo/dist/assets' ...
> 2 file system change(s) ...
> Removed path 'file:///home/ilya/app-employee-geo/dist/assets' ...
> Indexing directory 'file:///home/ilya/app-employee-geo/dist/assets' ...
> 2 file system change(s) ...
> Removed path 'file:///home/ilya/app-employee-geo/dist/assets' ...
> Indexing directory 'file:///home/ilya/app-employee-geo/dist/assets' ...
> 2 file system change(s) ...
> Removed path 'file:///home/ilya/app-employee-geo/dist/assets' ...
> Indexing directory 'file:///home/ilya/app-employee-geo/dist/assets' ...
> 2 file system change(s) ...
> Removed path 'file:///home/ilya/app-employee-geo/dist/assets' ...
> Indexing directory 'file:///home/ilya/app-employee-geo/dist/assets' ...
> 2 file system change(s) ...
> Removed path 'file:///home/ilya/app-employee-geo/dist/assets' ...
> Indexing directory 'file:///home/ilya/app-employee-geo/dist/assets' ...
> 2 file system change(s) ...
> Removed path 'file:///home/ilya/app-employee-geo/dist/assets' ...
> Indexing directory 'file:///home/ilya/app-employee-geo/dist/assets' ...
