2023-03-31 19:32:40.916 [info] Log level: Info
2023-03-31 19:32:40.916 [info] Validating found git in: "git"
2023-03-31 19:32:40.916 [info] Using git "2.39.2" from "git"
2023-03-31 19:32:40.916 [info] > git rev-parse --show-toplevel [6ms]
2023-03-31 19:32:40.916 [info] > git rev-parse --git-dir --git-common-dir [4ms]
2023-03-31 19:32:40.916 [info] Open repository: /home/ilya/sd-shop-next
2023-03-31 19:32:40.916 [info] > git rev-parse --show-toplevel [23ms]
2023-03-31 19:32:40.916 [info] > git config --get commit.template [24ms]
2023-03-31 19:32:40.916 [info] > git rev-parse --show-toplevel [45ms]
2023-03-31 19:32:40.916 [info] > git rev-parse --show-toplevel [80ms]
2023-03-31 19:32:40.916 [info] > git for-each-ref --format=%(refname)%00%(upstream:short)%00%(objectname)%00%(upstream:track)%00%(upstream:remotename)%00%(upstream:remoteref) refs/heads/main refs/remotes/main [112ms]
2023-03-31 19:32:40.916 [info] > git status -z -uall [105ms]
2023-03-31 19:32:40.916 [info] > git for-each-ref --sort -committerdate --format %(refname) %(objectname) %(*objectname) [78ms]
2023-03-31 19:32:40.916 [info] > git rev-parse --show-toplevel [156ms]
2023-03-31 19:32:40.916 [info] > git rev-parse --show-toplevel [45ms]
2023-03-31 19:32:40.916 [info] > git rev-parse --show-toplevel [56ms]
2023-03-31 19:32:40.917 [info] > git config --get commit.template [82ms]
2023-03-31 19:32:40.917 [info] > git for-each-ref --format=%(refname)%00%(upstream:short)%00%(objectname)%00%(upstream:track)%00%(upstream:remotename)%00%(upstream:remoteref) refs/heads/main refs/remotes/main [2ms]
2023-03-31 19:32:40.917 [info] > git status -z -uall [20ms]
2023-03-31 19:32:40.917 [info] > git for-each-ref --sort -committerdate --format %(refname) %(objectname) %(*objectname) [9ms]
2023-03-31 19:32:40.917 [info] > git check-ignore -v -z --stdin [55ms]
2023-03-31 19:32:41.529 [info] > git check-ignore -v -z --stdin [4ms]
2023-03-31 19:32:42.845 [info] > git show --textconv :src/app/components/CreateScreen.tsx [29ms]
2023-03-31 19:32:42.855 [info] > git ls-files --stage -- /home/ilya/sd-shop-next/src/app/components/CreateScreen.tsx [11ms]
2023-03-31 19:32:42.882 [info] > git cat-file -s fa10f8867077008a605cfa838c661ec34be93832 [6ms]
2023-03-31 19:32:50.389 [info] > git config --get commit.template [16ms]
2023-03-31 19:32:50.389 [info] > git for-each-ref --format=%(refname)%00%(upstream:short)%00%(objectname)%00%(upstream:track)%00%(upstream:remotename)%00%(upstream:remoteref) refs/heads/main refs/remotes/main [2ms]
2023-03-31 19:32:50.419 [info] > git status -z -uall [17ms]
2023-03-31 19:32:50.421 [info] > git for-each-ref --sort -committerdate --format %(refname) %(objectname) %(*objectname) [4ms]
2023-03-31 19:32:50.476 [info] > git ls-files --stage -- /home/ilya/sd-shop-next/src/app/components/CreateScreen.tsx [2ms]
2023-03-31 19:32:50.496 [info] > git cat-file -s 1a0b750c441144d0c3ff5cf6ef3af5f02f2ba2ed [3ms]
2023-03-31 19:32:50.515 [info] > git show --textconv :src/app/components/CreateScreen.tsx [2ms]
2023-03-31 19:33:30.261 [info] > git config --get commit.template [15ms]
2023-03-31 19:33:30.262 [info] > git for-each-ref --format=%(refname)%00%(upstream:short)%00%(objectname)%00%(upstream:track)%00%(upstream:remotename)%00%(upstream:remoteref) refs/heads/main refs/remotes/main [2ms]
2023-03-31 19:33:30.294 [info] > git status -z -uall [19ms]
2023-03-31 19:33:30.296 [info] > git for-each-ref --sort -committerdate --format %(refname) %(objectname) %(*objectname) [3ms]
2023-03-31 19:33:30.381 [info] > git ls-files --stage -- /home/ilya/sd-shop-next/src/app/components/CreateScreen.tsx [2ms]
2023-03-31 19:33:30.394 [info] > git cat-file -s 1a0b750c441144d0c3ff5cf6ef3af5f02f2ba2ed [1ms]
2023-03-31 19:33:30.412 [info] > git show --textconv :src/app/components/CreateScreen.tsx [2ms]
2023-03-31 19:33:44.762 [info] > git config --get commit.template [2ms]
2023-03-31 19:33:44.777 [info] > git for-each-ref --format=%(refname)%00%(upstream:short)%00%(objectname)%00%(upstream:track)%00%(upstream:remotename)%00%(upstream:remoteref) refs/heads/main refs/remotes/main [2ms]
2023-03-31 19:33:44.806 [info] > git status -z -uall [16ms]
2023-03-31 19:33:44.807 [info] > git for-each-ref --sort -committerdate --format %(refname) %(objectname) %(*objectname) [2ms]
2023-03-31 19:33:44.869 [info] > git ls-files --stage -- /home/ilya/sd-shop-next/src/app/components/CreateScreen.tsx [3ms]
2023-03-31 19:33:44.890 [info] > git cat-file -s 1a0b750c441144d0c3ff5cf6ef3af5f02f2ba2ed [2ms]
2023-03-31 19:33:44.907 [info] > git show --textconv :src/app/components/CreateScreen.tsx [2ms]
