2023-03-31 18:55:09.112 [info] Log level: Info
2023-03-31 18:55:09.112 [info] Validating found git in: "git"
2023-03-31 18:55:09.112 [info] Using git "2.39.2" from "git"
2023-03-31 18:55:09.112 [info] > git rev-parse --show-toplevel [61ms]
2023-03-31 18:55:09.112 [info] > git rev-parse --git-dir --git-common-dir [5ms]
2023-03-31 18:55:09.112 [info] Open repository: /home/ilya/app-field-fio
2023-03-31 18:55:09.112 [info] > git rev-parse --show-toplevel [36ms]
2023-03-31 18:55:09.112 [info] > git config --get commit.template [18ms]
2023-03-31 18:55:09.112 [info] > git rev-parse --show-toplevel [38ms]
2023-03-31 18:55:09.113 [info] > git for-each-ref --format=%(refname)%00%(upstream:short)%00%(objectname)%00%(upstream:track)%00%(upstream:remotename)%00%(upstream:remoteref) refs/heads/master refs/remotes/master [34ms]
2023-03-31 18:55:09.113 [info] > git status -z -uall [26ms]
2023-03-31 18:55:09.113 [info] > git rev-parse --show-toplevel [56ms]
2023-03-31 18:55:09.113 [info] > git for-each-ref --sort -committerdate --format %(refname) %(objectname) %(*objectname) [18ms]
2023-03-31 18:55:09.113 [info] > git rev-parse --show-toplevel [28ms]
2023-03-31 18:55:09.113 [info] > git config --get commit.template [36ms]
2023-03-31 18:55:09.113 [info] > git for-each-ref --format=%(refname)%00%(upstream:short)%00%(objectname)%00%(upstream:track)%00%(upstream:remotename)%00%(upstream:remoteref) refs/heads/master refs/remotes/master [11ms]
2023-03-31 18:55:09.113 [info] > git status -z -uall [39ms]
2023-03-31 18:55:09.113 [info] > git for-each-ref --sort -committerdate --format %(refname) %(objectname) %(*objectname) [11ms]
2023-03-31 18:55:09.113 [info] > git check-ignore -v -z --stdin [156ms]
2023-03-31 18:55:11.969 [info] > git check-ignore -v -z --stdin [9ms]
2023-03-31 18:55:12.119 [info] > git show --textconv :src/screens/tabs/Parse.vue [47ms]
2023-03-31 18:55:12.119 [info] > git ls-files --stage -- /home/ilya/app-field-fio/src/screens/tabs/Parse.vue [12ms]
2023-03-31 18:55:12.268 [info] > git cat-file -s 8aaf68a916b54540039ca35d23d1ca904c0883b0 [97ms]
2023-03-31 18:55:13.935 [info] > git show --textconv :src/App.vue [28ms]
2023-03-31 18:55:13.938 [info] > git ls-files --stage -- /home/ilya/app-field-fio/src/App.vue [5ms]
2023-03-31 18:55:13.989 [info] > git cat-file -s cfac8c068be5be6da22378bba244caec2a4f7968 [3ms]
2023-03-31 18:55:31.643 [info] > git show --textconv :src/screens/Field.vue [22ms]
2023-03-31 18:55:31.644 [info] > git ls-files --stage -- /home/ilya/app-field-fio/src/screens/Field.vue [4ms]
2023-03-31 18:55:31.669 [info] > git cat-file -s 664f9a7906bcec04c893c4492344af48b61ba06e [7ms]
2023-03-31 18:56:14.014 [info] > git check-ignore -v -z --stdin [2ms]
2023-03-31 18:56:15.621 [info] > git show --textconv :src/screens/Marketplace.vue [19ms]
2023-03-31 18:56:15.627 [info] > git ls-files --stage -- /home/ilya/app-field-fio/src/screens/Marketplace.vue [8ms]
2023-03-31 18:56:15.644 [info] > git cat-file -s 95388f323c239da5397b322992f446b384407b16 [2ms]
