2023-03-24 18:52:44.576 [info] Log level: Info
2023-03-24 18:52:44.576 [info] Validating found git in: "git"
2023-03-24 18:52:44.576 [info] Using git "2.39.2" from "git"
2023-03-24 18:52:44.576 [info] > git rev-parse --show-toplevel [89ms]
2023-03-24 18:52:44.576 [info] fatal: not a git repository (or any parent up to mount point /)
Stopping at filesystem boundary (GIT_DISCOVERY_ACROSS_FILESYSTEM not set).
2023-03-24 18:52:44.576 [info] > git rev-parse --show-toplevel [51ms]
2023-03-24 18:52:44.576 [info] fatal: not a git repository (or any parent up to mount point /)
Stopping at filesystem boundary (GIT_DISCOVERY_ACROSS_FILESYSTEM not set).
2023-03-24 18:52:44.576 [info] > git rev-parse --show-toplevel [35ms]
2023-03-24 18:52:44.576 [info] fatal: not a git repository (or any parent up to mount point /)
Stopping at filesystem boundary (GIT_DISCOVERY_ACROSS_FILESYSTEM not set).
2023-03-24 18:52:44.576 [info] > git rev-parse --show-toplevel [22ms]
2023-03-24 18:52:44.576 [info] fatal: not a git repository (or any parent up to mount point /)
Stopping at filesystem boundary (GIT_DISCOVERY_ACROSS_FILESYSTEM not set).
2023-03-24 18:52:44.579 [info] > git rev-parse --show-toplevel [7ms]
2023-03-24 18:52:44.579 [info] fatal: not a git repository (or any parent up to mount point /)
Stopping at filesystem boundary (GIT_DISCOVERY_ACROSS_FILESYSTEM not set).
2023-03-24 18:52:44.663 [info] > git rev-parse --show-toplevel [71ms]
2023-03-24 18:52:44.663 [info] fatal: not a git repository (or any parent up to mount point /)
Stopping at filesystem boundary (GIT_DISCOVERY_ACROSS_FILESYSTEM not set).
2023-03-24 18:52:45.269 [info] > git rev-parse --show-toplevel [594ms]
2023-03-24 18:52:45.269 [info] fatal: not a git repository (or any parent up to mount point /)
Stopping at filesystem boundary (GIT_DISCOVERY_ACROSS_FILESYSTEM not set).
2023-03-24 18:52:45.363 [info] > git rev-parse --show-toplevel [79ms]
2023-03-24 18:52:45.363 [info] fatal: not a git repository (or any parent up to mount point /)
Stopping at filesystem boundary (GIT_DISCOVERY_ACROSS_FILESYSTEM not set).
2023-03-24 18:52:45.408 [info] > git rev-parse --show-toplevel [25ms]
2023-03-24 18:52:45.408 [info] fatal: not a git repository (or any parent up to mount point /)
Stopping at filesystem boundary (GIT_DISCOVERY_ACROSS_FILESYSTEM not set).
2023-03-24 18:52:45.429 [info] > git rev-parse --show-toplevel [3ms]
2023-03-24 18:52:45.429 [info] fatal: not a git repository (or any parent up to mount point /)
Stopping at filesystem boundary (GIT_DISCOVERY_ACROSS_FILESYSTEM not set).
2023-03-24 18:52:45.451 [info] > git rev-parse --show-toplevel [6ms]
2023-03-24 18:52:45.451 [info] fatal: not a git repository (or any parent up to mount point /)
Stopping at filesystem boundary (GIT_DISCOVERY_ACROSS_FILESYSTEM not set).
2023-03-24 18:52:45.513 [info] > git rev-parse --show-toplevel [45ms]
2023-03-24 18:52:45.513 [info] fatal: not a git repository (or any parent up to mount point /)
Stopping at filesystem boundary (GIT_DISCOVERY_ACROSS_FILESYSTEM not set).
2023-03-24 18:52:45.536 [info] > git rev-parse --show-toplevel [6ms]
2023-03-24 18:52:45.536 [info] fatal: not a git repository (or any parent up to mount point /)
Stopping at filesystem boundary (GIT_DISCOVERY_ACROSS_FILESYSTEM not set).
2023-03-24 18:52:45.560 [info] > git rev-parse --show-toplevel [4ms]
2023-03-24 18:52:45.560 [info] fatal: not a git repository (or any parent up to mount point /)
Stopping at filesystem boundary (GIT_DISCOVERY_ACROSS_FILESYSTEM not set).
2023-03-24 18:52:45.585 [info] > git rev-parse --show-toplevel [5ms]
2023-03-24 18:52:45.585 [info] fatal: not a git repository (or any parent up to mount point /)
Stopping at filesystem boundary (GIT_DISCOVERY_ACROSS_FILESYSTEM not set).
2023-03-24 18:52:45.615 [info] > git rev-parse --show-toplevel [10ms]
2023-03-24 18:52:45.615 [info] fatal: not a git repository (or any parent up to mount point /)
Stopping at filesystem boundary (GIT_DISCOVERY_ACROSS_FILESYSTEM not set).
2023-03-24 18:52:45.654 [info] > git rev-parse --show-toplevel [16ms]
2023-03-24 18:52:45.654 [info] fatal: not a git repository (or any parent up to mount point /)
Stopping at filesystem boundary (GIT_DISCOVERY_ACROSS_FILESYSTEM not set).
2023-03-24 18:52:45.695 [info] > git rev-parse --show-toplevel [23ms]
2023-03-24 18:52:45.695 [info] fatal: not a git repository (or any parent up to mount point /)
Stopping at filesystem boundary (GIT_DISCOVERY_ACROSS_FILESYSTEM not set).
2023-03-24 18:52:45.730 [info] > git rev-parse --show-toplevel [7ms]
2023-03-24 18:52:45.730 [info] fatal: not a git repository (or any parent up to mount point /)
Stopping at filesystem boundary (GIT_DISCOVERY_ACROSS_FILESYSTEM not set).
2023-03-24 18:52:45.757 [info] > git rev-parse --show-toplevel [7ms]
2023-03-24 18:52:45.757 [info] fatal: not a git repository (or any parent up to mount point /)
Stopping at filesystem boundary (GIT_DISCOVERY_ACROSS_FILESYSTEM not set).
2023-03-24 18:52:45.780 [info] > git rev-parse --show-toplevel [4ms]
2023-03-24 18:52:45.780 [info] fatal: not a git repository (or any parent up to mount point /)
Stopping at filesystem boundary (GIT_DISCOVERY_ACROSS_FILESYSTEM not set).
2023-03-24 18:52:45.868 [info] > git rev-parse --show-toplevel [63ms]
2023-03-24 18:52:45.868 [info] fatal: not a git repository (or any parent up to mount point /)
Stopping at filesystem boundary (GIT_DISCOVERY_ACROSS_FILESYSTEM not set).
2023-03-24 18:52:45.906 [info] > git rev-parse --show-toplevel [14ms]
2023-03-24 18:52:45.906 [info] fatal: not a git repository (or any parent up to mount point /)
Stopping at filesystem boundary (GIT_DISCOVERY_ACROSS_FILESYSTEM not set).
2023-03-24 18:52:45.927 [info] > git rev-parse --show-toplevel [3ms]
2023-03-24 18:52:45.927 [info] fatal: not a git repository (or any parent up to mount point /)
Stopping at filesystem boundary (GIT_DISCOVERY_ACROSS_FILESYSTEM not set).
2023-03-24 18:52:45.949 [info] > git rev-parse --show-toplevel [4ms]
2023-03-24 18:52:45.949 [info] fatal: not a git repository (or any parent up to mount point /)
Stopping at filesystem boundary (GIT_DISCOVERY_ACROSS_FILESYSTEM not set).
2023-03-24 18:52:45.972 [info] > git rev-parse --show-toplevel [4ms]
2023-03-24 18:52:45.972 [info] fatal: not a git repository (or any parent up to mount point /)
Stopping at filesystem boundary (GIT_DISCOVERY_ACROSS_FILESYSTEM not set).
2023-03-24 18:52:45.993 [info] > git rev-parse --show-toplevel [3ms]
2023-03-24 18:52:45.993 [info] fatal: not a git repository (or any parent up to mount point /)
Stopping at filesystem boundary (GIT_DISCOVERY_ACROSS_FILESYSTEM not set).
2023-03-24 18:52:46.017 [info] > git rev-parse --show-toplevel [2ms]
2023-03-24 18:52:46.017 [info] fatal: not a git repository (or any parent up to mount point /)
Stopping at filesystem boundary (GIT_DISCOVERY_ACROSS_FILESYSTEM not set).
2023-03-24 18:52:46.042 [info] > git rev-parse --show-toplevel [5ms]
2023-03-24 18:52:46.042 [info] fatal: not a git repository (or any parent up to mount point /)
Stopping at filesystem boundary (GIT_DISCOVERY_ACROSS_FILESYSTEM not set).
2023-03-24 18:52:46.064 [info] > git rev-parse --show-toplevel [4ms]
2023-03-24 18:52:46.064 [info] fatal: not a git repository (or any parent up to mount point /)
Stopping at filesystem boundary (GIT_DISCOVERY_ACROSS_FILESYSTEM not set).
2023-03-24 18:52:46.085 [info] > git rev-parse --show-toplevel [3ms]
2023-03-24 18:52:46.085 [info] fatal: not a git repository (or any parent up to mount point /)
Stopping at filesystem boundary (GIT_DISCOVERY_ACROSS_FILESYSTEM not set).
2023-03-24 18:52:46.105 [info] > git rev-parse --show-toplevel [0ms]
2023-03-24 18:52:46.105 [info] fatal: not a git repository (or any parent up to mount point /)
Stopping at filesystem boundary (GIT_DISCOVERY_ACROSS_FILESYSTEM not set).
2023-03-24 18:52:46.131 [info] > git rev-parse --show-toplevel [4ms]
2023-03-24 18:52:46.131 [info] fatal: not a git repository (or any parent up to mount point /)
Stopping at filesystem boundary (GIT_DISCOVERY_ACROSS_FILESYSTEM not set).
2023-03-24 18:52:46.153 [info] > git rev-parse --show-toplevel [1ms]
2023-03-24 18:52:46.153 [info] fatal: not a git repository (or any parent up to mount point /)
Stopping at filesystem boundary (GIT_DISCOVERY_ACROSS_FILESYSTEM not set).
2023-03-24 18:52:46.177 [info] > git rev-parse --show-toplevel [5ms]
2023-03-24 18:52:46.177 [info] fatal: not a git repository (or any parent up to mount point /)
Stopping at filesystem boundary (GIT_DISCOVERY_ACROSS_FILESYSTEM not set).
2023-03-24 18:52:46.203 [info] > git rev-parse --show-toplevel [3ms]
2023-03-24 18:52:46.203 [info] fatal: not a git repository (or any parent up to mount point /)
Stopping at filesystem boundary (GIT_DISCOVERY_ACROSS_FILESYSTEM not set).
2023-03-24 18:52:46.223 [info] > git rev-parse --show-toplevel [4ms]
2023-03-24 18:52:46.223 [info] fatal: not a git repository (or any parent up to mount point /)
Stopping at filesystem boundary (GIT_DISCOVERY_ACROSS_FILESYSTEM not set).
2023-03-24 18:52:46.246 [info] > git rev-parse --show-toplevel [2ms]
2023-03-24 18:52:46.246 [info] fatal: not a git repository (or any parent up to mount point /)
Stopping at filesystem boundary (GIT_DISCOVERY_ACROSS_FILESYSTEM not set).
2023-03-24 18:52:46.277 [info] > git rev-parse --show-toplevel [5ms]
2023-03-24 18:52:46.277 [info] fatal: not a git repository (or any parent up to mount point /)
Stopping at filesystem boundary (GIT_DISCOVERY_ACROSS_FILESYSTEM not set).
2023-03-24 18:52:48.177 [info] > git rev-parse --show-toplevel [5ms]
2023-03-24 18:52:48.177 [info] fatal: not a git repository (or any parent up to mount point /)
Stopping at filesystem boundary (GIT_DISCOVERY_ACROSS_FILESYSTEM not set).
