2023-03-20 16:44:15.465 [info] Configuration changed
2023-03-20 16:44:16.152 [info] Configuration changed
2023-03-20 16:44:17.488 [info] Configuration changed
2023-03-20 16:44:18.329 [info] Configuration changed
2023-03-20 16:44:26.567 [info] Active editor: file:///home/ilya/app-field-fio/src/screens/tabs/Parse.vue
2023-03-20 16:44:26.943 [info] Active editor: file:///home/ilya/app-field-fio/src/screens/Field.vue
2023-03-20 16:47:54.768 [info] Active editor: file:///home/ilya/app-field-fio/src/bitrix.ts
2023-03-20 17:19:12.433 [info] Active editor: file:///home/ilya/app-field-fio/src/screens/Field.vue
2023-03-20 17:39:38.431 [info] Active editor: file:///home/ilya/app-field-fio/src/screens/Marketplace.vue
2023-03-20 17:42:34.155 [info] Active editor: file:///home/ilya/app-field-fio/src/screens/Field.vue
2023-03-20 17:45:04.217 [info] /home/ilya/app-field-fio/src/screens/Field.vue closed
2023-03-20 17:45:04.219 [info] /home/ilya/app-field-fio/src/screens/Field.vue.git closed
2023-03-20 17:45:04.246 [info] Active editor: file:///home/ilya/app-field-fio/src/screens/Marketplace.vue
2023-03-20 17:45:05.291 [info] Active editor: file:///home/ilya/app-field-fio/src/screens/Field.vue
2023-03-20 17:48:49.138 [info] Active editor: file:///home/ilya/app-field-fio/src/main.ts
2023-03-20 17:48:49.550 [info] /home/ilya/app-field-fio/src/main.ts closed
2023-03-20 17:48:49.551 [info] /home/ilya/app-field-fio/src/main.ts.git closed
2023-03-20 17:48:49.584 [info] Active editor: file:///home/ilya/app-field-fio/src/bx24-api.d.ts
2023-03-20 17:49:18.573 [info] Active editor: file:///home/ilya/app-field-fio/src/vueuse.d.ts
2023-03-20 17:49:29.960 [info] Active editor: file:///home/ilya/app-field-fio/src/screens/Field.vue
2023-03-20 17:49:32.586 [info] Active editor: file:///home/ilya/app-field-fio/src/vueuse.d.ts
2023-03-20 17:49:34.158 [info] /home/ilya/app-field-fio/src/vueuse.d.ts closed
2023-03-20 17:49:34.160 [info] /home/ilya/app-field-fio/src/vueuse.d.ts.git closed
2023-03-20 17:49:34.166 [info] Active editor: file:///home/ilya/app-field-fio/src/screens/Field.vue
2023-03-20 17:49:48.132 [info] Active editor: file:///home/ilya/app-field-fio/src/screens/Marketplace.vue
2023-03-20 17:49:48.934 [info] Active editor: file:///home/ilya/app-field-fio/src/screens/tabs/Parse.vue
2023-03-20 17:50:15.221 [info] /home/ilya/app-field-fio/node_modules/@vue/runtime-dom/dist/runtime-dom.d.ts closed
2023-03-20 17:50:15.450 [info] /home/ilya/app-field-fio/node_modules/@vue/runtime-dom/dist/runtime-dom.d.ts closed
2023-03-20 17:51:14.925 [info] /home/ilya/app-field-fio/node_modules/@sknebo/bitrix-js/build/main/bitrix.d.ts closed
2023-03-20 17:51:15.016 [info] /home/ilya/app-field-fio/node_modules/@sknebo/bitrix-js/build/main/bitrix.d.ts closed
2023-03-20 17:52:19.297 [info] /home/ilya/app-field-fio/tsconfig.json closed
2023-03-20 17:55:01.043 [info] Active editor: file:///home/ilya/app-field-fio/src/screens/Marketplace.vue
2023-03-20 18:02:38.179 [info] /home/ilya/app-field-fio/node_modules/@sknebo/bitrix-js/build/main/bitrix.d.ts closed
2023-03-20 18:02:40.106 [info] Active editor: file:///home/ilya/app-field-fio/src/screens/tabs/Parse.vue
2023-03-20 18:03:45.945 [info] Active editor: file:///home/ilya/app-field-fio/src/screens/Marketplace.vue
2023-03-20 18:04:24.856 [info] Active editor: file:///home/ilya/app-field-fio/src/screens/Field.vue
2023-03-20 18:05:01.869 [info] Active editor: file:///home/ilya/app-field-fio/src/screens/tabs/Parse.vue
2023-03-20 18:05:07.592 [info] Active editor: file:///home/ilya/app-field-fio/src/screens/Field.vue
2023-03-20 18:05:13.324 [info] Active editor: file:///home/ilya/app-field-fio/src/screens/Marketplace.vue
2023-03-20 18:05:15.450 [info] Active editor: file:///home/ilya/app-field-fio/src/screens/tabs/Parse.vue
2023-03-20 18:05:42.204 [info] Active editor: file:///home/ilya/app-field-fio/src/screens/Marketplace.vue
2023-03-20 18:06:01.048 [info] Active editor: file:///home/ilya/app-field-fio/src/screens/tabs/Parse.vue
2023-03-20 18:11:55.935 [info] Active editor: file:///home/ilya/app-field-fio/src/screens/Marketplace.vue
2023-03-20 18:12:11.970 [info] Active editor: file:///home/ilya/app-field-fio/src/screens/tabs/Parse.vue
2023-03-20 18:12:14.864 [info] Active editor: file:///home/ilya/app-field-fio/src/screens/Marketplace.vue
2023-03-20 18:12:53.899 [info] Active editor: file:///home/ilya/app-field-fio/src/screens/tabs/Parse.vue
2023-03-20 18:14:32.642 [info] /home/ilya/.config/Code/Workspaces/1679325273296/workspace.json closed
2023-03-20 18:15:13.263 [info] /home/ilya/app-field-fio/src/bx24-api.d.ts closed
2023-03-20 18:15:13.266 [info] /home/ilya/app-field-fio/src/bx24-api.d.ts.git closed
2023-03-20 18:15:14.290 [info] Active editor: ssh://bitrix/home/bitrix/www/local/modules/nebo.logger/lib/Event.php
2023-03-20 18:16:10.966 [info] /home/bitrix/www/local/modules/nebo.logger/lib/Event.php closed
2023-03-20 18:16:10.998 [info] Active editor: file:///home/ilya/app-field-fio/src/screens/tabs/Parse.vue
2023-03-20 18:26:33.568 [info] Active editor: file:///home/ilya/app-field-fio/src/screens/Field.vue
2023-03-20 18:27:28.399 [info] Active editor: file:///home/ilya/app-field-fio/src/App.vue
2023-03-20 18:27:28.941 [info] Active editor: file:///home/ilya/app-field-fio/src/screens/Marketplace.vue
2023-03-20 18:33:44.712 [info] Active editor: file:///home/ilya/app-field-fio/src/screens/tabs/Parse.vue
2023-03-20 19:04:14.403 [info] /home/ilya/app-field-fio/node_modules/@vue/reactivity/dist/reactivity.d.ts closed
2023-03-20 20:16:25.828 [info] Active editor: file:///home/ilya/app-field-fio/src/screens/Field.vue
2023-03-20 20:18:03.184 [info] /home/ilya/app-field-fio/node_modules/@sknebo/bitrix-js/build/main/bitrix.d.ts closed
2023-03-20 20:31:29.983 [info] Active editor: file:///home/ilya/app-field-fio/src/bitrix.ts
2023-03-20 20:35:09.806 [info] Active editor: file:///home/ilya/app-field-fio/src/App.vue
2023-03-20 20:35:10.746 [info] Active editor: file:///home/ilya/app-field-fio/src/screens/Marketplace.vue
2023-03-21 21:15:34.566 [info] Active editor: file:///home/ilya/app-field-fio/src/screens/tabs/Parse.vue
2023-03-21 21:47:38.577 [info] /usr/share/code/resources/app/extensions/node_modules/typescript/lib/lib.es2015.collection.d.ts closed
