2023-03-30 14:52:01.976 [info] Log level: Info
2023-03-30 14:52:01.976 [info] Validating found git in: "git"
2023-03-30 14:52:01.976 [info] Using git "2.39.2" from "git"
2023-03-30 14:52:01.976 [info] > git rev-parse --show-toplevel [11ms]
2023-03-30 14:52:01.978 [info] > git rev-parse --git-dir --git-common-dir [9ms]
2023-03-30 14:52:01.999 [info] Open repository: /home/ilya/app-employee-geo
2023-03-30 14:52:02.033 [info] > git rev-parse --show-toplevel [13ms]
2023-03-30 14:52:02.047 [info] > git rev-parse --show-toplevel [6ms]
2023-03-30 14:52:02.056 [info] > git config --get commit.template [24ms]
2023-03-30 14:52:02.059 [info] > git rev-parse --show-toplevel [4ms]
2023-03-30 14:52:02.070 [info] > git for-each-ref --format=%(refname)%00%(upstream:short)%00%(objectname)%00%(upstream:track)%00%(upstream:remotename)%00%(upstream:remoteref) refs/heads/master refs/remotes/master [2ms]
2023-03-30 14:52:02.093 [info] > git status -z -uall [13ms]
2023-03-30 14:52:02.095 [info] > git for-each-ref --sort -committerdate --format %(refname) %(objectname) %(*objectname) [5ms]
2023-03-30 14:52:02.127 [info] > git config --get commit.template [7ms]
2023-03-30 14:52:02.143 [info] > git for-each-ref --format=%(refname)%00%(upstream:short)%00%(objectname)%00%(upstream:track)%00%(upstream:remotename)%00%(upstream:remoteref) refs/heads/master refs/remotes/master [3ms]
2023-03-30 14:52:02.166 [info] > git status -z -uall [13ms]
2023-03-30 14:52:02.168 [info] > git for-each-ref --sort -committerdate --format %(refname) %(objectname) %(*objectname) [3ms]
2023-03-30 14:52:02.539 [info] > git check-ignore -v -z --stdin [4ms]
2023-03-30 14:52:11.023 [info] > git check-ignore -v -z --stdin [13ms]
2023-03-30 14:52:13.968 [info] > git check-ignore -v -z --stdin [2ms]
2023-03-30 14:52:15.481 [info] > git check-ignore -v -z --stdin [2ms]
2023-03-30 14:52:16.354 [info] > git show --textconv :src/screens/AdminScreen.vue [35ms]
2023-03-30 14:52:16.363 [info] > git ls-files --stage -- /home/ilya/app-employee-geo/src/screens/AdminScreen.vue [13ms]
2023-03-30 14:52:16.398 [info] > git cat-file -s be478f25089c11fc7b216cc66154f5a63f1b8a10 [6ms]
2023-03-30 14:52:28.654 [info] > git show --textconv :src/screens/MapScreen.vue [63ms]
2023-03-30 14:52:28.655 [info] > git ls-files --stage -- /home/ilya/app-employee-geo/src/screens/MapScreen.vue [7ms]
2023-03-30 14:52:28.699 [info] > git cat-file -s 23eef74816981fbe1d40e97a5b364aff41e10834 [11ms]
2023-03-30 14:53:21.438 [info] > git config --get commit.template [4ms]
2023-03-30 14:53:21.466 [info] > git for-each-ref --format=%(refname)%00%(upstream:short)%00%(objectname)%00%(upstream:track)%00%(upstream:remotename)%00%(upstream:remoteref) refs/heads/master refs/remotes/master [10ms]
2023-03-30 14:53:21.514 [info] > git status -z -uall [25ms]
2023-03-30 14:53:21.517 [info] > git for-each-ref --sort -committerdate --format %(refname) %(objectname) %(*objectname) [6ms]
