2023-03-30 15:41:55.791 [info] Deleted from disk bradlc.vscode-tailwindcss /home/ilya/.vscode/extensions/bradlc.vscode-tailwindcss-0.9.9
2023-03-30 15:41:55.794 [info] Deleted from disk catppuccin.catppuccin-vsc /home/ilya/.vscode/extensions/catppuccin.catppuccin-vsc-2.6.1
2023-03-30 15:41:55.917 [info] Deleted from disk devsense.composer-php-vscode /home/ilya/.vscode/extensions/devsense.composer-php-vscode-1.31.12821
2023-03-30 15:41:55.917 [info] Deleted from disk devsense.profiler-php-vscode /home/ilya/.vscode/extensions/devsense.profiler-php-vscode-1.31.12821
2023-03-30 15:41:55.928 [info] Deleted from disk devsense.phptools-vscode /home/ilya/.vscode/extensions/devsense.phptools-vscode-1.31.12821-linux-x64
2023-03-30 15:41:56.025 [info] Starting worker process with pid 14924 (type: fileWatcher, window: 1).
2023-03-30 15:41:56.409 [info] Deleted from disk kelvin.vscode-sshfs /home/ilya/.vscode/extensions/kelvin.vscode-sshfs-1.25.0
2023-03-30 15:41:56.617 [info] Deleted from disk prisma.prisma /home/ilya/.vscode/extensions/prisma.prisma-4.11.0
2023-03-30 15:41:59.544 [error] [uncaught exception in sharedProcess]: Channel name 'extensionRecommendationNotification' timed out after 1000ms
2023-03-31 11:00:57.747 [info] Starting worker process with pid 34017 (type: fileWatcher, window: 3).
2023-03-31 11:01:03.688 [info] Getting Manifest... catppuccin.catppuccin-vsc
2023-03-31 11:01:04.501 [info] Installing extension: catppuccin.catppuccin-vsc
2023-03-31 11:01:08.435 [info] Extension signature verification: catppuccin.catppuccin-vsc. Verification status: Verified.
2023-03-31 11:01:08.463 [info] Extracted extension to /home/ilya/.vscode/extensions/.5ac6d816-0cf5-471f-8306-b2a63e6518d9: catppuccin.catppuccin-vsc
2023-03-31 11:01:08.469 [info] Renamed to /home/ilya/.vscode/extensions/catppuccin.catppuccin-vsc-2.6.3
2023-03-31 11:01:08.470 [info] Extracting completed. catppuccin.catppuccin-vsc
2023-03-31 11:01:08.485 [info] Extension installed successfully: catppuccin.catppuccin-vsc
2023-03-31 11:01:08.505 [info] Marked extension as uninstalled catppuccin.catppuccin-vsc-2.6.2
2023-03-31 11:01:58.492 [info] Worker process with pid 34017 terminated normally (type: fileWatcher, window: 3).
2023-03-31 11:01:59.372 [info] Starting worker process with pid 34366 (type: fileWatcher, window: 3).
2023-03-31 11:39:25.665 [info] Worker process with pid 34366 terminated normally (type: fileWatcher, window: 3).
2023-03-31 11:46:31.651 [info] Starting worker process with pid 38039 (type: fileWatcher, window: 4).
2023-03-31 13:32:47.109 [info] Worker process with pid 38039 terminated normally (type: fileWatcher, window: 4).
