
PHP Tools server started.
    PID: 24433
    Processing files: *.php; *.phtml

> 2 file system change(s) ...
> Removed path 'file:///home/ilya/app-field-fio/dist/assets' ...
> Indexing directory 'file:///home/ilya/app-field-fio/dist/assets' ...
> 2 file system change(s) ...
> Removed path 'file:///home/ilya/app-field-fio/dist/assets' ...
> Indexing directory 'file:///home/ilya/app-field-fio/dist/assets' ...
> 2 file system change(s) ...
> Removed path 'file:///home/ilya/app-field-fio/dist/assets' ...
> Indexing directory 'file:///home/ilya/app-field-fio/dist/assets' ...
> 2 file system change(s) ...
> Removed path 'file:///home/ilya/app-field-fio/dist/assets' ...
> Indexing directory 'file:///home/ilya/app-field-fio/dist/assets' ...
> 2 file system change(s) ...
> Removed path 'file:///home/ilya/app-field-fio/dist/assets' ...
> Indexing directory 'file:///home/ilya/app-field-fio/dist/assets' ...
> 2 file system change(s) ...
> Removed path 'file:///home/ilya/app-field-fio/dist/assets' ...
> Indexing directory 'file:///home/ilya/app-field-fio/dist/assets' ...
> 2 file system change(s) ...
> Removed path 'file:///home/ilya/app-field-fio/dist/assets' ...
> Indexing directory 'file:///home/ilya/app-field-fio/dist/assets' ...
> 2 file system change(s) ...
> Removed path 'file:///home/ilya/app-field-fio/dist/assets' ...
> Indexing directory 'file:///home/ilya/app-field-fio/dist/assets' ...
> 2 file system change(s) ...
> Removed path 'file:///home/ilya/app-field-fio/dist/assets' ...
> Indexing directory 'file:///home/ilya/app-field-fio/dist/assets' ...
> 2 file system change(s) ...
> Removed path 'file:///home/ilya/app-field-fio/dist/assets' ...
> Indexing directory 'file:///home/ilya/app-field-fio/dist/assets' ...
