2023-03-20 16:44:12.926 [info] Log level: Info
2023-03-20 16:44:12.926 [info] Validating found git in: "git"
2023-03-20 16:44:12.963 [info] Using git "2.39.2" from "git"
2023-03-20 16:44:12.989 [info] > git rev-parse --show-toplevel [9ms]
2023-03-20 16:44:13.039 [info] > git rev-parse --git-dir --git-common-dir [11ms]
2023-03-20 16:44:13.070 [info] Open repository: /home/ilya/test-selfieid
2023-03-20 16:44:13.130 [info] > git rev-parse --show-toplevel [19ms]
2023-03-20 16:44:13.174 [info] > git rev-parse --show-toplevel [23ms]
2023-03-20 16:44:13.192 [info] > git config --get commit.template [64ms]
2023-03-20 16:44:13.194 [info] > git rev-parse --show-toplevel [4ms]
2023-03-20 16:44:13.223 [info] > git rev-parse --show-toplevel [16ms]
2023-03-20 16:44:13.234 [info] > git for-each-ref --format=%(refname)%00%(upstream:short)%00%(objectname)%00%(upstream:track)%00%(upstream:remotename)%00%(upstream:remoteref) refs/heads/master refs/remotes/master [15ms]
2023-03-20 16:44:13.271 [info] > git status -z -uall [19ms]
2023-03-20 16:44:13.274 [info] > git rev-parse --show-toplevel [40ms]
2023-03-20 16:44:13.275 [info] > git for-each-ref --sort -committerdate --format %(refname) %(objectname) %(*objectname) [7ms]
2023-03-20 16:44:13.316 [info] > git config --get commit.template [10ms]
2023-03-20 16:44:13.332 [info] > git for-each-ref --format=%(refname)%00%(upstream:short)%00%(objectname)%00%(upstream:track)%00%(upstream:remotename)%00%(upstream:remoteref) refs/heads/master refs/remotes/master [2ms]
2023-03-20 16:44:13.360 [info] > git status -z -uall [16ms]
2023-03-20 16:44:13.364 [info] > git for-each-ref --sort -committerdate --format %(refname) %(objectname) %(*objectname) [5ms]
2023-03-20 16:44:13.666 [info] > git check-ignore -v -z --stdin [6ms]
