2023-03-31 11:46:33.591 [info] Log level: Info
2023-03-31 11:46:33.591 [info] Validating found git in: "git"
2023-03-31 11:46:33.591 [info] Using git "2.39.2" from "git"
2023-03-31 11:46:33.591 [info] > git rev-parse --show-toplevel [9ms]
2023-03-31 11:46:33.591 [info] fatal: not a git repository (or any parent up to mount point /)
Stopping at filesystem boundary (GIT_DISCOVERY_ACROSS_FILESYSTEM not set).
2023-03-31 11:46:33.591 [info] > git rev-parse --show-toplevel [7ms]
2023-03-31 11:46:33.591 [info] fatal: not a git repository (or any parent up to mount point /)
Stopping at filesystem boundary (GIT_DISCOVERY_ACROSS_FILESYSTEM not set).
2023-03-31 11:46:33.591 [info] > git rev-parse --show-toplevel [5ms]
2023-03-31 11:46:33.591 [info] fatal: not a git repository (or any parent up to mount point /)
Stopping at filesystem boundary (GIT_DISCOVERY_ACROSS_FILESYSTEM not set).
2023-03-31 11:46:34.632 [info] > git rev-parse --show-toplevel [4ms]
2023-03-31 11:46:34.632 [info] fatal: not a git repository (or any parent up to mount point /)
Stopping at filesystem boundary (GIT_DISCOVERY_ACROSS_FILESYSTEM not set).
2023-03-31 11:46:36.068 [info] > git rev-parse --show-toplevel [7ms]
2023-03-31 11:46:36.068 [info] fatal: not a git repository (or any parent up to mount point /)
Stopping at filesystem boundary (GIT_DISCOVERY_ACROSS_FILESYSTEM not set).
2023-03-31 11:46:36.610 [info] > git rev-parse --show-toplevel [6ms]
2023-03-31 11:46:36.610 [info] fatal: not a git repository (or any parent up to mount point /)
Stopping at filesystem boundary (GIT_DISCOVERY_ACROSS_FILESYSTEM not set).
