[220932][1678279794798][main][info]["Booting Postman 10.11.1, linux-6.1.13-200.fc37.x86_64 on x64"]
[220932][1678279794803][main][info]["EventBus~initialize - Success"]
[220932][1678279794807][main][info]["Proxy configuration has not been setup"]
[220932][1678279794808][main][info]["CloudProxyManager~init - Success"]
[220932][1678279794816][main][info]["performShellDataMigration: Starting shell data migration"]
[220932][1678279794817][main][info]["migrateShellData:Starting"]
[220932][1678279794845][main][info]["migrateShellData: Old storage cleaned up"]
[220932][1678279795094][main][info]["migrateShellData: Got data from shell. Writing to storage"]
[220932][1678279795107][main][info]["performShellDataMigration: Migration successful on try count 1"]
[220932][1678279795126][main][info]["UpdateHandler~init - Success"]
[220932][1678279795130][main][info]["LeaderSelection: Initialized successfully"]
[220932][1678279795132][main][info]["VersionDependencyService: Initialized successfully"]
[220932][1678279795152][main][info]["Generated root certificate for linux"]
[220932][1678279795156][main][info]["LinuxAutoUpdater~Cleanup - Initial cleanup successful"]
[220932][1678279795165][main][error]["Error encountered while creating root CA",{"name":"Error","message":"Could not find openssl on your system on this path: openssl","stack":"Error: Could not find openssl on your system on this path: openssl\n    at /home/ilya/.apps/Postman/app/resources/app/node_modules/pem/lib/openssl.js:237:23"}]
[220932][1678279795166][main][error]["Error generating rootCA certificate for HTTPS proxy",{"name":"Error","message":"Could not find openssl on your system on this path: openssl","stack":"Error: Could not find openssl on your system on this path: openssl\n    at /home/ilya/.apps/Postman/app/resources/app/node_modules/pem/lib/openssl.js:237:23"}]
[220932][1678279795191][main][info]["GPU detected VID 4098 DID 5592 ACTIVE true"]
[220932][1678279795222][main][info]["shellController~init: Success"]
[220932][1678279795231][main][info]["shellMeta~init: Success"]
[220932][1678279795231][main][info]["partitionMigrationService: State of V7 partition:"]
[220932][1678279795232][main][info]["partitionMigrationService: V7 partitions",[]]
[220932][1678279795232][main][info]["partitionMigrationService~rectifyNamespaceOfScratchPadPartition: There is no partition with scratchpad namespace"]
[220932][1678279795232][main][info]["partitionMigrationService~rectifyNamespaceOfScratchPadPartition: There is no transit partition which could have been used for scratchpad"]
[220932][1678279795233][main][info]["partitionMigrationService~init: Success"]
[220932][1678279795243][main][info]["partitionMigrationService~runV8PartitionsIntegrity: Two way migration~ removing the following partitions from v8",[]]
[220932][1678279795254][main][info]["userPartitionService~_rectifyTheActivePartitionOfApplication: Setting the active partition to ",null]
[220932][1678279795269][main][info]["userPartitionService~init: Success"]
[220932][1678279795297][main][info]["userPartitionService: State of v8 partition system:"]
[220932][1678279795304][main][info]["shell~init~getPartitionToLoad: loading scratchpad partition"]
[220932][1678279795307][main][info]["userPartitionService: List of partitions:",[]]
[220932][1678279795307][main][info]["userPartitionService: users global meta:",{}]
[220932][1678279798293][main][info]["RuntimeIPCAgent~started: Success"]
[220932][1678279799227][main][info]["UpdateHandler~app-update-events - Received event",{"name":"checkForElectronVersionUpdated","namespace":"appUpdate"}]
[220932][1678279799255][main][info]["windowManager: First requester booted successfully."]
[220932][1678279799255][main][info]["windowManager~restoreWindows: Restoring requester windows"]
[220932][1678279799256][main][info]["Main~AppEvents - Received booted event for process requester.Version undefined UI Version: undefined Desktop Platform Version: 10.11.1"]
[220932][1678279802164][main][info]["VersionDependencyService: Resetting UI version as user logged out/switched account"]
[220932][1678279802164][main][info]["Main - model-events~user - (users, add) received"]
[220932][1678279802765][main][warn]["AuthHandler~open: Current app is not default protocol client - Falling back to polling mechanism."]
[220932][1678279819379][main][info]["Shell~init~loginUser: associating the user ","21754194"," with transit partition"]
[220932][1678279819421][main][info]["userPartitionService~associateTransitPartition: ",{"partitionId":"9ea5e4df-2b02-400b-a664-f2d645a90333","context":{"namespace":"users","userId":"21754194","teamId":"0"}}]
[220932][1678279819456][main][info]["userPartitionService: State of v8 partition system:"]
[220932][1678279819467][main][info]["userPartitionService: List of partitions:",[{"partitionId":"9ea5e4df-2b02-400b-a664-f2d645a90333","namespace":"users","userId":"21754194","teamId":"0","lastUpdated":"2023-03-08T12:50:19.421Z"},{"partitionId":"188bd52a-8eb6-4a70-99fa-fe6b0c0cfd17","namespace":"scratchPad","userId":0,"teamId":0,"isDirty":false}]]
[220932][1678279819468][main][info]["userPartitionService: users global meta:",{}]
[220932][1678279824021][main][info]["UpdateHandler~app-update-events - Received event",{"name":"checkForElectronVersionUpdated","namespace":"appUpdate"}]
[220932][1678279824044][main][info]["windowManager: First requester booted successfully."]
[220932][1678279824045][main][info]["windowManager~restoreWindows: Restoring requester windows"]
[220932][1678279824046][main][info]["Main~AppEvents - Received booted event for process requester.Version 10.11.1 UI Version: 10.11.1-ui-230222-1424 Desktop Platform Version: 10.11.1"]
[220932][1678279824835][main][info]["Main~getPlatformLaunchPerfMetrics"]
[220932][1678279824994][main][info]["Main - model-events~user - (user, update) received"]
[220932][1678279824995][main][info]["Main~reload: https://desktop.postman.com/?desktopVersion=10.11.1&userId=21754194&teamId=0"]
[220932][1678279827868][main][info]["UpdateHandler~app-update-events - Received event",{"name":"checkForElectronVersionUpdated","namespace":"appUpdate"}]
[220932][1678279827883][main][info]["Main~AppEvents - Received booted event for process requester.Version 10.11.1 UI Version: 10.11.1-ui-230222-1424 Desktop Platform Version: 10.11.1"]
[220932][1678279828515][main][info]["Main~getPlatformLaunchPerfMetrics"]
[220932][1678279828566][main][info]["Main - model-events~user - (user, update) received"]
[220932][1678279829002][main][info]["Main - model-events~user - (user, bootstrapUser) received"]
[220932][1678279829003][main][info]["model-events~user - bootstrapUser received"]
[220932][1678279829034][main][info]["userPartitionService~associateTransitPartition: ",{"partitionId":"9ea5e4df-2b02-400b-a664-f2d645a90333","context":{"namespace":"users","userId":"21754194","teamId":"0"}}]
[220932][1678279829082][main][info]["userPartitionService: State of v8 partition system:"]
[220932][1678279829092][main][info]["userPartitionService: List of partitions:",[{"partitionId":"9ea5e4df-2b02-400b-a664-f2d645a90333","namespace":"users","userId":"21754194","teamId":"0","lastUpdated":"2023-03-08T12:50:29.034Z"},{"partitionId":"188bd52a-8eb6-4a70-99fa-fe6b0c0cfd17","namespace":"scratchPad","userId":0,"teamId":0,"isDirty":false}]]
[220932][1678279829093][main][info]["userPartitionService: users global meta:",{}]
[220932][1678279829173][main][info]["Main - model-events~user - (user, bootstrapUser) received"]
[220932][1678279829173][main][info]["model-events~user - bootstrapUser received"]
[220932][1678279829201][main][info]["userPartitionService~associateTransitPartition: ",{"partitionId":"9ea5e4df-2b02-400b-a664-f2d645a90333","context":{"namespace":"users","userId":"21754194","teamId":"0"}}]
[220932][1678279829239][main][info]["userPartitionService: State of v8 partition system:"]
[220932][1678279829246][main][info]["userPartitionService: List of partitions:",[{"partitionId":"9ea5e4df-2b02-400b-a664-f2d645a90333","namespace":"users","userId":"21754194","teamId":"0","lastUpdated":"2023-03-08T12:50:29.201Z"},{"partitionId":"188bd52a-8eb6-4a70-99fa-fe6b0c0cfd17","namespace":"scratchPad","userId":0,"teamId":0,"isDirty":false}]]
[220932][1678279829247][main][info]["userPartitionService: users global meta:",{}]
[220932][1678279980437][main][info]["WindowManager~closeHandler - Closed Window (id: 4 )"]
[220932][1678279981447][main][info]["Quitting app"]
[221922][1678279984665][main][info]["Booting Postman 10.11.1, linux-6.1.13-200.fc37.x86_64 on x64"]
[221922][1678279984670][main][info]["EventBus~initialize - Success"]
[221922][1678279984674][main][info]["Proxy configuration has not been setup"]
[221922][1678279984675][main][info]["CloudProxyManager~init - Success"]
[221922][1678279984703][main][info]["performShellDataMigration: Migration has already been done. Bailing out"]
[221922][1678279984715][main][info]["UpdateHandler~init - Success"]
[221922][1678279984718][main][info]["LeaderSelection: Initialized successfully"]
[221922][1678279984719][main][info]["VersionDependencyService: Initialized successfully"]
[221922][1678279984730][main][info]["Generated root certificate for linux"]
[221922][1678279984732][main][info]["LinuxAutoUpdater~Cleanup - Initial cleanup successful"]
[221922][1678279984735][main][error]["Error encountered while creating root CA",{"name":"Error","message":"Could not find openssl on your system on this path: openssl","stack":"Error: Could not find openssl on your system on this path: openssl\n    at /home/ilya/.apps/Postman/app/resources/app/node_modules/pem/lib/openssl.js:237:23"}]
[221922][1678279984736][main][error]["Error generating rootCA certificate for HTTPS proxy",{"name":"Error","message":"Could not find openssl on your system on this path: openssl","stack":"Error: Could not find openssl on your system on this path: openssl\n    at /home/ilya/.apps/Postman/app/resources/app/node_modules/pem/lib/openssl.js:237:23"}]
[221922][1678279984756][main][info]["GPU detected VID 4098 DID 5592 ACTIVE true"]
[221922][1678279984807][main][info]["shellController~init: Success"]
[221922][1678279984816][main][info]["shellMeta~init: Success"]
[221922][1678279984817][main][info]["partitionMigrationService: State of V7 partition:"]
[221922][1678279984817][main][info]["partitionMigrationService: V7 partitions",[]]
[221922][1678279984818][main][info]["partitionMigrationService~rectifyNamespaceOfScratchPadPartition: There is no partition with scratchpad namespace"]
[221922][1678279984819][main][info]["partitionMigrationService~rectifyNamespaceOfScratchPadPartition: There is no transit partition which could have been used for scratchpad"]
[221922][1678279984819][main][info]["partitionMigrationService~init: Success"]
[221922][1678279984843][main][info]["partitionMigrationService~runV8PartitionsIntegrity: Two way migration~ removing the following partitions from v8",[]]
[221922][1678279984854][main][info]["userPartitionService~getRecentV8UserPartition: recent v8 user context partition ","9ea5e4df-2b02-400b-a664-f2d645a90333"]
[221922][1678279984854][main][info]["userPartitionService~_rectifyTheActivePartitionOfApplication: Setting the active partition to ","9ea5e4df-2b02-400b-a664-f2d645a90333"]
[221922][1678279984869][main][info]["userPartitionService~init: Success"]
[221922][1678279984898][main][info]["userPartitionService: State of v8 partition system:"]
[221922][1678279984900][main][info]["shell~init~getPartitionToLoad: loading active partition"]
[221922][1678279984906][main][info]["userPartitionService: List of partitions:",[{"partitionId":"9ea5e4df-2b02-400b-a664-f2d645a90333","namespace":"users","userId":"21754194","teamId":"0","lastUpdated":"2023-03-08T12:50:29.201Z"},{"partitionId":"188bd52a-8eb6-4a70-99fa-fe6b0c0cfd17","namespace":"scratchPad","userId":0,"teamId":0,"isDirty":false}]]
[221922][1678279984907][main][info]["userPartitionService: users global meta:",{}]
[221922][1678279987773][main][info]["RuntimeIPCAgent~started: Success"]
[221922][1678279988266][main][info]["UpdateHandler~app-update-events - Received event",{"name":"checkForElectronVersionUpdated","namespace":"appUpdate"}]
[221922][1678279988292][main][info]["windowManager: First requester booted successfully."]
[221922][1678279988293][main][info]["windowManager~restoreWindows: Restoring requester windows"]
[221922][1678279988293][main][info]["Main~AppEvents - Received booted event for process requester.Version 10.11.1 UI Version: 10.11.1-ui-230222-1424 Desktop Platform Version: 10.11.1"]
[221922][1678279989950][main][info]["Main~getPlatformLaunchPerfMetrics"]
[221922][1678279990745][main][info]["Main - model-events~user - (user, bootstrapUser) received"]
[221922][1678279990746][main][info]["model-events~user - bootstrapUser received"]
[221922][1678279990800][main][info]["userPartitionService~associateTransitPartition: ",{"partitionId":"9ea5e4df-2b02-400b-a664-f2d645a90333","context":{"namespace":"users","userId":"21754194","teamId":"0"}}]
[221922][1678279990843][main][info]["userPartitionService: State of v8 partition system:"]
[221922][1678279990851][main][info]["userPartitionService: List of partitions:",[{"partitionId":"9ea5e4df-2b02-400b-a664-f2d645a90333","namespace":"users","userId":"21754194","teamId":"0","lastUpdated":"2023-03-08T12:53:10.800Z"},{"partitionId":"188bd52a-8eb6-4a70-99fa-fe6b0c0cfd17","namespace":"scratchPad","userId":0,"teamId":0,"isDirty":false}]]
[221922][1678279990851][main][info]["userPartitionService: users global meta:",{}]
[23135][1678384160192][main][info]["Booting Postman 10.11.1, linux-6.1.13-200.fc37.x86_64 on x64"]
[23135][1678384160196][main][info]["EventBus~initialize - Success"]
[23135][1678384160200][main][info]["Proxy configuration has not been setup"]
[23135][1678384160201][main][info]["CloudProxyManager~init - Success"]
[23135][1678384160227][main][info]["performShellDataMigration: Migration has already been done. Bailing out"]
[23135][1678384160237][main][info]["UpdateHandler~init - Success"]
[23135][1678384160239][main][info]["LeaderSelection: Initialized successfully"]
[23135][1678384160240][main][info]["VersionDependencyService: Initialized successfully"]
[23135][1678384160248][main][info]["Generated root certificate for linux"]
[23135][1678384160250][main][info]["LinuxAutoUpdater~Cleanup - Initial cleanup successful"]
[23135][1678384160253][main][error]["Error encountered while creating root CA",{"name":"Error","message":"Could not find openssl on your system on this path: openssl","stack":"Error: Could not find openssl on your system on this path: openssl\n    at /home/ilya/.apps/Postman/app/resources/app/node_modules/pem/lib/openssl.js:237:23"}]
[23135][1678384160254][main][error]["Error generating rootCA certificate for HTTPS proxy",{"name":"Error","message":"Could not find openssl on your system on this path: openssl","stack":"Error: Could not find openssl on your system on this path: openssl\n    at /home/ilya/.apps/Postman/app/resources/app/node_modules/pem/lib/openssl.js:237:23"}]
[23135][1678384160268][main][info]["GPU detected VID 4098 DID 5592 ACTIVE true"]
[23135][1678384160295][main][info]["shellController~init: Success"]
[23135][1678384160317][main][info]["shellMeta~init: Success"]
[23135][1678384160317][main][info]["partitionMigrationService: State of V7 partition:"]
[23135][1678384160317][main][info]["partitionMigrationService: V7 partitions",[]]
[23135][1678384160318][main][info]["partitionMigrationService~rectifyNamespaceOfScratchPadPartition: There is no partition with scratchpad namespace"]
[23135][1678384160318][main][info]["partitionMigrationService~rectifyNamespaceOfScratchPadPartition: There is no transit partition which could have been used for scratchpad"]
[23135][1678384160318][main][info]["partitionMigrationService~init: Success"]
[23135][1678384160338][main][info]["partitionMigrationService~runV8PartitionsIntegrity: Two way migration~ removing the following partitions from v8",[]]
[23135][1678384160346][main][info]["userPartitionService~getRecentV8UserPartition: recent v8 user context partition ","9ea5e4df-2b02-400b-a664-f2d645a90333"]
[23135][1678384160346][main][info]["userPartitionService~_rectifyTheActivePartitionOfApplication: Setting the active partition to ","9ea5e4df-2b02-400b-a664-f2d645a90333"]
[23135][1678384160362][main][info]["userPartitionService~init: Success"]
[23135][1678384160388][main][info]["userPartitionService: State of v8 partition system:"]
[23135][1678384160392][main][info]["shell~init~getPartitionToLoad: loading active partition"]
[23135][1678384160396][main][info]["userPartitionService: List of partitions:",[{"partitionId":"9ea5e4df-2b02-400b-a664-f2d645a90333","namespace":"users","userId":"21754194","teamId":"0","lastUpdated":"2023-03-08T12:53:10.800Z"},{"partitionId":"188bd52a-8eb6-4a70-99fa-fe6b0c0cfd17","namespace":"scratchPad","userId":0,"teamId":0,"isDirty":false}]]
[23135][1678384160396][main][info]["userPartitionService: users global meta:",{}]
[23135][1678384162981][main][info]["RuntimeIPCAgent~started: Success"]
[23135][1678384163389][main][info]["UpdateHandler~app-update-events - Received event",{"name":"checkForElectronVersionUpdated","namespace":"appUpdate"}]
[23135][1678384163411][main][info]["windowManager: First requester booted successfully."]
[23135][1678384163411][main][info]["windowManager~restoreWindows: Restoring requester windows"]
[23135][1678384163412][main][info]["Main~AppEvents - Received booted event for process requester.Version 10.11.2 UI Version: 10.11.2-ui-230309-0541 Desktop Platform Version: 10.11.1"]
[23135][1678384164237][main][info]["Main~getPlatformLaunchPerfMetrics"]
[23135][1678384165001][main][info]["Main - model-events~user - (user, bootstrapUser) received"]
[23135][1678384165002][main][info]["model-events~user - bootstrapUser received"]
[23135][1678384165031][main][info]["userPartitionService~associateTransitPartition: ",{"partitionId":"9ea5e4df-2b02-400b-a664-f2d645a90333","context":{"namespace":"users","userId":"21754194","teamId":"0"}}]
[23135][1678384165060][main][info]["userPartitionService: State of v8 partition system:"]
[23135][1678384165065][main][info]["userPartitionService: List of partitions:",[{"partitionId":"9ea5e4df-2b02-400b-a664-f2d645a90333","namespace":"users","userId":"21754194","teamId":"0","lastUpdated":"2023-03-09T17:49:25.031Z"},{"partitionId":"188bd52a-8eb6-4a70-99fa-fe6b0c0cfd17","namespace":"scratchPad","userId":0,"teamId":0,"isDirty":false}]]
[23135][1678384165066][main][info]["userPartitionService: users global meta:",{}]
