2023-03-20 16:44:16.174 [info] Log level: Info
2023-03-20 16:44:16.174 [info] Validating found git in: "git"
2023-03-20 16:44:16.174 [info] Using git "2.39.2" from "git"
2023-03-20 16:44:16.174 [info] > git rev-parse --show-toplevel [9ms]
2023-03-20 16:44:16.174 [info] > git rev-parse --git-dir --git-common-dir [8ms]
2023-03-20 16:44:16.174 [info] Open repository: /home/ilya/app-field-fio
2023-03-20 16:44:16.174 [info] > git config --get commit.template [33ms]
2023-03-20 16:44:16.174 [info] > git rev-parse --show-toplevel [66ms]
2023-03-20 16:44:16.174 [info] > git rev-parse --show-toplevel [20ms]
2023-03-20 16:44:16.174 [info] > git rev-parse --show-toplevel [22ms]
2023-03-20 16:44:16.174 [info] > git for-each-ref --format=%(refname)%00%(upstream:short)%00%(objectname)%00%(upstream:track)%00%(upstream:remotename)%00%(upstream:remoteref) refs/heads/master refs/remotes/master [20ms]
2023-03-20 16:44:16.174 [info] > git status -z -uall [30ms]
2023-03-20 16:44:16.174 [info] > git rev-parse --show-toplevel [52ms]
2023-03-20 16:44:16.174 [info] > git for-each-ref --sort -committerdate --format %(refname) %(objectname) %(*objectname) [8ms]
2023-03-20 16:44:16.174 [info] > git config --get commit.template [3ms]
2023-03-20 16:44:16.174 [info] > git for-each-ref --format=%(refname)%00%(upstream:short)%00%(objectname)%00%(upstream:track)%00%(upstream:remotename)%00%(upstream:remoteref) refs/heads/master refs/remotes/master [4ms]
2023-03-20 16:44:16.174 [info] > git status -z -uall [15ms]
2023-03-20 16:44:16.174 [info] > git for-each-ref --sort -committerdate --format %(refname) %(objectname) %(*objectname) [9ms]
2023-03-20 16:44:16.174 [info] > git check-ignore -v -z --stdin [68ms]
2023-03-20 16:44:17.915 [info] > git show --textconv :src/screens/Marketplace.vue [35ms]
2023-03-20 16:44:17.915 [info] > git ls-files --stage -- /home/ilya/app-field-fio/src/screens/Marketplace.vue [15ms]
2023-03-20 16:44:17.935 [info] > git cat-file -s 743052cded3d3dc626c1f459ab36bb0f6ba6a903 [4ms]
2023-03-20 16:44:27.089 [info] > git show --textconv :src/screens/tabs/Parse.vue [27ms]
2023-03-20 16:44:27.090 [info] > git ls-files --stage -- /home/ilya/app-field-fio/src/screens/tabs/Parse.vue [3ms]
2023-03-20 16:44:27.112 [info] > git cat-file -s c7ac126082494b16b8dee1b48e07ebc45e9fc955 [4ms]
2023-03-20 16:44:27.260 [info] > git show --textconv :src/screens/Field.vue [24ms]
2023-03-20 16:44:27.262 [info] > git ls-files --stage -- /home/ilya/app-field-fio/src/screens/Field.vue [4ms]
2023-03-20 16:44:27.287 [info] > git cat-file -s 424f5bb47b38cd9510a0489ab9f7b51754ab03c1 [5ms]
2023-03-20 16:44:53.309 [info] > git config --get commit.template [1ms]
2023-03-20 16:44:53.323 [info] > git for-each-ref --format=%(refname)%00%(upstream:short)%00%(objectname)%00%(upstream:track)%00%(upstream:remotename)%00%(upstream:remoteref) refs/heads/master refs/remotes/master [2ms]
2023-03-20 16:44:53.351 [info] > git status -z -uall [15ms]
2023-03-20 16:44:53.354 [info] > git for-each-ref --sort -committerdate --format %(refname) %(objectname) %(*objectname) [5ms]
2023-03-20 16:45:20.479 [info] > git config --get commit.template [15ms]
2023-03-20 16:45:20.480 [info] > git for-each-ref --format=%(refname)%00%(upstream:short)%00%(objectname)%00%(upstream:track)%00%(upstream:remotename)%00%(upstream:remoteref) refs/heads/master refs/remotes/master [3ms]
2023-03-20 16:45:20.519 [info] > git status -z -uall [21ms]
2023-03-20 16:45:20.523 [info] > git for-each-ref --sort -committerdate --format %(refname) %(objectname) %(*objectname) [5ms]
2023-03-20 16:46:51.442 [info] > git config --get commit.template [2ms]
2023-03-20 16:46:51.455 [info] > git for-each-ref --format=%(refname)%00%(upstream:short)%00%(objectname)%00%(upstream:track)%00%(upstream:remotename)%00%(upstream:remoteref) refs/heads/master refs/remotes/master [1ms]
2023-03-20 16:46:51.479 [info] > git status -z -uall [13ms]
2023-03-20 16:46:51.481 [info] > git for-each-ref --sort -committerdate --format %(refname) %(objectname) %(*objectname) [2ms]
2023-03-20 16:47:55.488 [info] > git show --textconv :src/bitrix.ts [21ms]
2023-03-20 16:47:55.489 [info] > git ls-files --stage -- /home/ilya/app-field-fio/src/bitrix.ts [3ms]
2023-03-20 16:47:55.512 [info] > git cat-file -s 85517f8d3a11c2a8df07fc4a318f0a13a93d00e2 [5ms]
2023-03-20 16:48:06.570 [info] > git config --get commit.template [23ms]
2023-03-20 16:48:06.572 [info] > git for-each-ref --format=%(refname)%00%(upstream:short)%00%(objectname)%00%(upstream:track)%00%(upstream:remotename)%00%(upstream:remoteref) refs/heads/master refs/remotes/master [3ms]
2023-03-20 16:48:06.616 [info] > git status -z -uall [22ms]
2023-03-20 16:48:06.623 [info] > git for-each-ref --sort -committerdate --format %(refname) %(objectname) %(*objectname) [8ms]
2023-03-20 16:49:01.866 [info] > git config --get commit.template [14ms]
2023-03-20 16:49:01.867 [info] > git for-each-ref --format=%(refname)%00%(upstream:short)%00%(objectname)%00%(upstream:track)%00%(upstream:remotename)%00%(upstream:remoteref) refs/heads/master refs/remotes/master [1ms]
2023-03-20 16:49:01.897 [info] > git status -z -uall [18ms]
2023-03-20 16:49:01.900 [info] > git for-each-ref --sort -committerdate --format %(refname) %(objectname) %(*objectname) [3ms]
2023-03-20 17:17:55.343 [info] > git config --get commit.template [15ms]
2023-03-20 17:17:55.345 [info] > git for-each-ref --format=%(refname)%00%(upstream:short)%00%(objectname)%00%(upstream:track)%00%(upstream:remotename)%00%(upstream:remoteref) refs/heads/master refs/remotes/master [2ms]
2023-03-20 17:17:55.374 [info] > git status -z -uall [15ms]
2023-03-20 17:17:55.378 [info] > git for-each-ref --sort -committerdate --format %(refname) %(objectname) %(*objectname) [6ms]
2023-03-20 17:18:08.537 [info] > git config --get commit.template [15ms]
2023-03-20 17:18:08.538 [info] > git for-each-ref --format=%(refname)%00%(upstream:short)%00%(objectname)%00%(upstream:track)%00%(upstream:remotename)%00%(upstream:remoteref) refs/heads/master refs/remotes/master [2ms]
2023-03-20 17:18:08.565 [info] > git status -z -uall [14ms]
2023-03-20 17:18:08.566 [info] > git for-each-ref --sort -committerdate --format %(refname) %(objectname) %(*objectname) [2ms]
2023-03-20 17:21:51.186 [info] > git config --get commit.template [15ms]
2023-03-20 17:21:51.189 [info] > git for-each-ref --format=%(refname)%00%(upstream:short)%00%(objectname)%00%(upstream:track)%00%(upstream:remotename)%00%(upstream:remoteref) refs/heads/master refs/remotes/master [5ms]
2023-03-20 17:21:51.221 [info] > git status -z -uall [17ms]
2023-03-20 17:21:51.224 [info] > git for-each-ref --sort -committerdate --format %(refname) %(objectname) %(*objectname) [3ms]
2023-03-20 17:27:14.828 [info] > git config --get commit.template [3ms]
2023-03-20 17:27:14.848 [info] > git for-each-ref --format=%(refname)%00%(upstream:short)%00%(objectname)%00%(upstream:track)%00%(upstream:remotename)%00%(upstream:remoteref) refs/heads/master refs/remotes/master [4ms]
2023-03-20 17:27:14.883 [info] > git status -z -uall [18ms]
2023-03-20 17:27:14.886 [info] > git for-each-ref --sort -committerdate --format %(refname) %(objectname) %(*objectname) [3ms]
2023-03-20 17:31:48.697 [info] > git config --get commit.template [12ms]
2023-03-20 17:31:48.698 [info] > git for-each-ref --format=%(refname)%00%(upstream:short)%00%(objectname)%00%(upstream:track)%00%(upstream:remotename)%00%(upstream:remoteref) refs/heads/master refs/remotes/master [2ms]
2023-03-20 17:31:48.722 [info] > git status -z -uall [14ms]
2023-03-20 17:31:48.723 [info] > git for-each-ref --sort -committerdate --format %(refname) %(objectname) %(*objectname) [2ms]
2023-03-20 17:35:12.643 [info] > git for-each-ref --format=%(refname)%00%(upstream:short)%00%(objectname)%00%(upstream:track)%00%(upstream:remotename)%00%(upstream:remoteref) refs/heads/master refs/remotes/master [2ms]
2023-03-20 17:35:12.644 [info] > git config --get commit.template [16ms]
2023-03-20 17:35:12.690 [info] > git status -z -uall [31ms]
2023-03-20 17:35:12.690 [info] > git for-each-ref --sort -committerdate --format %(refname) %(objectname) %(*objectname) [2ms]
2023-03-20 17:36:05.103 [info] > git config --get commit.template [13ms]
2023-03-20 17:36:05.104 [info] > git for-each-ref --format=%(refname)%00%(upstream:short)%00%(objectname)%00%(upstream:track)%00%(upstream:remotename)%00%(upstream:remoteref) refs/heads/master refs/remotes/master [1ms]
2023-03-20 17:36:05.127 [info] > git status -z -uall [12ms]
2023-03-20 17:36:05.129 [info] > git for-each-ref --sort -committerdate --format %(refname) %(objectname) %(*objectname) [3ms]
2023-03-20 17:36:55.260 [info] > git config --get commit.template [2ms]
2023-03-20 17:36:55.278 [info] > git for-each-ref --format=%(refname)%00%(upstream:short)%00%(objectname)%00%(upstream:track)%00%(upstream:remotename)%00%(upstream:remoteref) refs/heads/master refs/remotes/master [2ms]
2023-03-20 17:36:55.313 [info] > git status -z -uall [18ms]
2023-03-20 17:36:55.315 [info] > git for-each-ref --sort -committerdate --format %(refname) %(objectname) %(*objectname) [3ms]
2023-03-20 17:37:33.158 [info] > git config --get commit.template [16ms]
2023-03-20 17:37:33.160 [info] > git for-each-ref --format=%(refname)%00%(upstream:short)%00%(objectname)%00%(upstream:track)%00%(upstream:remotename)%00%(upstream:remoteref) refs/heads/master refs/remotes/master [3ms]
2023-03-20 17:37:33.193 [info] > git status -z -uall [18ms]
2023-03-20 17:37:33.198 [info] > git for-each-ref --sort -committerdate --format %(refname) %(objectname) %(*objectname) [6ms]
2023-03-20 17:42:32.823 [info] > git config --get commit.template [18ms]
2023-03-20 17:42:32.824 [info] > git for-each-ref --format=%(refname)%00%(upstream:short)%00%(objectname)%00%(upstream:track)%00%(upstream:remotename)%00%(upstream:remoteref) refs/heads/master refs/remotes/master [2ms]
2023-03-20 17:42:32.853 [info] > git status -z -uall [16ms]
2023-03-20 17:42:32.856 [info] > git for-each-ref --sort -committerdate --format %(refname) %(objectname) %(*objectname) [4ms]
2023-03-20 17:44:19.525 [info] > git config --get commit.template [14ms]
2023-03-20 17:44:19.527 [info] > git for-each-ref --format=%(refname)%00%(upstream:short)%00%(objectname)%00%(upstream:track)%00%(upstream:remotename)%00%(upstream:remoteref) refs/heads/master refs/remotes/master [2ms]
2023-03-20 17:44:19.552 [info] > git status -z -uall [13ms]
2023-03-20 17:44:19.554 [info] > git for-each-ref --sort -committerdate --format %(refname) %(objectname) %(*objectname) [2ms]
2023-03-20 17:44:54.824 [info] > git config --get commit.template [12ms]
2023-03-20 17:44:54.825 [info] > git for-each-ref --format=%(refname)%00%(upstream:short)%00%(objectname)%00%(upstream:track)%00%(upstream:remotename)%00%(upstream:remoteref) refs/heads/master refs/remotes/master [2ms]
2023-03-20 17:44:54.850 [info] > git status -z -uall [13ms]
2023-03-20 17:44:54.851 [info] > git for-each-ref --sort -committerdate --format %(refname) %(objectname) %(*objectname) [2ms]
2023-03-20 17:44:59.871 [info] > git config --get commit.template [2ms]
2023-03-20 17:44:59.885 [info] > git for-each-ref --format=%(refname)%00%(upstream:short)%00%(objectname)%00%(upstream:track)%00%(upstream:remotename)%00%(upstream:remoteref) refs/heads/master refs/remotes/master [2ms]
2023-03-20 17:44:59.910 [info] > git status -z -uall [13ms]
2023-03-20 17:44:59.912 [info] > git for-each-ref --sort -committerdate --format %(refname) %(objectname) %(*objectname) [3ms]
2023-03-20 17:45:05.572 [info] > git show --textconv :src/screens/Field.vue [18ms]
2023-03-20 17:45:05.574 [info] > git ls-files --stage -- /home/ilya/app-field-fio/src/screens/Field.vue [4ms]
2023-03-20 17:45:05.592 [info] > git cat-file -s 424f5bb47b38cd9510a0489ab9f7b51754ab03c1 [2ms]
2023-03-20 17:45:52.533 [info] > git config --get commit.template [2ms]
2023-03-20 17:45:52.546 [info] > git for-each-ref --format=%(refname)%00%(upstream:short)%00%(objectname)%00%(upstream:track)%00%(upstream:remotename)%00%(upstream:remoteref) refs/heads/master refs/remotes/master [2ms]
2023-03-20 17:45:52.570 [info] > git status -z -uall [13ms]
2023-03-20 17:45:52.571 [info] > git for-each-ref --sort -committerdate --format %(refname) %(objectname) %(*objectname) [2ms]
2023-03-20 17:46:10.517 [info] > git config --get commit.template [2ms]
2023-03-20 17:46:10.531 [info] > git for-each-ref --format=%(refname)%00%(upstream:short)%00%(objectname)%00%(upstream:track)%00%(upstream:remotename)%00%(upstream:remoteref) refs/heads/master refs/remotes/master [1ms]
2023-03-20 17:46:10.564 [info] > git status -z -uall [19ms]
2023-03-20 17:46:10.566 [info] > git for-each-ref --sort -committerdate --format %(refname) %(objectname) %(*objectname) [2ms]
2023-03-20 17:46:28.671 [info] > git config --get commit.template [2ms]
2023-03-20 17:46:28.686 [info] > git for-each-ref --format=%(refname)%00%(upstream:short)%00%(objectname)%00%(upstream:track)%00%(upstream:remotename)%00%(upstream:remoteref) refs/heads/master refs/remotes/master [3ms]
2023-03-20 17:46:28.710 [info] > git status -z -uall [13ms]
2023-03-20 17:46:28.711 [info] > git for-each-ref --sort -committerdate --format %(refname) %(objectname) %(*objectname) [2ms]
2023-03-20 17:48:44.899 [info] > git config --get commit.template [2ms]
2023-03-20 17:48:44.916 [info] > git for-each-ref --format=%(refname)%00%(upstream:short)%00%(objectname)%00%(upstream:track)%00%(upstream:remotename)%00%(upstream:remoteref) refs/heads/master refs/remotes/master [2ms]
2023-03-20 17:48:44.948 [info] > git status -z -uall [16ms]
2023-03-20 17:48:44.950 [info] > git for-each-ref --sort -committerdate --format %(refname) %(objectname) %(*objectname) [2ms]
2023-03-20 17:48:49.412 [info] > git show --textconv :src/main.ts [15ms]
2023-03-20 17:48:49.412 [info] > git ls-files --stage -- /home/ilya/app-field-fio/src/main.ts [2ms]
2023-03-20 17:48:49.428 [info] > git cat-file -s a6fb86895642c4cf0cbb38578eae92da7f778a20 [2ms]
2023-03-20 17:48:49.837 [info] > git show --textconv :src/bx24-api.d.ts [21ms]
2023-03-20 17:48:49.839 [info] > git ls-files --stage -- /home/ilya/app-field-fio/src/bx24-api.d.ts [4ms]
2023-03-20 17:48:49.862 [info] > git cat-file -s 3a3ce4080838d2d85c3365b5a3e0f86da4b5754d [6ms]
2023-03-20 17:49:18.833 [info] > git show --textconv :src/vueuse.d.ts [17ms]
2023-03-20 17:49:18.835 [info] > git ls-files --stage -- /home/ilya/app-field-fio/src/vueuse.d.ts [3ms]
2023-03-20 17:49:19.062 [info] > git check-ignore -v -z --stdin [2ms]
2023-03-20 17:49:19.606 [info] > git config --get commit.template [44ms]
2023-03-20 17:49:19.616 [info] > git for-each-ref --format=%(refname)%00%(upstream:short)%00%(objectname)%00%(upstream:track)%00%(upstream:remotename)%00%(upstream:remoteref) refs/heads/master refs/remotes/master [11ms]
2023-03-20 17:49:19.683 [info] > git status -z -uall [43ms]
2023-03-20 17:49:19.684 [info] > git for-each-ref --sort -committerdate --format %(refname) %(objectname) %(*objectname) [10ms]
2023-03-20 17:49:29.276 [info] > git config --get commit.template [15ms]
2023-03-20 17:49:29.282 [info] > git for-each-ref --format=%(refname)%00%(upstream:short)%00%(objectname)%00%(upstream:track)%00%(upstream:remotename)%00%(upstream:remoteref) refs/heads/master refs/remotes/master [7ms]
2023-03-20 17:49:29.310 [info] > git status -z -uall [14ms]
2023-03-20 17:49:29.311 [info] > git for-each-ref --sort -committerdate --format %(refname) %(objectname) %(*objectname) [2ms]
2023-03-20 17:49:48.220 [info] > git for-each-ref --format=%(refname)%00%(upstream:short)%00%(objectname)%00%(upstream:track)%00%(upstream:remotename)%00%(upstream:remoteref) refs/heads/master refs/remotes/master [4ms]
2023-03-20 17:49:48.221 [info] > git config --get commit.template [21ms]
2023-03-20 17:49:48.257 [info] > git status -z -uall [19ms]
2023-03-20 17:49:48.257 [info] > git for-each-ref --sort -committerdate --format %(refname) %(objectname) %(*objectname) [6ms]
2023-03-20 17:50:08.490 [info] > git config --get commit.template [13ms]
2023-03-20 17:50:08.495 [info] > git for-each-ref --format=%(refname)%00%(upstream:short)%00%(objectname)%00%(upstream:track)%00%(upstream:remotename)%00%(upstream:remoteref) refs/heads/master refs/remotes/master [5ms]
2023-03-20 17:50:08.523 [info] > git status -z -uall [16ms]
2023-03-20 17:50:08.525 [info] > git for-each-ref --sort -committerdate --format %(refname) %(objectname) %(*objectname) [3ms]
2023-03-20 17:51:16.797 [info] > git config --get commit.template [3ms]
2023-03-20 17:51:16.815 [info] > git for-each-ref --format=%(refname)%00%(upstream:short)%00%(objectname)%00%(upstream:track)%00%(upstream:remotename)%00%(upstream:remoteref) refs/heads/master refs/remotes/master [3ms]
2023-03-20 17:51:16.844 [info] > git status -z -uall [16ms]
2023-03-20 17:51:16.846 [info] > git for-each-ref --sort -committerdate --format %(refname) %(objectname) %(*objectname) [3ms]
2023-03-20 17:51:54.985 [info] > git config --get commit.template [17ms]
2023-03-20 17:51:54.987 [info] > git for-each-ref --format=%(refname)%00%(upstream:short)%00%(objectname)%00%(upstream:track)%00%(upstream:remotename)%00%(upstream:remoteref) refs/heads/master refs/remotes/master [3ms]
2023-03-20 17:51:55.017 [info] > git status -z -uall [16ms]
2023-03-20 17:51:55.018 [info] > git for-each-ref --sort -committerdate --format %(refname) %(objectname) %(*objectname) [2ms]
2023-03-20 17:53:29.596 [info] > git config --get commit.template [4ms]
2023-03-20 17:53:29.616 [info] > git for-each-ref --format=%(refname)%00%(upstream:short)%00%(objectname)%00%(upstream:track)%00%(upstream:remotename)%00%(upstream:remoteref) refs/heads/master refs/remotes/master [3ms]
2023-03-20 17:53:29.652 [info] > git status -z -uall [18ms]
2023-03-20 17:53:29.653 [info] > git for-each-ref --sort -committerdate --format %(refname) %(objectname) %(*objectname) [3ms]
2023-03-20 18:00:56.917 [info] > git config --get commit.template [16ms]
2023-03-20 18:00:56.922 [info] > git for-each-ref --format=%(refname)%00%(upstream:short)%00%(objectname)%00%(upstream:track)%00%(upstream:remotename)%00%(upstream:remoteref) refs/heads/master refs/remotes/master [8ms]
2023-03-20 18:00:56.953 [info] > git status -z -uall [14ms]
2023-03-20 18:00:56.955 [info] > git for-each-ref --sort -committerdate --format %(refname) %(objectname) %(*objectname) [3ms]
2023-03-20 18:02:39.633 [info] > git config --get commit.template [2ms]
2023-03-20 18:02:39.651 [info] > git for-each-ref --format=%(refname)%00%(upstream:short)%00%(objectname)%00%(upstream:track)%00%(upstream:remotename)%00%(upstream:remoteref) refs/heads/master refs/remotes/master [2ms]
2023-03-20 18:02:39.682 [info] > git status -z -uall [17ms]
2023-03-20 18:02:39.683 [info] > git for-each-ref --sort -committerdate --format %(refname) %(objectname) %(*objectname) [3ms]
2023-03-20 18:03:46.087 [info] > git config --get commit.template [2ms]
2023-03-20 18:03:46.103 [info] > git for-each-ref --format=%(refname)%00%(upstream:short)%00%(objectname)%00%(upstream:track)%00%(upstream:remotename)%00%(upstream:remoteref) refs/heads/master refs/remotes/master [2ms]
2023-03-20 18:03:46.133 [info] > git status -z -uall [16ms]
2023-03-20 18:03:46.137 [info] > git for-each-ref --sort -committerdate --format %(refname) %(objectname) %(*objectname) [5ms]
2023-03-20 18:04:06.471 [info] > git config --get commit.template [2ms]
2023-03-20 18:04:06.487 [info] > git for-each-ref --format=%(refname)%00%(upstream:short)%00%(objectname)%00%(upstream:track)%00%(upstream:remotename)%00%(upstream:remoteref) refs/heads/master refs/remotes/master [2ms]
2023-03-20 18:04:06.522 [info] > git status -z -uall [15ms]
2023-03-20 18:04:06.524 [info] > git for-each-ref --sort -committerdate --format %(refname) %(objectname) %(*objectname) [3ms]
2023-03-20 18:04:24.558 [info] > git config --get commit.template [1ms]
2023-03-20 18:04:24.576 [info] > git for-each-ref --format=%(refname)%00%(upstream:short)%00%(objectname)%00%(upstream:track)%00%(upstream:remotename)%00%(upstream:remoteref) refs/heads/master refs/remotes/master [3ms]
2023-03-20 18:04:24.604 [info] > git status -z -uall [15ms]
2023-03-20 18:04:24.606 [info] > git for-each-ref --sort -committerdate --format %(refname) %(objectname) %(*objectname) [3ms]
2023-03-20 18:05:01.721 [info] > git config --get commit.template [2ms]
2023-03-20 18:05:01.742 [info] > git for-each-ref --format=%(refname)%00%(upstream:short)%00%(objectname)%00%(upstream:track)%00%(upstream:remotename)%00%(upstream:remoteref) refs/heads/master refs/remotes/master [3ms]
2023-03-20 18:05:01.772 [info] > git status -z -uall [16ms]
2023-03-20 18:05:01.773 [info] > git for-each-ref --sort -committerdate --format %(refname) %(objectname) %(*objectname) [2ms]
2023-03-20 18:05:42.951 [info] > git config --get commit.template [3ms]
2023-03-20 18:05:42.966 [info] > git for-each-ref --format=%(refname)%00%(upstream:short)%00%(objectname)%00%(upstream:track)%00%(upstream:remotename)%00%(upstream:remoteref) refs/heads/master refs/remotes/master [2ms]
2023-03-20 18:05:42.996 [info] > git status -z -uall [16ms]
2023-03-20 18:05:42.997 [info] > git for-each-ref --sort -committerdate --format %(refname) %(objectname) %(*objectname) [2ms]
2023-03-20 18:06:35.975 [info] > git config --get commit.template [2ms]
2023-03-20 18:06:35.990 [info] > git for-each-ref --format=%(refname)%00%(upstream:short)%00%(objectname)%00%(upstream:track)%00%(upstream:remotename)%00%(upstream:remoteref) refs/heads/master refs/remotes/master [2ms]
2023-03-20 18:06:36.024 [info] > git status -z -uall [21ms]
2023-03-20 18:06:36.026 [info] > git for-each-ref --sort -committerdate --format %(refname) %(objectname) %(*objectname) [5ms]
2023-03-20 18:07:05.368 [info] > git config --get commit.template [2ms]
2023-03-20 18:07:05.385 [info] > git for-each-ref --format=%(refname)%00%(upstream:short)%00%(objectname)%00%(upstream:track)%00%(upstream:remotename)%00%(upstream:remoteref) refs/heads/master refs/remotes/master [2ms]
2023-03-20 18:07:05.414 [info] > git status -z -uall [15ms]
2023-03-20 18:07:05.415 [info] > git for-each-ref --sort -committerdate --format %(refname) %(objectname) %(*objectname) [2ms]
2023-03-20 18:07:14.256 [info] > git config --get commit.template [3ms]
2023-03-20 18:07:14.275 [info] > git for-each-ref --format=%(refname)%00%(upstream:short)%00%(objectname)%00%(upstream:track)%00%(upstream:remotename)%00%(upstream:remoteref) refs/heads/master refs/remotes/master [1ms]
2023-03-20 18:07:14.308 [info] > git status -z -uall [19ms]
2023-03-20 18:07:14.310 [info] > git for-each-ref --sort -committerdate --format %(refname) %(objectname) %(*objectname) [3ms]
2023-03-20 18:07:19.551 [info] > git config --get commit.template [2ms]
2023-03-20 18:07:19.565 [info] > git for-each-ref --format=%(refname)%00%(upstream:short)%00%(objectname)%00%(upstream:track)%00%(upstream:remotename)%00%(upstream:remoteref) refs/heads/master refs/remotes/master [2ms]
2023-03-20 18:07:19.590 [info] > git status -z -uall [14ms]
2023-03-20 18:07:19.591 [info] > git for-each-ref --sort -committerdate --format %(refname) %(objectname) %(*objectname) [2ms]
2023-03-20 18:11:53.728 [info] > git config --get commit.template [17ms]
2023-03-20 18:11:53.730 [info] > git for-each-ref --format=%(refname)%00%(upstream:short)%00%(objectname)%00%(upstream:track)%00%(upstream:remotename)%00%(upstream:remoteref) refs/heads/master refs/remotes/master [3ms]
2023-03-20 18:11:53.764 [info] > git status -z -uall [16ms]
2023-03-20 18:11:53.766 [info] > git for-each-ref --sort -committerdate --format %(refname) %(objectname) %(*objectname) [3ms]
2023-03-20 18:12:53.593 [info] > git config --get commit.template [16ms]
2023-03-20 18:12:53.594 [info] > git for-each-ref --format=%(refname)%00%(upstream:short)%00%(objectname)%00%(upstream:track)%00%(upstream:remotename)%00%(upstream:remoteref) refs/heads/master refs/remotes/master [1ms]
2023-03-20 18:12:53.624 [info] > git status -z -uall [15ms]
2023-03-20 18:12:53.626 [info] > git for-each-ref --sort -committerdate --format %(refname) %(objectname) %(*objectname) [2ms]
2023-03-20 18:14:39.314 [info] Log level: Info
2023-03-20 18:14:39.314 [info] Validating found git in: "git"
2023-03-20 18:14:39.314 [info] Using git "2.39.2" from "git"
2023-03-20 18:14:39.320 [info] > git rev-parse --show-toplevel [44ms]
2023-03-20 18:14:39.477 [info] > git rev-parse --git-dir --git-common-dir [32ms]
2023-03-20 18:14:39.502 [info] Open repository: /home/ilya/app-field-fio
2023-03-20 18:14:39.664 [info] > git rev-parse --show-toplevel [46ms]
2023-03-20 18:14:39.716 [info] > git rev-parse --show-toplevel [15ms]
2023-03-20 18:14:39.744 [info] > git config --get commit.template [88ms]
2023-03-20 18:14:39.800 [info] > git for-each-ref --format=%(refname)%00%(upstream:short)%00%(objectname)%00%(upstream:track)%00%(upstream:remotename)%00%(upstream:remoteref) refs/heads/master refs/remotes/master [6ms]
2023-03-20 18:14:39.876 [info] > git rev-parse --show-toplevel [133ms]
2023-03-20 18:14:39.914 [info] > git status -z -uall [81ms]
2023-03-20 18:14:39.953 [info] > git for-each-ref --sort -committerdate --format %(refname) %(objectname) %(*objectname) [78ms]
2023-03-20 18:14:40.011 [info] > git rev-parse --show-toplevel [108ms]
2023-03-20 18:14:40.053 [info] > git config --get commit.template [48ms]
2023-03-20 18:14:40.146 [info] > git for-each-ref --format=%(refname)%00%(upstream:short)%00%(objectname)%00%(upstream:track)%00%(upstream:remotename)%00%(upstream:remoteref) refs/heads/master refs/remotes/master [54ms]
2023-03-20 18:14:40.267 [info] > git status -z -uall [97ms]
2023-03-20 18:14:40.279 [info] > git for-each-ref --sort -committerdate --format %(refname) %(objectname) %(*objectname) [84ms]
2023-03-20 18:14:40.289 [info] > git check-ignore -v -z --stdin [26ms]
2023-03-20 18:14:53.661 [info] > git check-ignore -v -z --stdin [2ms]
2023-03-20 18:25:25.920 [info] > git config --get commit.template [4ms]
2023-03-20 18:25:25.943 [info] > git for-each-ref --format=%(refname)%00%(upstream:short)%00%(objectname)%00%(upstream:track)%00%(upstream:remotename)%00%(upstream:remoteref) refs/heads/master refs/remotes/master [2ms]
2023-03-20 18:25:25.979 [info] > git status -z -uall [19ms]
2023-03-20 18:25:25.982 [info] > git for-each-ref --sort -committerdate --format %(refname) %(objectname) %(*objectname) [4ms]
2023-03-20 18:27:06.563 [info] > git config --get commit.template [3ms]
2023-03-20 18:27:06.582 [info] > git for-each-ref --format=%(refname)%00%(upstream:short)%00%(objectname)%00%(upstream:track)%00%(upstream:remotename)%00%(upstream:remoteref) refs/heads/master refs/remotes/master [2ms]
2023-03-20 18:27:06.623 [info] > git status -z -uall [20ms]
2023-03-20 18:27:06.625 [info] > git for-each-ref --sort -committerdate --format %(refname) %(objectname) %(*objectname) [3ms]
2023-03-20 18:27:26.031 [info] > git config --get commit.template [1ms]
2023-03-20 18:27:26.051 [info] > git for-each-ref --format=%(refname)%00%(upstream:short)%00%(objectname)%00%(upstream:track)%00%(upstream:remotename)%00%(upstream:remoteref) refs/heads/master refs/remotes/master [2ms]
2023-03-20 18:27:26.086 [info] > git status -z -uall [19ms]
2023-03-20 18:27:26.089 [info] > git for-each-ref --sort -committerdate --format %(refname) %(objectname) %(*objectname) [3ms]
2023-03-20 18:28:34.940 [info] > git config --get commit.template [2ms]
2023-03-20 18:28:34.976 [info] > git for-each-ref --format=%(refname)%00%(upstream:short)%00%(objectname)%00%(upstream:track)%00%(upstream:remotename)%00%(upstream:remoteref) refs/heads/master refs/remotes/master [17ms]
2023-03-20 18:28:35.011 [info] > git status -z -uall [20ms]
2023-03-20 18:28:35.013 [info] > git for-each-ref --sort -committerdate --format %(refname) %(objectname) %(*objectname) [3ms]
2023-03-20 18:29:00.290 [info] > git config --get commit.template [4ms]
2023-03-20 18:29:00.310 [info] > git for-each-ref --format=%(refname)%00%(upstream:short)%00%(objectname)%00%(upstream:track)%00%(upstream:remotename)%00%(upstream:remoteref) refs/heads/master refs/remotes/master [3ms]
2023-03-20 18:29:00.354 [info] > git status -z -uall [26ms]
2023-03-20 18:29:00.358 [info] > git for-each-ref --sort -committerdate --format %(refname) %(objectname) %(*objectname) [5ms]
2023-03-20 18:31:25.349 [info] > git config --get commit.template [3ms]
2023-03-20 18:31:25.368 [info] > git for-each-ref --format=%(refname)%00%(upstream:short)%00%(objectname)%00%(upstream:track)%00%(upstream:remotename)%00%(upstream:remoteref) refs/heads/master refs/remotes/master [2ms]
2023-03-20 18:31:25.413 [info] > git status -z -uall [26ms]
2023-03-20 18:31:25.415 [info] > git for-each-ref --sort -committerdate --format %(refname) %(objectname) %(*objectname) [3ms]
2023-03-20 18:35:27.700 [info] > git config --get commit.template [2ms]
2023-03-20 18:35:27.719 [info] > git for-each-ref --format=%(refname)%00%(upstream:short)%00%(objectname)%00%(upstream:track)%00%(upstream:remotename)%00%(upstream:remoteref) refs/heads/master refs/remotes/master [1ms]
2023-03-20 18:35:27.754 [info] > git status -z -uall [17ms]
2023-03-20 18:35:27.757 [info] > git for-each-ref --sort -committerdate --format %(refname) %(objectname) %(*objectname) [3ms]
2023-03-20 18:36:06.269 [info] > git config --get commit.template [25ms]
2023-03-20 18:36:06.273 [info] > git for-each-ref --format=%(refname)%00%(upstream:short)%00%(objectname)%00%(upstream:track)%00%(upstream:remotename)%00%(upstream:remoteref) refs/heads/master refs/remotes/master [6ms]
2023-03-20 18:36:06.307 [info] > git status -z -uall [17ms]
2023-03-20 18:36:06.308 [info] > git for-each-ref --sort -committerdate --format %(refname) %(objectname) %(*objectname) [2ms]
2023-03-20 18:36:11.364 [info] > git config --get commit.template [24ms]
2023-03-20 18:36:11.365 [info] > git for-each-ref --format=%(refname)%00%(upstream:short)%00%(objectname)%00%(upstream:track)%00%(upstream:remotename)%00%(upstream:remoteref) refs/heads/master refs/remotes/master [2ms]
2023-03-20 18:36:11.398 [info] > git status -z -uall [19ms]
2023-03-20 18:36:11.400 [info] > git for-each-ref --sort -committerdate --format %(refname) %(objectname) %(*objectname) [2ms]
2023-03-20 18:38:56.000 [info] > git config --get commit.template [20ms]
2023-03-20 18:38:56.001 [info] > git for-each-ref --format=%(refname)%00%(upstream:short)%00%(objectname)%00%(upstream:track)%00%(upstream:remotename)%00%(upstream:remoteref) refs/heads/master refs/remotes/master [2ms]
2023-03-20 18:38:56.039 [info] > git status -z -uall [21ms]
2023-03-20 18:38:56.041 [info] > git for-each-ref --sort -committerdate --format %(refname) %(objectname) %(*objectname) [4ms]
2023-03-20 18:42:06.059 [info] > git config --get commit.template [2ms]
2023-03-20 18:42:06.079 [info] > git for-each-ref --format=%(refname)%00%(upstream:short)%00%(objectname)%00%(upstream:track)%00%(upstream:remotename)%00%(upstream:remoteref) refs/heads/master refs/remotes/master [2ms]
2023-03-20 18:42:06.110 [info] > git status -z -uall [16ms]
2023-03-20 18:42:06.111 [info] > git for-each-ref --sort -committerdate --format %(refname) %(objectname) %(*objectname) [2ms]
2023-03-20 18:43:23.576 [info] > git for-each-ref --format=%(refname)%00%(upstream:short)%00%(objectname)%00%(upstream:track)%00%(upstream:remotename)%00%(upstream:remoteref) refs/heads/master refs/remotes/master [2ms]
2023-03-20 18:43:23.576 [info] > git config --get commit.template [22ms]
2023-03-20 18:43:23.608 [info] > git status -z -uall [16ms]
2023-03-20 18:43:23.609 [info] > git for-each-ref --sort -committerdate --format %(refname) %(objectname) %(*objectname) [2ms]
2023-03-20 18:44:18.470 [info] > git config --get commit.template [2ms]
2023-03-20 18:44:18.494 [info] > git for-each-ref --format=%(refname)%00%(upstream:short)%00%(objectname)%00%(upstream:track)%00%(upstream:remotename)%00%(upstream:remoteref) refs/heads/master refs/remotes/master [3ms]
2023-03-20 18:44:18.536 [info] > git status -z -uall [24ms]
2023-03-20 18:44:18.538 [info] > git for-each-ref --sort -committerdate --format %(refname) %(objectname) %(*objectname) [4ms]
2023-03-20 18:59:03.951 [info] > git config --get commit.template [2ms]
2023-03-20 18:59:03.969 [info] > git for-each-ref --format=%(refname)%00%(upstream:short)%00%(objectname)%00%(upstream:track)%00%(upstream:remotename)%00%(upstream:remoteref) refs/heads/master refs/remotes/master [2ms]
2023-03-20 18:59:04.009 [info] > git status -z -uall [23ms]
2023-03-20 18:59:04.013 [info] > git for-each-ref --sort -committerdate --format %(refname) %(objectname) %(*objectname) [4ms]
2023-03-20 19:02:37.727 [info] > git config --get commit.template [2ms]
2023-03-20 19:02:37.753 [info] > git for-each-ref --format=%(refname)%00%(upstream:short)%00%(objectname)%00%(upstream:track)%00%(upstream:remotename)%00%(upstream:remoteref) refs/heads/master refs/remotes/master [4ms]
2023-03-20 19:02:37.803 [info] > git status -z -uall [27ms]
2023-03-20 19:02:37.806 [info] > git for-each-ref --sort -committerdate --format %(refname) %(objectname) %(*objectname) [3ms]
2023-03-20 19:04:15.748 [info] > git config --get commit.template [23ms]
2023-03-20 19:04:15.751 [info] > git for-each-ref --format=%(refname)%00%(upstream:short)%00%(objectname)%00%(upstream:track)%00%(upstream:remotename)%00%(upstream:remoteref) refs/heads/master refs/remotes/master [6ms]
2023-03-20 19:04:15.793 [info] > git status -z -uall [19ms]
2023-03-20 19:04:15.794 [info] > git for-each-ref --sort -committerdate --format %(refname) %(objectname) %(*objectname) [3ms]
2023-03-20 19:05:03.799 [info] > git config --get commit.template [4ms]
2023-03-20 19:05:03.824 [info] > git for-each-ref --format=%(refname)%00%(upstream:short)%00%(objectname)%00%(upstream:track)%00%(upstream:remotename)%00%(upstream:remoteref) refs/heads/master refs/remotes/master [2ms]
2023-03-20 19:05:03.868 [info] > git status -z -uall [22ms]
2023-03-20 19:05:03.870 [info] > git for-each-ref --sort -committerdate --format %(refname) %(objectname) %(*objectname) [3ms]
2023-03-20 19:08:01.326 [info] > git config --get commit.template [3ms]
2023-03-20 19:08:01.354 [info] > git for-each-ref --format=%(refname)%00%(upstream:short)%00%(objectname)%00%(upstream:track)%00%(upstream:remotename)%00%(upstream:remoteref) refs/heads/master refs/remotes/master [3ms]
2023-03-20 19:08:01.400 [info] > git status -z -uall [24ms]
2023-03-20 19:08:01.403 [info] > git for-each-ref --sort -committerdate --format %(refname) %(objectname) %(*objectname) [5ms]
2023-03-20 19:13:00.484 [info] > git config --get commit.template [25ms]
2023-03-20 19:13:00.485 [info] > git for-each-ref --format=%(refname)%00%(upstream:short)%00%(objectname)%00%(upstream:track)%00%(upstream:remotename)%00%(upstream:remoteref) refs/heads/master refs/remotes/master [3ms]
2023-03-20 19:13:00.530 [info] > git status -z -uall [23ms]
2023-03-20 19:13:00.532 [info] > git for-each-ref --sort -committerdate --format %(refname) %(objectname) %(*objectname) [3ms]
2023-03-20 19:13:49.910 [info] > git config --get commit.template [2ms]
2023-03-20 19:13:49.929 [info] > git for-each-ref --format=%(refname)%00%(upstream:short)%00%(objectname)%00%(upstream:track)%00%(upstream:remotename)%00%(upstream:remoteref) refs/heads/master refs/remotes/master [1ms]
2023-03-20 19:13:49.962 [info] > git status -z -uall [16ms]
2023-03-20 19:13:49.964 [info] > git for-each-ref --sort -committerdate --format %(refname) %(objectname) %(*objectname) [2ms]
2023-03-20 19:14:07.980 [info] > git config --get commit.template [3ms]
2023-03-20 19:14:08.003 [info] > git for-each-ref --format=%(refname)%00%(upstream:short)%00%(objectname)%00%(upstream:track)%00%(upstream:remotename)%00%(upstream:remoteref) refs/heads/master refs/remotes/master [3ms]
2023-03-20 19:14:08.040 [info] > git status -z -uall [20ms]
2023-03-20 19:14:08.042 [info] > git for-each-ref --sort -committerdate --format %(refname) %(objectname) %(*objectname) [2ms]
2023-03-20 19:16:02.599 [info] > git config --get commit.template [3ms]
2023-03-20 19:16:02.618 [info] > git for-each-ref --format=%(refname)%00%(upstream:short)%00%(objectname)%00%(upstream:track)%00%(upstream:remotename)%00%(upstream:remoteref) refs/heads/master refs/remotes/master [2ms]
2023-03-20 19:16:02.651 [info] > git status -z -uall [17ms]
2023-03-20 19:16:02.653 [info] > git for-each-ref --sort -committerdate --format %(refname) %(objectname) %(*objectname) [3ms]
2023-03-20 19:45:34.338 [info] > git config --get commit.template [2ms]
2023-03-20 19:45:34.356 [info] > git for-each-ref --format=%(refname)%00%(upstream:short)%00%(objectname)%00%(upstream:track)%00%(upstream:remotename)%00%(upstream:remoteref) refs/heads/master refs/remotes/master [2ms]
2023-03-20 19:45:34.392 [info] > git status -z -uall [20ms]
2023-03-20 19:45:34.394 [info] > git for-each-ref --sort -committerdate --format %(refname) %(objectname) %(*objectname) [3ms]
2023-03-20 19:47:47.738 [info] > git config --get commit.template [3ms]
2023-03-20 19:47:47.755 [info] > git for-each-ref --format=%(refname)%00%(upstream:short)%00%(objectname)%00%(upstream:track)%00%(upstream:remotename)%00%(upstream:remoteref) refs/heads/master refs/remotes/master [2ms]
2023-03-20 19:47:47.785 [info] > git status -z -uall [16ms]
2023-03-20 19:47:47.787 [info] > git for-each-ref --sort -committerdate --format %(refname) %(objectname) %(*objectname) [3ms]
2023-03-20 19:47:54.833 [info] > git config --get commit.template [2ms]
2023-03-20 19:47:54.850 [info] > git for-each-ref --format=%(refname)%00%(upstream:short)%00%(objectname)%00%(upstream:track)%00%(upstream:remotename)%00%(upstream:remoteref) refs/heads/master refs/remotes/master [2ms]
2023-03-20 19:47:54.880 [info] > git status -z -uall [16ms]
2023-03-20 19:47:54.881 [info] > git for-each-ref --sort -committerdate --format %(refname) %(objectname) %(*objectname) [2ms]
2023-03-20 19:50:03.192 [info] > git config --get commit.template [2ms]
2023-03-20 19:50:03.218 [info] > git for-each-ref --format=%(refname)%00%(upstream:short)%00%(objectname)%00%(upstream:track)%00%(upstream:remotename)%00%(upstream:remoteref) refs/heads/master refs/remotes/master [6ms]
2023-03-20 19:50:03.258 [info] > git status -z -uall [21ms]
2023-03-20 19:50:03.260 [info] > git for-each-ref --sort -committerdate --format %(refname) %(objectname) %(*objectname) [3ms]
2023-03-20 20:15:02.485 [info] > git config --get commit.template [1ms]
2023-03-20 20:15:02.500 [info] > git for-each-ref --format=%(refname)%00%(upstream:short)%00%(objectname)%00%(upstream:track)%00%(upstream:remotename)%00%(upstream:remoteref) refs/heads/master refs/remotes/master [2ms]
2023-03-20 20:15:02.526 [info] > git status -z -uall [13ms]
2023-03-20 20:15:02.527 [info] > git for-each-ref --sort -committerdate --format %(refname) %(objectname) %(*objectname) [2ms]
2023-03-20 20:20:32.231 [info] > git config --get commit.template [1ms]
2023-03-20 20:20:32.248 [info] > git for-each-ref --format=%(refname)%00%(upstream:short)%00%(objectname)%00%(upstream:track)%00%(upstream:remotename)%00%(upstream:remoteref) refs/heads/master refs/remotes/master [1ms]
2023-03-20 20:20:32.277 [info] > git status -z -uall [15ms]
2023-03-20 20:20:32.279 [info] > git for-each-ref --sort -committerdate --format %(refname) %(objectname) %(*objectname) [3ms]
2023-03-20 20:24:29.465 [info] > git config --get commit.template [4ms]
2023-03-20 20:24:29.484 [info] > git for-each-ref --format=%(refname)%00%(upstream:short)%00%(objectname)%00%(upstream:track)%00%(upstream:remotename)%00%(upstream:remoteref) refs/heads/master refs/remotes/master [2ms]
2023-03-20 20:24:29.521 [info] > git status -z -uall [20ms]
2023-03-20 20:24:29.523 [info] > git for-each-ref --sort -committerdate --format %(refname) %(objectname) %(*objectname) [3ms]
2023-03-20 20:32:14.403 [info] > git config --get commit.template [2ms]
2023-03-20 20:32:14.423 [info] > git for-each-ref --format=%(refname)%00%(upstream:short)%00%(objectname)%00%(upstream:track)%00%(upstream:remotename)%00%(upstream:remoteref) refs/heads/master refs/remotes/master [3ms]
2023-03-20 20:32:14.464 [info] > git status -z -uall [24ms]
2023-03-20 20:32:14.466 [info] > git for-each-ref --sort -committerdate --format %(refname) %(objectname) %(*objectname) [3ms]
2023-03-20 20:32:30.483 [info] > git config --get commit.template [2ms]
2023-03-20 20:32:30.500 [info] > git for-each-ref --format=%(refname)%00%(upstream:short)%00%(objectname)%00%(upstream:track)%00%(upstream:remotename)%00%(upstream:remoteref) refs/heads/master refs/remotes/master [2ms]
2023-03-20 20:32:30.532 [info] > git status -z -uall [18ms]
2023-03-20 20:32:30.534 [info] > git for-each-ref --sort -committerdate --format %(refname) %(objectname) %(*objectname) [4ms]
2023-03-20 20:33:22.173 [info] > git config --get commit.template [47ms]
2023-03-20 20:33:22.174 [info] > git for-each-ref --format=%(refname)%00%(upstream:short)%00%(objectname)%00%(upstream:track)%00%(upstream:remotename)%00%(upstream:remoteref) refs/heads/master refs/remotes/master [32ms]
2023-03-20 20:33:22.205 [info] > git status -z -uall [15ms]
2023-03-20 20:33:22.207 [info] > git for-each-ref --sort -committerdate --format %(refname) %(objectname) %(*objectname) [2ms]
2023-03-20 20:35:08.227 [info] > git config --get commit.template [2ms]
2023-03-20 20:35:08.246 [info] > git for-each-ref --format=%(refname)%00%(upstream:short)%00%(objectname)%00%(upstream:track)%00%(upstream:remotename)%00%(upstream:remoteref) refs/heads/master refs/remotes/master [2ms]
2023-03-20 20:35:08.279 [info] > git status -z -uall [18ms]
2023-03-20 20:35:08.280 [info] > git for-each-ref --sort -committerdate --format %(refname) %(objectname) %(*objectname) [3ms]
2023-03-20 20:35:34.781 [info] > git config --get commit.template [15ms]
2023-03-20 20:35:34.782 [info] > git for-each-ref --format=%(refname)%00%(upstream:short)%00%(objectname)%00%(upstream:track)%00%(upstream:remotename)%00%(upstream:remoteref) refs/heads/master refs/remotes/master [2ms]
2023-03-20 20:35:34.811 [info] > git status -z -uall [15ms]
2023-03-20 20:35:34.812 [info] > git for-each-ref --sort -committerdate --format %(refname) %(objectname) %(*objectname) [2ms]
2023-03-20 20:35:52.528 [info] > git config --get commit.template [1ms]
2023-03-20 20:35:52.547 [info] > git for-each-ref --format=%(refname)%00%(upstream:short)%00%(objectname)%00%(upstream:track)%00%(upstream:remotename)%00%(upstream:remoteref) refs/heads/master refs/remotes/master [2ms]
2023-03-20 20:35:52.573 [info] > git status -z -uall [15ms]
2023-03-20 20:35:52.575 [info] > git for-each-ref --sort -committerdate --format %(refname) %(objectname) %(*objectname) [3ms]
2023-03-20 20:37:57.020 [info] > git config --get commit.template [2ms]
2023-03-20 20:37:57.037 [info] > git for-each-ref --format=%(refname)%00%(upstream:short)%00%(objectname)%00%(upstream:track)%00%(upstream:remotename)%00%(upstream:remoteref) refs/heads/master refs/remotes/master [2ms]
2023-03-20 20:37:57.069 [info] > git status -z -uall [17ms]
2023-03-20 20:37:57.071 [info] > git for-each-ref --sort -committerdate --format %(refname) %(objectname) %(*objectname) [3ms]
2023-03-20 20:38:02.830 [info] > git config --get commit.template [2ms]
2023-03-20 20:38:02.847 [info] > git for-each-ref --format=%(refname)%00%(upstream:short)%00%(objectname)%00%(upstream:track)%00%(upstream:remotename)%00%(upstream:remoteref) refs/heads/master refs/remotes/master [2ms]
2023-03-20 20:38:02.879 [info] > git status -z -uall [14ms]
2023-03-20 20:38:02.881 [info] > git for-each-ref --sort -committerdate --format %(refname) %(objectname) %(*objectname) [3ms]
2023-03-21 21:17:07.508 [info] > git config --get commit.template [25ms]
2023-03-21 21:17:07.511 [info] > git for-each-ref --format=%(refname)%00%(upstream:short)%00%(objectname)%00%(upstream:track)%00%(upstream:remotename)%00%(upstream:remoteref) refs/heads/master refs/remotes/master [4ms]
2023-03-21 21:17:07.556 [info] > git status -z -uall [23ms]
2023-03-21 21:17:07.558 [info] > git for-each-ref --sort -committerdate --format %(refname) %(objectname) %(*objectname) [3ms]
2023-03-21 21:19:27.564 [info] > git config --get commit.template [2ms]
2023-03-21 21:19:27.585 [info] > git for-each-ref --format=%(refname)%00%(upstream:short)%00%(objectname)%00%(upstream:track)%00%(upstream:remotename)%00%(upstream:remoteref) refs/heads/master refs/remotes/master [3ms]
2023-03-21 21:19:27.633 [info] > git status -z -uall [28ms]
2023-03-21 21:19:27.635 [info] > git for-each-ref --sort -committerdate --format %(refname) %(objectname) %(*objectname) [3ms]
2023-03-21 21:22:28.839 [info] > git config --get commit.template [62ms]
2023-03-21 21:22:28.840 [info] > git for-each-ref --format=%(refname)%00%(upstream:short)%00%(objectname)%00%(upstream:track)%00%(upstream:remotename)%00%(upstream:remoteref) refs/heads/master refs/remotes/master [44ms]
2023-03-21 21:22:28.879 [info] > git status -z -uall [22ms]
2023-03-21 21:22:28.881 [info] > git for-each-ref --sort -committerdate --format %(refname) %(objectname) %(*objectname) [2ms]
2023-03-21 21:22:33.904 [info] > git config --get commit.template [2ms]
2023-03-21 21:22:33.924 [info] > git for-each-ref --format=%(refname)%00%(upstream:short)%00%(objectname)%00%(upstream:track)%00%(upstream:remotename)%00%(upstream:remoteref) refs/heads/master refs/remotes/master [1ms]
2023-03-21 21:22:33.959 [info] > git status -z -uall [18ms]
2023-03-21 21:22:33.961 [info] > git for-each-ref --sort -committerdate --format %(refname) %(objectname) %(*objectname) [3ms]
2023-03-21 21:23:05.612 [info] > git config --get commit.template [3ms]
2023-03-21 21:23:05.638 [info] > git for-each-ref --format=%(refname)%00%(upstream:short)%00%(objectname)%00%(upstream:track)%00%(upstream:remotename)%00%(upstream:remoteref) refs/heads/master refs/remotes/master [3ms]
2023-03-21 21:23:05.678 [info] > git status -z -uall [21ms]
2023-03-21 21:23:05.680 [info] > git for-each-ref --sort -committerdate --format %(refname) %(objectname) %(*objectname) [3ms]
2023-03-21 21:25:26.933 [info] > git config --get commit.template [1ms]
2023-03-21 21:25:26.949 [info] > git for-each-ref --format=%(refname)%00%(upstream:short)%00%(objectname)%00%(upstream:track)%00%(upstream:remotename)%00%(upstream:remoteref) refs/heads/master refs/remotes/master [1ms]
2023-03-21 21:25:26.980 [info] > git status -z -uall [17ms]
2023-03-21 21:25:26.982 [info] > git for-each-ref --sort -committerdate --format %(refname) %(objectname) %(*objectname) [4ms]
2023-03-21 21:26:36.084 [info] > git config --get commit.template [59ms]
2023-03-21 21:26:36.085 [info] > git for-each-ref --format=%(refname)%00%(upstream:short)%00%(objectname)%00%(upstream:track)%00%(upstream:remotename)%00%(upstream:remoteref) refs/heads/master refs/remotes/master [42ms]
2023-03-21 21:26:36.121 [info] > git status -z -uall [16ms]
2023-03-21 21:26:36.125 [info] > git for-each-ref --sort -committerdate --format %(refname) %(objectname) %(*objectname) [4ms]
2023-03-21 21:26:48.877 [info] > git config --get commit.template [3ms]
2023-03-21 21:26:48.895 [info] > git for-each-ref --format=%(refname)%00%(upstream:short)%00%(objectname)%00%(upstream:track)%00%(upstream:remotename)%00%(upstream:remoteref) refs/heads/master refs/remotes/master [2ms]
2023-03-21 21:26:48.932 [info] > git status -z -uall [17ms]
2023-03-21 21:26:48.934 [info] > git for-each-ref --sort -committerdate --format %(refname) %(objectname) %(*objectname) [3ms]
2023-03-21 21:36:18.563 [info] > git config --get commit.template [2ms]
2023-03-21 21:36:18.579 [info] > git for-each-ref --format=%(refname)%00%(upstream:short)%00%(objectname)%00%(upstream:track)%00%(upstream:remotename)%00%(upstream:remoteref) refs/heads/master refs/remotes/master [2ms]
2023-03-21 21:36:18.611 [info] > git status -z -uall [18ms]
2023-03-21 21:36:18.612 [info] > git for-each-ref --sort -committerdate --format %(refname) %(objectname) %(*objectname) [2ms]
2023-03-21 21:36:27.010 [info] > git config --get commit.template [3ms]
2023-03-21 21:36:27.028 [info] > git for-each-ref --format=%(refname)%00%(upstream:short)%00%(objectname)%00%(upstream:track)%00%(upstream:remotename)%00%(upstream:remoteref) refs/heads/master refs/remotes/master [2ms]
2023-03-21 21:36:27.064 [info] > git status -z -uall [19ms]
2023-03-21 21:36:27.067 [info] > git for-each-ref --sort -committerdate --format %(refname) %(objectname) %(*objectname) [4ms]
2023-03-21 21:36:59.885 [info] > git config --get commit.template [2ms]
2023-03-21 21:36:59.911 [info] > git for-each-ref --format=%(refname)%00%(upstream:short)%00%(objectname)%00%(upstream:track)%00%(upstream:remotename)%00%(upstream:remoteref) refs/heads/master refs/remotes/master [4ms]
2023-03-21 21:36:59.947 [info] > git status -z -uall [19ms]
2023-03-21 21:36:59.949 [info] > git for-each-ref --sort -committerdate --format %(refname) %(objectname) %(*objectname) [2ms]
2023-03-21 21:38:36.405 [info] > git config --get commit.template [70ms]
2023-03-21 21:38:36.408 [info] > git for-each-ref --format=%(refname)%00%(upstream:short)%00%(objectname)%00%(upstream:track)%00%(upstream:remotename)%00%(upstream:remoteref) refs/heads/master refs/remotes/master [24ms]
2023-03-21 21:38:36.439 [info] > git status -z -uall [15ms]
2023-03-21 21:38:36.441 [info] > git for-each-ref --sort -committerdate --format %(refname) %(objectname) %(*objectname) [2ms]
2023-03-21 21:38:47.901 [info] > git config --get commit.template [2ms]
2023-03-21 21:38:47.920 [info] > git for-each-ref --format=%(refname)%00%(upstream:short)%00%(objectname)%00%(upstream:track)%00%(upstream:remotename)%00%(upstream:remoteref) refs/heads/master refs/remotes/master [2ms]
2023-03-21 21:38:47.955 [info] > git status -z -uall [18ms]
2023-03-21 21:38:47.956 [info] > git for-each-ref --sort -committerdate --format %(refname) %(objectname) %(*objectname) [2ms]
2023-03-21 21:43:02.304 [info] > git config --get commit.template [19ms]
2023-03-21 21:43:02.304 [info] > git for-each-ref --format=%(refname)%00%(upstream:short)%00%(objectname)%00%(upstream:track)%00%(upstream:remotename)%00%(upstream:remoteref) refs/heads/master refs/remotes/master [2ms]
2023-03-21 21:43:02.339 [info] > git status -z -uall [16ms]
2023-03-21 21:43:02.340 [info] > git for-each-ref --sort -committerdate --format %(refname) %(objectname) %(*objectname) [2ms]
2023-03-21 21:43:28.192 [info] > git config --get commit.template [22ms]
2023-03-21 21:43:28.193 [info] > git for-each-ref --format=%(refname)%00%(upstream:short)%00%(objectname)%00%(upstream:track)%00%(upstream:remotename)%00%(upstream:remoteref) refs/heads/master refs/remotes/master [2ms]
2023-03-21 21:43:28.240 [info] > git status -z -uall [27ms]
2023-03-21 21:43:28.242 [info] > git for-each-ref --sort -committerdate --format %(refname) %(objectname) %(*objectname) [3ms]
2023-03-21 21:43:33.267 [info] > git config --get commit.template [2ms]
2023-03-21 21:43:33.285 [info] > git for-each-ref --format=%(refname)%00%(upstream:short)%00%(objectname)%00%(upstream:track)%00%(upstream:remotename)%00%(upstream:remoteref) refs/heads/master refs/remotes/master [1ms]
2023-03-21 21:43:33.322 [info] > git status -z -uall [17ms]
2023-03-21 21:43:33.323 [info] > git for-each-ref --sort -committerdate --format %(refname) %(objectname) %(*objectname) [2ms]
2023-03-21 21:48:37.948 [info] > git config --get commit.template [3ms]
2023-03-21 21:48:37.966 [info] > git for-each-ref --format=%(refname)%00%(upstream:short)%00%(objectname)%00%(upstream:track)%00%(upstream:remotename)%00%(upstream:remoteref) refs/heads/master refs/remotes/master [2ms]
2023-03-21 21:48:38.006 [info] > git status -z -uall [23ms]
2023-03-21 21:48:38.008 [info] > git for-each-ref --sort -committerdate --format %(refname) %(objectname) %(*objectname) [3ms]
2023-03-21 21:49:32.269 [info] > git config --get commit.template [21ms]
2023-03-21 21:49:32.271 [info] > git for-each-ref --format=%(refname)%00%(upstream:short)%00%(objectname)%00%(upstream:track)%00%(upstream:remotename)%00%(upstream:remoteref) refs/heads/master refs/remotes/master [3ms]
2023-03-21 21:49:32.313 [info] > git status -z -uall [23ms]
2023-03-21 21:49:32.317 [info] > git for-each-ref --sort -committerdate --format %(refname) %(objectname) %(*objectname) [4ms]
2023-03-21 21:50:26.354 [info] > git config --get commit.template [2ms]
2023-03-21 21:50:26.374 [info] > git for-each-ref --format=%(refname)%00%(upstream:short)%00%(objectname)%00%(upstream:track)%00%(upstream:remotename)%00%(upstream:remoteref) refs/heads/master refs/remotes/master [1ms]
2023-03-21 21:50:26.410 [info] > git status -z -uall [19ms]
2023-03-21 21:50:26.413 [info] > git for-each-ref --sort -committerdate --format %(refname) %(objectname) %(*objectname) [4ms]
2023-03-21 21:50:50.164 [info] > git config --get commit.template [3ms]
2023-03-21 21:50:50.193 [info] > git for-each-ref --format=%(refname)%00%(upstream:short)%00%(objectname)%00%(upstream:track)%00%(upstream:remotename)%00%(upstream:remoteref) refs/heads/master refs/remotes/master [2ms]
2023-03-21 21:50:50.244 [info] > git status -z -uall [27ms]
2023-03-21 21:50:50.245 [info] > git for-each-ref --sort -committerdate --format %(refname) %(objectname) %(*objectname) [3ms]
2023-03-21 21:51:19.888 [info] > git config --get commit.template [1ms]
2023-03-21 21:51:19.908 [info] > git for-each-ref --format=%(refname)%00%(upstream:short)%00%(objectname)%00%(upstream:track)%00%(upstream:remotename)%00%(upstream:remoteref) refs/heads/master refs/remotes/master [1ms]
2023-03-21 21:51:19.950 [info] > git status -z -uall [19ms]
2023-03-21 21:51:19.951 [info] > git for-each-ref --sort -committerdate --format %(refname) %(objectname) %(*objectname) [2ms]
2023-03-21 21:51:37.092 [info] > git config --get commit.template [2ms]
2023-03-21 21:51:37.112 [info] > git for-each-ref --format=%(refname)%00%(upstream:short)%00%(objectname)%00%(upstream:track)%00%(upstream:remotename)%00%(upstream:remoteref) refs/heads/master refs/remotes/master [2ms]
2023-03-21 21:51:37.148 [info] > git status -z -uall [19ms]
2023-03-21 21:51:37.150 [info] > git for-each-ref --sort -committerdate --format %(refname) %(objectname) %(*objectname) [3ms]
2023-03-21 21:56:16.899 [info] > git config --get commit.template [29ms]
2023-03-21 21:56:16.901 [info] > git for-each-ref --format=%(refname)%00%(upstream:short)%00%(objectname)%00%(upstream:track)%00%(upstream:remotename)%00%(upstream:remoteref) refs/heads/master refs/remotes/master [3ms]
2023-03-21 21:56:16.942 [info] > git status -z -uall [20ms]
2023-03-21 21:56:16.943 [info] > git for-each-ref --sort -committerdate --format %(refname) %(objectname) %(*objectname) [2ms]
2023-03-21 21:56:43.721 [info] > git config --get commit.template [26ms]
2023-03-21 21:56:43.724 [info] > git for-each-ref --format=%(refname)%00%(upstream:short)%00%(objectname)%00%(upstream:track)%00%(upstream:remotename)%00%(upstream:remoteref) refs/heads/master refs/remotes/master [4ms]
2023-03-21 21:56:43.765 [info] > git status -z -uall [21ms]
2023-03-21 21:56:43.767 [info] > git for-each-ref --sort -committerdate --format %(refname) %(objectname) %(*objectname) [2ms]
2023-03-21 21:58:13.053 [info] > git config --get commit.template [3ms]
2023-03-21 21:58:13.121 [info] > git for-each-ref --format=%(refname)%00%(upstream:short)%00%(objectname)%00%(upstream:track)%00%(upstream:remotename)%00%(upstream:remoteref) refs/heads/master refs/remotes/master [49ms]
2023-03-21 21:58:13.161 [info] > git status -z -uall [21ms]
2023-03-21 21:58:13.162 [info] > git for-each-ref --sort -committerdate --format %(refname) %(objectname) %(*objectname) [2ms]
2023-03-21 21:59:33.997 [info] > git config --get commit.template [18ms]
2023-03-21 21:59:33.998 [info] > git for-each-ref --format=%(refname)%00%(upstream:short)%00%(objectname)%00%(upstream:track)%00%(upstream:remotename)%00%(upstream:remoteref) refs/heads/master refs/remotes/master [2ms]
2023-03-21 21:59:34.039 [info] > git status -z -uall [24ms]
2023-03-21 21:59:34.041 [info] > git for-each-ref --sort -committerdate --format %(refname) %(objectname) %(*objectname) [3ms]
2023-03-21 22:01:12.593 [info] > git config --get commit.template [29ms]
2023-03-21 22:01:12.595 [info] > git for-each-ref --format=%(refname)%00%(upstream:short)%00%(objectname)%00%(upstream:track)%00%(upstream:remotename)%00%(upstream:remoteref) refs/heads/master refs/remotes/master [4ms]
2023-03-21 22:01:12.637 [info] > git status -z -uall [23ms]
2023-03-21 22:01:12.639 [info] > git for-each-ref --sort -committerdate --format %(refname) %(objectname) %(*objectname) [3ms]
2023-03-21 22:01:43.604 [info] > git config --get commit.template [21ms]
2023-03-21 22:01:43.607 [info] > git for-each-ref --format=%(refname)%00%(upstream:short)%00%(objectname)%00%(upstream:track)%00%(upstream:remotename)%00%(upstream:remoteref) refs/heads/master refs/remotes/master [4ms]
2023-03-21 22:01:43.652 [info] > git status -z -uall [25ms]
2023-03-21 22:01:43.653 [info] > git for-each-ref --sort -committerdate --format %(refname) %(objectname) %(*objectname) [2ms]
2023-03-22 08:08:12.919 [info] > git config --get commit.template [29ms]
2023-03-22 08:08:12.925 [info] > git for-each-ref --format=%(refname)%00%(upstream:short)%00%(objectname)%00%(upstream:track)%00%(upstream:remotename)%00%(upstream:remoteref) refs/heads/master refs/remotes/master [7ms]
2023-03-22 08:08:12.963 [info] > git status -z -uall [21ms]
2023-03-22 08:08:12.966 [info] > git for-each-ref --sort -committerdate --format %(refname) %(objectname) %(*objectname) [3ms]
2023-03-22 08:08:25.513 [info] > git config --get commit.template [2ms]
2023-03-22 08:08:25.539 [info] > git for-each-ref --format=%(refname)%00%(upstream:short)%00%(objectname)%00%(upstream:track)%00%(upstream:remotename)%00%(upstream:remoteref) refs/heads/master refs/remotes/master [2ms]
2023-03-22 08:08:25.577 [info] > git status -z -uall [20ms]
2023-03-22 08:08:25.579 [info] > git for-each-ref --sort -committerdate --format %(refname) %(objectname) %(*objectname) [2ms]
2023-03-24 13:21:00.881 [info] > git config --get commit.template [55ms]
2023-03-24 13:21:00.882 [info] > git for-each-ref --format=%(refname)%00%(upstream:short)%00%(objectname)%00%(upstream:track)%00%(upstream:remotename)%00%(upstream:remoteref) refs/heads/master refs/remotes/master [10ms]
2023-03-24 13:21:00.971 [info] > git status -z -uall [41ms]
2023-03-24 13:21:00.973 [info] > git for-each-ref --sort -committerdate --format %(refname) %(objectname) %(*objectname) [3ms]
