2023-03-30 15:41:54.034 [warning] Via 'product.json#extensionEnabledApiProposals' extension 'github.vscode-pull-request-github' wants API proposal 'commentsResolvedState' but that proposal DOES NOT EXIST. Likely, the proposal has been finalized (check 'vscode.d.ts') or was abandoned.
2023-03-30 15:41:55.007 [warning] [Vue.volar]: Cannot register 'typescript.tsdk'. This property is already registered.
2023-03-30 15:41:57.901 [error] ENOENT: no such file or directory, scandir '/home/bitrix/www/local/modules': Error: ENOENT: no such file or directory, scandir '/home/bitrix/www/local/modules'
2023-03-30 15:41:57.981 [error] No registered selector for ID: ms-vscode.npm-command: Error: No registered selector for ID: ms-vscode.npm-command
    at R.registerQuickFixProvider (vscode-file://vscode-app/usr/share/code/resources/app/out/vs/workbench/workbench.desktop.main.js:1557:27745)
    at r.$registerQuickFixProvider (vscode-file://vscode-app/usr/share/code/resources/app/out/vs/workbench/workbench.desktop.main.js:1696:52931)
    at m.N (vscode-file://vscode-app/usr/share/code/resources/app/out/vs/workbench/workbench.desktop.main.js:1573:15220)
    at m.M (vscode-file://vscode-app/usr/share/code/resources/app/out/vs/workbench/workbench.desktop.main.js:1573:14938)
    at m.H (vscode-file://vscode-app/usr/share/code/resources/app/out/vs/workbench/workbench.desktop.main.js:1573:14031)
    at m.G (vscode-file://vscode-app/usr/share/code/resources/app/out/vs/workbench/workbench.desktop.main.js:1573:13012)
    at vscode-file://vscode-app/usr/share/code/resources/app/out/vs/workbench/workbench.desktop.main.js:1573:11800
    at g.invoke (vscode-file://vscode-app/usr/share/code/resources/app/out/vs/workbench/workbench.desktop.main.js:86:145)
    at n.deliver (vscode-file://vscode-app/usr/share/code/resources/app/out/vs/workbench/workbench.desktop.main.js:86:2029)
    at a.fire (vscode-file://vscode-app/usr/share/code/resources/app/out/vs/workbench/workbench.desktop.main.js:86:1667)
    at r.fire (vscode-file://vscode-app/usr/share/code/resources/app/out/vs/workbench/workbench.desktop.main.js:553:15219)
    at Z.onmessage (vscode-file://vscode-app/usr/share/code/resources/app/out/vs/workbench/workbench.desktop.main.js:1671:1490)
2023-03-30 15:42:00.104 [warning] No search provider registered for scheme: ssh. Another scheme has a provider, not waiting for ssh
2023-03-30 15:42:00.589 [info] [perf] Render performance baseline is 73ms
2023-03-30 15:44:02.922 [error] spawn dumb ENOENT: Error: spawn dumb ENOENT
    at ChildProcess._handle.onexit (node:internal/child_process:283:19)
    at onErrorNT (node:internal/child_process:478:16)
    at process.processTicksAndRejections (node:internal/process/task_queues:83:21)
2023-03-31 16:53:30.984 [error] Cannot read properties of undefined (reading 'filter'): TypeError: Cannot read properties of undefined (reading 'filter')
	at Object.<anonymous> (/home/ilya/.vscode/extensions/bradlc.vscode-tailwindcss-0.9.11/dist/extension.js:43:11904)
	at Generator.next (<anonymous>)
	at s (/home/ilya/.vscode/extensions/bradlc.vscode-tailwindcss-0.9.11/dist/extension.js:1:1247)
2023-03-31 16:53:33.017 [error] Cannot read properties of undefined (reading 'filter'): TypeError: Cannot read properties of undefined (reading 'filter')
	at Object.<anonymous> (/home/ilya/.vscode/extensions/bradlc.vscode-tailwindcss-0.9.11/dist/extension.js:43:11904)
	at Generator.next (<anonymous>)
	at s (/home/ilya/.vscode/extensions/bradlc.vscode-tailwindcss-0.9.11/dist/extension.js:1:1247)
2023-03-31 16:53:37.517 [error] Cannot read properties of undefined (reading 'filter'): TypeError: Cannot read properties of undefined (reading 'filter')
	at Object.<anonymous> (/home/ilya/.vscode/extensions/bradlc.vscode-tailwindcss-0.9.11/dist/extension.js:43:11904)
	at Generator.next (<anonymous>)
	at s (/home/ilya/.vscode/extensions/bradlc.vscode-tailwindcss-0.9.11/dist/extension.js:1:1247)
2023-03-31 17:06:11.259 [error] Unable to read file '/home/ilya/app-employee-geo/src/bitrix.ts' (Error: File not modified since): Error: Unable to read file '/home/ilya/app-employee-geo/src/bitrix.ts' (Error: File not modified since)
    at l.w (vscode-file://vscode-app/usr/share/code/resources/app/out/vs/workbench/workbench.desktop.main.js:616:17128)
    at l.v (vscode-file://vscode-app/usr/share/code/resources/app/out/vs/workbench/workbench.desktop.main.js:616:16960)
    at async m.H (vscode-file://vscode-app/usr/share/code/resources/app/out/vs/workbench/workbench.desktop.main.js:2324:34453)
    at async m.readStream (vscode-file://vscode-app/usr/share/code/resources/app/out/vs/workbench/workbench.desktop.main.js:2324:34148)
    at async Ps.Ab (vscode-file://vscode-app/usr/share/code/resources/app/out/vs/workbench/workbench.desktop.main.js:2315:54208)
    at async vscode-file://vscode-app/usr/share/code/resources/app/out/vs/workbench/workbench.desktop.main.js:2324:30193
2023-03-31 17:06:42.049 [error] Error: file:///home/ilya/app-employee-geo/src/bitrix.ts has changed in the meantime
    at a.o (vscode-file://vscode-app/usr/share/code/resources/app/out/vs/workbench/workbench.desktop.main.js:755:8086)
    at a.apply (vscode-file://vscode-app/usr/share/code/resources/app/out/vs/workbench/workbench.desktop.main.js:755:8788)
    at m.o (vscode-file://vscode-app/usr/share/code/resources/app/out/vs/workbench/workbench.desktop.main.js:2324:23918)
    at m.perform (vscode-file://vscode-app/usr/share/code/resources/app/out/vs/workbench/workbench.desktop.main.js:2324:23345)
    at f.apply (vscode-file://vscode-app/usr/share/code/resources/app/out/vs/workbench/workbench.desktop.main.js:2324:25178)
    at w.$tryApplyWorkspaceEdit (vscode-file://vscode-app/usr/share/code/resources/app/out/vs/workbench/workbench.desktop.main.js:1558:4029)
    at m.N (vscode-file://vscode-app/usr/share/code/resources/app/out/vs/workbench/workbench.desktop.main.js:1573:15220)
    at m.M (vscode-file://vscode-app/usr/share/code/resources/app/out/vs/workbench/workbench.desktop.main.js:1573:14938)
    at m.H (vscode-file://vscode-app/usr/share/code/resources/app/out/vs/workbench/workbench.desktop.main.js:1573:14031)
    at m.G (vscode-file://vscode-app/usr/share/code/resources/app/out/vs/workbench/workbench.desktop.main.js:1573:13169)
    at vscode-file://vscode-app/usr/share/code/resources/app/out/vs/workbench/workbench.desktop.main.js:1573:11800
    at g.invoke (vscode-file://vscode-app/usr/share/code/resources/app/out/vs/workbench/workbench.desktop.main.js:86:145)
    at n.deliver (vscode-file://vscode-app/usr/share/code/resources/app/out/vs/workbench/workbench.desktop.main.js:86:2029)
    at a.fire (vscode-file://vscode-app/usr/share/code/resources/app/out/vs/workbench/workbench.desktop.main.js:86:1667)
    at r.fire (vscode-file://vscode-app/usr/share/code/resources/app/out/vs/workbench/workbench.desktop.main.js:553:15219)
    at Z.onmessage (vscode-file://vscode-app/usr/share/code/resources/app/out/vs/workbench/workbench.desktop.main.js:1671:1490)
2023-03-31 17:06:42.050 [warning] IGNORING workspace edit: Error: file:///home/ilya/app-employee-geo/src/bitrix.ts has changed in the meantime
