2023-03-31 19:31:57.614 [info] Log level: Info
2023-03-31 19:31:57.614 [info] Validating found git in: "git"
2023-03-31 19:31:57.614 [info] Using git "2.39.2" from "git"
2023-03-31 19:31:57.614 [info] > git rev-parse --show-toplevel [27ms]
2023-03-31 19:31:57.614 [info] > git rev-parse --git-dir --git-common-dir [36ms]
2023-03-31 19:31:57.614 [info] Open repository: /home/ilya/app-showfields
2023-03-31 19:31:57.614 [info] > git rev-parse --show-toplevel [23ms]
2023-03-31 19:31:57.614 [info] > git rev-parse --show-toplevel [9ms]
2023-03-31 19:31:57.614 [info] > git config --get commit.template [49ms]
2023-03-31 19:31:57.614 [info] > git rev-parse --show-toplevel [9ms]
2023-03-31 19:31:57.614 [info] > git for-each-ref --format=%(refname)%00%(upstream:short)%00%(objectname)%00%(upstream:track)%00%(upstream:remotename)%00%(upstream:remoteref) refs/heads/main refs/remotes/main [13ms]
2023-03-31 19:31:57.614 [info] > git status -z -uall [105ms]
2023-03-31 19:31:57.614 [info] > git for-each-ref --sort -committerdate --format %(refname) %(objectname) %(*objectname) [82ms]
2023-03-31 19:31:57.656 [info] > git config --get commit.template [22ms]
2023-03-31 19:31:57.701 [info] > git for-each-ref --format=%(refname)%00%(upstream:short)%00%(objectname)%00%(upstream:track)%00%(upstream:remotename)%00%(upstream:remoteref) refs/heads/main refs/remotes/main [7ms]
2023-03-31 19:31:57.752 [info] > git for-each-ref --sort -committerdate --format %(refname) %(objectname) %(*objectname) [7ms]
2023-03-31 19:31:57.804 [info] > git status -z -uall [80ms]
2023-03-31 19:31:59.977 [info] > git show --textconv :node_modules/bx24-api/index.js [22ms]
2023-03-31 19:31:59.977 [info] > git ls-files --stage -- /home/ilya/app-showfields/node_modules/bx24-api/index.js [4ms]
2023-03-31 19:32:00.676 [info] > git check-ignore -v -z --stdin [3ms]
2023-03-31 19:32:02.126 [info] > git check-ignore -v -z --stdin [10ms]
2023-03-31 19:32:05.741 [info] > git check-ignore -v -z --stdin [7ms]
2023-03-31 19:32:06.659 [info] > git check-ignore -v -z --stdin [2ms]
2023-03-31 19:32:07.307 [info] > git check-ignore -v -z --stdin [10ms]
2023-03-31 19:32:08.982 [info] > git check-ignore -v -z --stdin [2ms]
2023-03-31 19:32:09.843 [info] > git check-ignore -v -z --stdin [2ms]
