2023-03-24 13:31:57.349 [info] Reading sessions from keychain...
2023-03-24 13:31:57.349 [info] Getting sessions for user:email...
2023-03-24 13:31:57.349 [info] Getting sessions for all scopes...
2023-03-24 13:31:57.349 [info] Got stored sessions!
2023-03-24 13:31:57.349 [info] Got 1 verified sessions.
2023-03-24 13:31:57.349 [info] Got 0 sessions for user:email...
2023-03-24 13:31:57.349 [info] Got 1 sessions for ...
2023-03-24 13:31:57.567 [info] Getting sessions for all scopes...
2023-03-24 13:31:57.567 [info] Got 1 sessions for ...
2023-03-24 13:31:58.979 [info] Getting user info...
2023-03-24 13:31:59.432 [info] Got account info!
2023-03-24 13:32:14.667 [info] Getting sessions for read:user,repo,user:email,workflow...
2023-03-24 13:32:14.668 [info] Got 1 sessions for read:user,repo,user:email,workflow...
2023-03-24 13:32:15.936 [info] Getting sessions for read:user,repo,user:email,workflow...
2023-03-24 13:32:15.936 [info] Got 1 sessions for read:user,repo,user:email,workflow...
2023-03-24 13:49:35.108 [info] Reading sessions from keychain...
2023-03-24 13:49:35.108 [info] Getting sessions for user:email...
2023-03-24 13:49:35.108 [info] Got stored sessions!
2023-03-24 13:49:35.108 [info] Got 1 verified sessions.
2023-03-24 13:49:35.108 [info] Got 0 sessions for user:email...
2023-03-24 13:49:35.108 [info] Getting sessions for all scopes...
2023-03-24 13:49:35.108 [info] Got 1 sessions for ...
2023-03-24 13:49:35.108 [info] Getting sessions for user:email...
2023-03-24 13:49:35.108 [info] Got 0 sessions for user:email...
2023-03-24 13:49:35.108 [info] Getting sessions for all scopes...
2023-03-24 13:49:35.108 [info] Got 1 sessions for ...
2023-03-24 13:49:36.493 [info] Getting user info...
2023-03-24 13:49:36.873 [info] Got account info!
