2023-03-31 11:00:59.182 [info] Reading sessions from keychain...
2023-03-31 11:00:59.182 [info] Getting sessions for all scopes...
2023-03-31 11:00:59.182 [info] Got stored sessions!
2023-03-31 11:00:59.182 [info] Got 1 verified sessions.
2023-03-31 11:00:59.182 [info] Got 1 sessions for ...
2023-03-31 11:00:59.182 [info] Getting sessions for user:email...
2023-03-31 11:00:59.182 [info] Got 0 sessions for user:email...
2023-03-31 11:00:59.217 [info] Getting sessions for all scopes...
2023-03-31 11:00:59.217 [info] Got 1 sessions for ...
2023-03-31 11:01:02.305 [info] Getting user info...
2023-03-31 11:01:02.960 [info] Got account info!
2023-03-31 11:02:00.922 [info] Reading sessions from keychain...
2023-03-31 11:02:00.922 [info] Getting sessions for all scopes...
2023-03-31 11:02:00.922 [info] Got stored sessions!
2023-03-31 11:02:00.922 [info] Got 1 verified sessions.
2023-03-31 11:02:00.922 [info] Got 1 sessions for ...
2023-03-31 11:02:00.922 [info] Getting sessions for user:email...
2023-03-31 11:02:00.922 [info] Got 0 sessions for user:email...
2023-03-31 11:02:00.962 [info] Getting sessions for all scopes...
2023-03-31 11:02:00.962 [info] Got 1 sessions for ...
2023-03-31 11:02:02.496 [info] Getting user info...
2023-03-31 11:02:03.072 [info] Got account info!
