2023-03-24 13:31:56.214 [info] Log level: Info
2023-03-24 13:31:56.214 [info] Validating found git in: "git"
2023-03-24 13:31:56.214 [info] Using git "2.39.2" from "git"
2023-03-24 13:31:56.214 [info] > git rev-parse --show-toplevel [12ms]
2023-03-24 13:31:56.214 [info] > git rev-parse --git-dir --git-common-dir [4ms]
2023-03-24 13:31:56.214 [info] Open repository: /home/ilya/app-employee-geo
2023-03-24 13:31:56.214 [info] > git config --get commit.template [9ms]
2023-03-24 13:31:56.214 [info] > git rev-parse --show-toplevel [30ms]
2023-03-24 13:31:56.248 [info] > git rev-parse --show-toplevel [36ms]
2023-03-24 13:31:56.260 [info] > git for-each-ref --format=%(refname)%00%(upstream:short)%00%(objectname)%00%(upstream:track)%00%(upstream:remotename)%00%(upstream:remoteref) refs/heads/master refs/remotes/master [15ms]
2023-03-24 13:31:56.293 [info] > git status -z -uall [18ms]
2023-03-24 13:31:56.293 [info] > git for-each-ref --sort -committerdate --format %(refname) %(objectname) %(*objectname) [8ms]
2023-03-24 13:31:56.344 [info] > git config --get commit.template [11ms]
2023-03-24 13:31:56.419 [info] > git for-each-ref --format=%(refname)%00%(upstream:short)%00%(objectname)%00%(upstream:track)%00%(upstream:remotename)%00%(upstream:remoteref) refs/heads/master refs/remotes/master [17ms]
2023-03-24 13:31:57.250 [info] > git status -z -uall [820ms]
2023-03-24 13:31:57.250 [info] > git for-each-ref --sort -committerdate --format %(refname) %(objectname) %(*objectname) [807ms]
2023-03-24 13:31:57.326 [info] > git check-ignore -v -z --stdin [81ms]
2023-03-24 13:32:14.064 [info] > git check-ignore -v -z --stdin [2ms]
2023-03-24 13:32:25.967 [info] > git check-ignore -v -z --stdin [2ms]
2023-03-24 13:32:27.028 [info] > git check-ignore -v -z --stdin [3ms]
2023-03-24 13:32:28.100 [info] > git check-ignore -v -z --stdin [3ms]
2023-03-24 13:32:29.665 [info] > git show --textconv :src/helpers/colorGenerator.ts [22ms]
2023-03-24 13:32:29.670 [info] > git ls-files --stage -- /home/ilya/app-employee-geo/src/helpers/colorGenerator.ts [7ms]
2023-03-24 13:32:29.699 [info] > git cat-file -s 2982561c4f3d8a71651c967ed3871958d7b3229f [9ms]
2023-03-24 13:32:30.707 [info] > git show --textconv :src/helpers/createBase64.ts [32ms]
2023-03-24 13:32:30.714 [info] > git ls-files --stage -- /home/ilya/app-employee-geo/src/helpers/createBase64.ts [10ms]
2023-03-24 13:32:30.739 [info] > git cat-file -s 2ceabdf2e0d6d13dda43cc45a818caaf9114fc09 [8ms]
2023-03-24 13:32:35.298 [info] > git ls-files --stage -- /home/ilya/app-employee-geo/src/App.vue [5ms]
2023-03-24 13:32:35.335 [info] > git show --textconv :src/App.vue [62ms]
2023-03-24 13:32:35.338 [info] > git cat-file -s 88d25eea6544c4872b441efe19ccc81f0e036846 [5ms]
2023-03-24 13:32:36.963 [info] > git check-ignore -v -z --stdin [3ms]
2023-03-24 13:32:37.996 [info] > git show --textconv :src/screens/AdminScreen.vue [28ms]
2023-03-24 13:32:37.997 [info] > git ls-files --stage -- /home/ilya/app-employee-geo/src/screens/AdminScreen.vue [5ms]
2023-03-24 13:32:38.025 [info] > git cat-file -s a5e6608d391f247e3a01b9480a90198904795db5 [12ms]
2023-03-24 13:33:00.182 [info] > git show --textconv :src/screens/MapScreen.vue [14ms]
2023-03-24 13:33:00.184 [info] > git ls-files --stage -- /home/ilya/app-employee-geo/src/screens/MapScreen.vue [3ms]
2023-03-24 13:33:00.200 [info] > git cat-file -s 65e7230bdfe4eceba8801f69a323cb37f7aaa37f [2ms]
2023-03-24 13:39:24.128 [info] > git config --get commit.template [15ms]
2023-03-24 13:39:24.129 [info] > git for-each-ref --format=%(refname)%00%(upstream:short)%00%(objectname)%00%(upstream:track)%00%(upstream:remotename)%00%(upstream:remoteref) refs/heads/master refs/remotes/master [2ms]
2023-03-24 13:39:24.157 [info] > git status -z -uall [15ms]
2023-03-24 13:39:24.158 [info] > git for-each-ref --sort -committerdate --format %(refname) %(objectname) %(*objectname) [2ms]
2023-03-24 13:41:24.082 [info] > git config --get commit.template [17ms]
2023-03-24 13:41:24.083 [info] > git for-each-ref --format=%(refname)%00%(upstream:short)%00%(objectname)%00%(upstream:track)%00%(upstream:remotename)%00%(upstream:remoteref) refs/heads/master refs/remotes/master [3ms]
2023-03-24 13:41:24.115 [info] > git status -z -uall [18ms]
2023-03-24 13:41:24.117 [info] > git for-each-ref --sort -committerdate --format %(refname) %(objectname) %(*objectname) [4ms]
2023-03-24 13:49:32.071 [info] > git check-ignore -v -z --stdin [2ms]
2023-03-24 13:49:35.228 [info] Log level: Info
2023-03-24 13:49:35.228 [info] Validating found git in: "git"
2023-03-24 13:49:35.228 [info] Using git "2.39.2" from "git"
2023-03-24 13:49:35.234 [info] > git rev-parse --show-toplevel [28ms]
2023-03-24 13:49:35.339 [info] > git rev-parse --git-dir --git-common-dir [59ms]
2023-03-24 13:49:35.356 [info] Open repository: /home/ilya/app-employee-geo
2023-03-24 13:49:35.415 [info] > git rev-parse --show-toplevel [20ms]
2023-03-24 13:49:35.439 [info] > git rev-parse --show-toplevel [8ms]
2023-03-24 13:49:35.456 [info] > git config --get commit.template [42ms]
2023-03-24 13:49:35.459 [info] > git rev-parse --show-toplevel [4ms]
2023-03-24 13:49:35.489 [info] > git for-each-ref --format=%(refname)%00%(upstream:short)%00%(objectname)%00%(upstream:track)%00%(upstream:remotename)%00%(upstream:remoteref) refs/heads/master refs/remotes/master [6ms]
2023-03-24 13:49:35.533 [info] > git status -z -uall [28ms]
2023-03-24 13:49:35.554 [info] > git for-each-ref --sort -committerdate --format %(refname) %(objectname) %(*objectname) [30ms]
2023-03-24 13:49:35.601 [info] > git config --get commit.template [9ms]
2023-03-24 13:49:35.617 [info] > git for-each-ref --format=%(refname)%00%(upstream:short)%00%(objectname)%00%(upstream:track)%00%(upstream:remotename)%00%(upstream:remoteref) refs/heads/master refs/remotes/master [2ms]
2023-03-24 13:49:35.650 [info] > git status -z -uall [18ms]
2023-03-24 13:49:35.652 [info] > git for-each-ref --sort -committerdate --format %(refname) %(objectname) %(*objectname) [3ms]
2023-03-24 13:49:35.960 [info] > git check-ignore -v -z --stdin [2ms]
2023-03-24 13:49:36.932 [info] > git check-ignore -v -z --stdin [3ms]
