2023-03-31 19:34:58.017 [info] Extension host with pid 75279 started
2023-03-31 19:34:58.017 [info] Skipping acquiring lock for /home/ilya/.config/Code/User/workspaceStorage/da443e5f1c4aa64fa3cff79ae9707dd5.
2023-03-31 19:34:58.236 [info] ExtensionService#_doActivateExtension Vue.volar, startup: false, activationEvent: 'onLanguage:plaintext'
2023-03-31 19:34:58.298 [info] ExtensionService#_doActivateExtension vscode.emmet, startup: false, activationEvent: 'onLanguage'
2023-03-31 19:34:58.308 [info] ExtensionService#_doActivateExtension vscode.git-base, startup: true, activationEvent: '*', root cause: vscode.git
2023-03-31 19:34:58.311 [info] ExtensionService#_doActivateExtension Catppuccin.catppuccin-vsc, startup: true, activationEvent: '*'
2023-03-31 19:34:58.318 [info] ExtensionService#_doActivateExtension vscodevim.vim, startup: true, activationEvent: '*'
2023-03-31 19:34:58.618 [info] ExtensionService#_doActivateExtension vscode.git, startup: true, activationEvent: '*'
2023-03-31 19:34:58.665 [info] ExtensionService#_doActivateExtension vscode.github, startup: true, activationEvent: '*'
2023-03-31 19:34:58.764 [info] ExtensionService#_doActivateExtension DEVSENSE.phptools-vscode, startup: true, activationEvent: 'workspaceContains:**/*.php,phpunit.*'
2023-03-31 19:34:59.351 [info] Eager extensions activated
2023-03-31 19:34:59.412 [info] ExtensionService#_doActivateExtension vscode.debug-auto-launch, startup: false, activationEvent: 'onStartupFinished'
2023-03-31 19:34:59.416 [info] ExtensionService#_doActivateExtension vscode.merge-conflict, startup: false, activationEvent: 'onStartupFinished'
2023-03-31 19:34:59.429 [info] ExtensionService#_doActivateExtension bradlc.vscode-tailwindcss, startup: false, activationEvent: 'onStartupFinished'
2023-03-31 19:34:59.453 [info] ExtensionService#_doActivateExtension dsznajder.es7-react-js-snippets, startup: false, activationEvent: 'onStartupFinished'
2023-03-31 19:34:59.995 [info] ExtensionService#_doActivateExtension vscode.github-authentication, startup: false, activationEvent: 'onAuthenticationRequest:github'
2023-03-31 19:35:00.231 [info] ExtensionService#_doActivateExtension vscode.microsoft-authentication, startup: false, activationEvent: 'onAuthenticationRequest:microsoft'
2023-03-31 19:35:24.119 [info] ExtensionService#_doActivateExtension vscode.npm, startup: false, activationEvent: 'onLanguage:properties'
2023-03-31 19:35:41.549 [warning] [Decorations] CAPPING events from decorations provider vscode.git 4467
2023-03-31 19:35:43.183 [warning] [Decorations] CAPPING events from decorations provider vscode.git 4467
2023-03-31 19:35:48.315 [warning] [Decorations] CAPPING events from decorations provider vscode.git 4467
