2023-03-30 15:41:58.314 [info] Configuration changed
2023-03-30 15:41:58.561 [info] Configuration changed
2023-03-30 15:41:59.661 [info] Configuration changed
2023-03-30 15:42:00.829 [info] Configuration changed
2023-03-30 15:42:16.867 [info] /home/ilya/app-employee-geo/node_modules/@types/yandex-maps/index.d.ts closed
2023-03-30 15:42:17.127 [info] /home/ilya/app-employee-geo/node_modules/@types/yandex-maps/index.d.ts closed
2023-03-30 15:42:43.582 [info] /home/ilya/app-employee-geo/src/screens/MapScreen.vue closed
2023-03-30 15:42:43.583 [info] /home/ilya/app-employee-geo/src/screens/MapScreen.vue.git closed
2023-03-30 15:42:43.646 [info] Active editor: file:///home/ilya/app-employee-geo/src/bitrix.ts
2023-03-30 15:43:53.167 [info] Active editor: file:///home/ilya/app-employee-geo/src/screens/MapScreen.vue
2023-03-30 15:47:46.695 [info] /usr/share/code/resources/app/extensions/node_modules/typescript/lib/lib.es5.d.ts closed
2023-03-30 15:49:52.315 [info] /usr/share/code/resources/app/extensions/node_modules/typescript/lib/lib.es2015.core.d.ts closed
2023-03-30 15:58:43.298 [info] Active editor: file:///home/ilya/app-employee-geo/src/screens/AdminScreen.vue
2023-03-30 16:07:26.893 [info] Active editor: file:///home/ilya/app-employee-geo/src/bitrix.ts
2023-03-31 11:05:27.693 [info] Active editor: ssh://bitrix/home/bitrix/www/local/modules/nebo.telegram/lib/bot.php
2023-03-31 11:05:32.508 [info] Active editor: ssh://bitrix/home/bitrix/www/local/modules/nebo.telegram/lib/bot.php
2023-03-31 11:06:43.959 [info] Active editor: file:///home/ilya/app-employee-geo/src/bitrix.ts
2023-03-31 11:06:48.305 [info] Active editor: ssh://bitrix/home/bitrix/www/local/modules/nebo.telegram/lib/bot.php
2023-03-31 11:37:19.776 [info] /home/bitrix/www/local/modules/nebo.telegram/lib/bot.php closed
2023-03-31 11:37:19.807 [info] Active editor: file:///home/ilya/app-employee-geo/src/bitrix.ts
2023-03-31 11:37:24.808 [info] /home/ilya/.config/Code/Workspaces/1679654971369/workspace.json closed
2023-03-31 11:39:29.143 [info] Active editor: file:///home/ilya/app-employee-geo/src/screens/MapScreen.vue
2023-03-31 11:47:14.706 [info] Active editor: file:///home/ilya/app-employee-geo/src/helpers/getDistance.ts
2023-03-31 11:47:53.475 [info] Active editor: file:///home/ilya/app-employee-geo/src/screens/MapScreen.vue
2023-03-31 11:50:15.671 [info] /home/ilya/app-employee-geo/tsconfig.json closed
2023-03-31 12:25:09.365 [info] /usr/share/code/resources/app/extensions/node_modules/typescript/lib/lib.es5.d.ts closed
2023-03-31 12:26:10.453 [info] Active editor: file:///home/ilya/app-employee-geo/src/bitrix.ts
2023-03-31 12:26:11.789 [info] Active editor: file:///home/ilya/app-employee-geo/src/main.ts
2023-03-31 12:26:23.805 [info] /home/ilya/app-employee-geo/src/main.ts closed
2023-03-31 12:26:23.808 [info] /home/ilya/app-employee-geo/src/main.ts.git closed
2023-03-31 12:26:23.836 [info] Active editor: file:///home/ilya/app-employee-geo/src/store.ts
2023-03-31 12:26:24.250 [info] /home/ilya/app-employee-geo/src/store.ts closed
2023-03-31 12:26:24.252 [info] /home/ilya/app-employee-geo/src/store.ts.git closed
2023-03-31 12:26:24.287 [info] Active editor: file:///home/ilya/app-employee-geo/src/router.ts
2023-03-31 12:26:33.055 [info] Active editor: file:///home/ilya/app-employee-geo/src/bitrix.ts
2023-03-31 12:26:48.287 [info] /home/ilya/app-employee-geo/src/router.ts closed
2023-03-31 12:26:48.288 [info] /home/ilya/app-employee-geo/src/router.ts.git closed
2023-03-31 12:26:48.320 [info] Active editor: file:///home/ilya/app-employee-geo/src/main.ts
2023-03-31 12:26:50.517 [info] Active editor: file:///home/ilya/app-employee-geo/src/bitrix.ts
2023-03-31 12:26:51.085 [info] /home/ilya/app-employee-geo/src/main.ts closed
2023-03-31 12:26:51.086 [info] /home/ilya/app-employee-geo/src/main.ts.git closed
2023-03-31 12:26:51.121 [info] Active editor: file:///home/ilya/app-employee-geo/src/App.vue
2023-03-31 12:26:52.333 [info] /home/ilya/app-employee-geo/src/App.vue closed
2023-03-31 12:26:52.335 [info] /home/ilya/app-employee-geo/src/App.vue.git closed
2023-03-31 12:26:52.383 [info] Active editor: file:///home/ilya/app-employee-geo/src/screens/mockData.json
2023-03-31 12:26:52.785 [info] Active editor: file:///home/ilya/app-employee-geo/src/screens/MapScreen.vue
2023-03-31 12:35:34.898 [info] Active editor: file:///home/ilya/app-employee-geo/src/screens/AdminScreen.vue
2023-03-31 12:38:38.608 [info] Active editor: file:///home/ilya/app-employee-geo/src/screens/MapScreen.vue
2023-03-31 12:52:16.849 [info] /home/ilya/app-employee-geo/node_modules/@types/yandex-maps/index.d.ts closed
2023-03-31 13:18:24.466 [info] Active editor: file:///home/ilya/app-employee-geo/src/screens/AdminScreen.vue
2023-03-31 13:32:30.281 [info] Active editor: file:///home/ilya/app-employee-geo/src/bitrix.ts
2023-03-31 13:32:39.022 [info] /home/ilya/app-employee-geo/node_modules/@sknebo/bitrix-js/build/main/bitrix.d.ts closed
2023-03-31 14:53:06.592 [info] Active editor: file:///home/ilya/app-employee-geo/src/screens/MapScreen.vue
2023-03-31 14:53:09.655 [info] Active editor: file:///home/ilya/app-employee-geo/src/bitrix.ts
2023-03-31 14:53:10.131 [info] /home/ilya/app-employee-geo/src/screens/mockData.json closed
2023-03-31 14:53:10.133 [info] /home/ilya/app-employee-geo/src/screens/mockData.json.git closed
2023-03-31 14:53:10.158 [info] Active editor: file:///home/ilya/app-employee-geo/src/App.vue
2023-03-31 14:53:10.636 [info] Active editor: file:///home/ilya/app-employee-geo/src/screens/MapScreen.vue
2023-03-31 14:53:11.573 [info] /home/ilya/app-employee-geo/src/App.vue closed
2023-03-31 14:53:11.576 [info] /home/ilya/app-employee-geo/src/App.vue.git closed
2023-03-31 14:53:11.612 [info] Active editor: file:///home/ilya/app-employee-geo/src/helpers/splitArray.ts
2023-03-31 14:53:13.499 [info] Active editor: file:///home/ilya/app-employee-geo/src/screens/AdminScreen.vue
2023-03-31 14:53:14.238 [info] Active editor: file:///home/ilya/app-employee-geo/src/screens/MapScreen.vue
2023-03-31 15:05:58.069 [info] Active editor: file:///home/ilya/app-employee-geo/src/screens/AdminScreen.vue
2023-03-31 15:06:40.978 [info] Active editor: file:///home/ilya/app-employee-geo/src/helpers/getDistance.ts
2023-03-31 15:06:41.877 [info] Active editor: file:///home/ilya/app-employee-geo/src/helpers/splitArray.ts
2023-03-31 15:06:42.261 [info] Active editor: file:///home/ilya/app-employee-geo/src/screens/MapScreen.vue
2023-03-31 15:07:18.410 [info] /home/ilya/app-employee-geo/node_modules/@sknebo/bitrix-js/build/main/bitrix.d.ts closed
2023-03-31 15:15:01.411 [info] Active editor: file:///home/ilya/app-employee-geo/src/bitrix.ts
2023-03-31 15:16:58.850 [info] Active editor: file:///home/ilya/app-employee-geo/src/screens/MapScreen.vue
2023-03-31 15:17:53.362 [info] Active editor: file:///home/ilya/app-employee-geo/src/bitrix.ts
2023-03-31 15:24:20.319 [info] Active editor: file:///home/ilya/app-employee-geo/src/screens/MapScreen.vue
2023-03-31 15:50:01.228 [info] /usr/share/code/resources/app/extensions/node_modules/typescript/lib/lib.es5.d.ts closed
2023-03-31 16:28:48.157 [info] Active editor: file:///home/ilya/app-employee-geo/src/bitrix.ts
2023-03-31 16:30:50.787 [info] Active editor: file:///home/ilya/app-employee-geo/src/screens/MapScreen.vue
2023-03-31 16:31:00.160 [info] Active editor: file:///home/ilya/app-employee-geo/src/screens/AdminScreen.vue
2023-03-31 16:31:03.528 [info] Active editor: file:///home/ilya/app-employee-geo/src/bitrix.ts
2023-03-31 16:38:16.014 [info] Active editor: file:///home/ilya/app-employee-geo/src/screens/MapScreen.vue
2023-03-31 16:38:16.655 [info] Active editor: file:///home/ilya/app-employee-geo/src/screens/AdminScreen.vue
2023-03-31 16:38:17.946 [info] Active editor: file:///home/ilya/app-employee-geo/src/screens/MapScreen.vue
2023-03-31 16:39:17.231 [info] /home/ilya/app-employee-geo/node_modules/@sknebo/bitrix-js/build/main/bitrix.d.ts closed
2023-03-31 16:39:51.589 [info] Active editor: file:///home/ilya/app-employee-geo/src/screens/AdminScreen.vue
2023-03-31 16:41:22.335 [info] Active editor: file:///home/ilya/app-employee-geo/src/screens/MapScreen.vue
2023-03-31 16:41:50.168 [info] Active editor: file:///home/ilya/app-employee-geo/src/bitrix.ts
2023-03-31 16:43:48.809 [info] Active editor: file:///home/ilya/app-employee-geo/src/screens/MapScreen.vue
2023-03-31 16:53:19.579 [info] Active editor: file:///home/ilya/app-employee-geo/src/bitrix.ts
2023-03-31 16:53:30.867 [info] /home/ilya/app-employee-geo/src/helpers/splitArray.ts closed
2023-03-31 16:53:30.868 [info] /home/ilya/app-employee-geo/src/helpers/splitArray.ts.git closed
2023-03-31 16:53:30.924 [info] Active editor: file:///home/ilya/app-employee-geo/node_modules/%40sknebo/bitrix-js/build/main/bitrix.d.ts
2023-03-31 16:53:49.103 [info] Active editor: file:///home/ilya/app-employee-geo/src/bitrix.ts
2023-03-31 16:53:58.249 [info] Active editor: file:///home/ilya/app-employee-geo/src/App.vue
2023-03-31 16:53:59.924 [info] Active editor: file:///home/ilya/app-employee-geo/src/screens/MapScreen.vue
2023-03-31 16:55:02.652 [info] /home/ilya/app-employee-geo/src/store.ts closed
2023-03-31 16:55:17.021 [info] /usr/share/code/resources/app/extensions/node_modules/typescript/lib/lib.dom.d.ts closed
2023-03-31 17:00:51.065 [info] /home/ilya/app-employee-geo/src/store.ts closed
2023-03-31 17:03:56.965 [info] Active editor: file:///home/ilya/app-employee-geo/src/bitrix.ts
2023-03-31 17:05:31.248 [info] Active editor: file:///home/ilya/app-employee-geo/src/screens/MapScreen.vue
2023-03-31 17:05:38.690 [info] Active editor: file:///home/ilya/app-employee-geo/src/bitrix.ts
2023-03-31 17:05:45.329 [info] /home/ilya/app-employee-geo/src/App.vue closed
2023-03-31 17:05:45.330 [info] /home/ilya/app-employee-geo/src/App.vue.git closed
2023-03-31 17:05:45.366 [info] Active editor: file:///home/ilya/app-employee-geo/src/router.ts
2023-03-31 17:05:48.109 [info] Active editor: file:///home/ilya/app-employee-geo/src/bitrix.ts
2023-03-31 17:06:11.170 [info] /home/ilya/app-employee-geo/src/bitrix.ts closed
2023-03-31 17:06:11.171 [info] /home/ilya/app-employee-geo/src/bitrix.ts.git closed
2023-03-31 17:06:11.199 [info] Active editor: file:///home/ilya/app-employee-geo/src/router.ts
2023-03-31 17:06:11.805 [info] /home/ilya/app-employee-geo/src/router.ts closed
2023-03-31 17:06:11.805 [info] /home/ilya/app-employee-geo/src/router.ts.git closed
2023-03-31 17:06:11.832 [info] Active editor: file:///home/ilya/app-employee-geo/src/bitrix.ts
2023-03-31 17:06:48.898 [info] Active editor: file:///home/ilya/app-employee-geo/src/store.ts
2023-03-31 17:06:52.760 [info] /home/ilya/app-employee-geo/src/store.ts closed
2023-03-31 17:06:52.762 [info] /home/ilya/app-employee-geo/src/store.ts.git closed
2023-03-31 17:06:52.796 [info] Active editor: file:///home/ilya/app-employee-geo/src/router.ts
2023-03-31 17:06:53.398 [info] Active editor: file:///home/ilya/app-employee-geo/src/bitrix.ts
2023-03-31 17:07:29.675 [info] Active editor: file:///home/ilya/app-employee-geo/src/screens/MapScreen.vue
2023-03-31 17:09:59.081 [info] Active editor: file:///home/ilya/app-employee-geo/src/bitrix.ts
2023-03-31 17:10:06.619 [info] Active editor: file:///home/ilya/app-employee-geo/src/router.ts
2023-03-31 17:10:10.177 [info] /home/ilya/app-employee-geo/src/router.ts closed
2023-03-31 17:10:10.179 [info] /home/ilya/app-employee-geo/src/router.ts.git closed
2023-03-31 17:10:10.213 [info] Active editor: file:///home/ilya/app-employee-geo/src/main.ts
2023-03-31 17:10:12.606 [info] Active editor: file:///home/ilya/app-employee-geo/src/bitrix.ts
2023-03-31 17:13:58.977 [info] Active editor: file:///home/ilya/app-employee-geo/src/main.ts
2023-03-31 17:14:56.780 [info] Active editor: file:///home/ilya/app-employee-geo/src/bitrix.ts
2023-03-31 17:14:57.780 [info] Active editor: file:///home/ilya/app-employee-geo/src/screens/MapScreen.vue
2023-03-31 17:15:07.457 [info] Active editor: file:///home/ilya/app-employee-geo/src/bitrix.ts
2023-03-31 17:16:43.920 [info] Active editor: file:///home/ilya/app-employee-geo/src/screens/MapScreen.vue
2023-03-31 17:16:44.809 [info] /home/ilya/app-employee-geo/src/main.ts closed
2023-03-31 17:16:44.810 [info] /home/ilya/app-employee-geo/src/main.ts.git closed
2023-03-31 17:16:44.856 [info] Active editor: file:///home/ilya/app-employee-geo/src/App.vue
2023-03-31 17:16:45.605 [info] Active editor: file:///home/ilya/app-employee-geo/src/bitrix.ts
2023-03-31 17:17:22.986 [info] /home/ilya/app-employee-geo/src/App.vue closed
2023-03-31 17:17:22.987 [info] /home/ilya/app-employee-geo/src/App.vue.git closed
2023-03-31 17:17:23.029 [info] Active editor: file:///home/ilya/app-employee-geo/src/screens/mockData.json
2023-03-31 17:17:23.449 [info] Active editor: file:///home/ilya/app-employee-geo/src/screens/MapScreen.vue
2023-03-31 17:17:24.965 [info] Active editor: file:///home/ilya/app-employee-geo/src/screens/AdminScreen.vue
2023-03-31 17:17:30.368 [info] Active editor: file:///home/ilya/app-employee-geo/src/helpers/getDistance.ts
2023-03-31 17:17:32.587 [info] /home/ilya/app-employee-geo/src/helpers/getDistance.ts closed
2023-03-31 17:17:32.588 [info] /home/ilya/app-employee-geo/src/helpers/getDistance.ts.git closed
2023-03-31 17:17:32.598 [info] Active editor: file:///home/ilya/app-employee-geo/src/screens/AdminScreen.vue
2023-03-31 17:17:40.281 [info] Active editor: file:///home/ilya/app-employee-geo/src/screens/MapScreen.vue
2023-03-31 17:18:02.803 [info] Active editor: file:///home/ilya/app-employee-geo/src/bitrix.ts
2023-03-31 17:20:16.426 [info] /home/ilya/app-employee-geo/src/screens/mockData.json closed
2023-03-31 17:20:16.428 [info] /home/ilya/app-employee-geo/src/screens/mockData.json.git closed
2023-03-31 17:20:16.458 [info] Active editor: file:///home/ilya/app-employee-geo/src/store.ts
2023-03-31 17:20:17.283 [info] /home/ilya/app-employee-geo/src/store.ts closed
2023-03-31 17:20:17.287 [info] /home/ilya/app-employee-geo/src/store.ts.git closed
2023-03-31 17:20:17.321 [info] Active editor: file:///home/ilya/app-employee-geo/src/router.ts
2023-03-31 17:20:18.139 [info] /home/ilya/app-employee-geo/src/router.ts closed
2023-03-31 17:20:18.140 [info] /home/ilya/app-employee-geo/src/router.ts.git closed
2023-03-31 17:20:18.164 [info] Active editor: file:///home/ilya/app-employee-geo/src/store.ts
2023-03-31 17:20:22.174 [info] /home/ilya/app-employee-geo/node_modules/@vue/reactivity/dist/reactivity.d.ts closed
2023-03-31 17:20:23.923 [info] Active editor: file:///home/ilya/app-employee-geo/src/screens/MapScreen.vue
2023-03-31 17:22:04.633 [info] Active editor: file:///home/ilya/app-employee-geo/src/bitrix.ts
2023-03-31 17:23:12.367 [info] Active editor: file:///home/ilya/app-employee-geo/src/store.ts
2023-03-31 17:23:16.821 [info] /home/ilya/app-employee-geo/src/store.ts closed
2023-03-31 17:23:16.822 [info] /home/ilya/app-employee-geo/src/store.ts.git closed
2023-03-31 17:23:16.878 [info] Active editor: file:///home/ilya/app-employee-geo/src/router.ts
2023-03-31 17:23:18.422 [info] Active editor: file:///home/ilya/app-employee-geo/src/bitrix.ts
2023-03-31 17:23:35.937 [info] Active editor: file:///home/ilya/app-employee-geo/src/screens/MapScreen.vue
2023-03-31 17:26:03.908 [info] /usr/share/code/resources/app/extensions/node_modules/typescript/lib/lib.dom.d.ts closed
2023-03-31 17:28:17.879 [info] Active editor: file:///home/ilya/app-employee-geo/src/bitrix.ts
2023-03-31 17:30:46.363 [info] Active editor: file:///home/ilya/app-employee-geo/src/screens/MapScreen.vue
2023-03-31 17:42:13.909 [info] Active editor: file:///home/ilya/app-employee-geo/src/screens/AdminScreen.vue
2023-03-31 17:44:40.865 [info] Active editor: file:///home/ilya/app-employee-geo/src/screens/MapScreen.vue
2023-03-31 17:48:47.941 [info] Active editor: file:///home/ilya/app-employee-geo/src/bitrix.ts
