2023-03-24 13:31:53.446 [info] update#setState idle
2023-03-24 13:31:54.574 [info] [UtilityProcess id: 1, type: extensionHost, pid: <none>]: creating new...
2023-03-24 13:31:54.591 [info] [UtilityProcess id: 1, type: extensionHost, pid: 111003]: successfully created
2023-03-24 13:31:55.035 [info] [UtilityProcess id: 2, type: extensionHost, pid: <none>]: creating new...
2023-03-24 13:31:55.063 [info] [UtilityProcess id: 2, type: extensionHost, pid: 111036]: successfully created
2023-03-24 13:32:05.013 [info] [UtilityProcess id: 2, type: extensionHost, pid: 111036]: received exit event with code 0
2023-03-24 13:32:05.013 [info] Extension host with pid 111036 exited with code: 0, signal: unknown.
2023-03-24 13:32:23.449 [info] update#setState checking for updates
2023-03-24 13:32:23.458 [info] update#setState available for download
2023-03-24 13:49:33.560 [info] [UtilityProcess id: 1, type: extensionHost, pid: 111003]: received exit event with code 0
2023-03-24 13:49:33.561 [info] Extension host with pid 111003 exited with code: 0, signal: unknown.
2023-03-24 13:49:33.590 [info] [UtilityProcess id: 3, type: extensionHost, pid: <none>]: creating new...
2023-03-24 13:49:33.603 [info] [UtilityProcess id: 3, type: extensionHost, pid: 112465]: successfully created
2023-03-24 18:52:43.078 [info] [UtilityProcess id: 4, type: extensionHost, pid: <none>]: creating new...
2023-03-24 18:52:43.091 [info] [UtilityProcess id: 4, type: extensionHost, pid: 123380]: successfully created
2023-03-24 19:01:06.070 [info] [UtilityProcess id: 4, type: extensionHost, pid: 123380]: received exit event with code 0
2023-03-24 19:01:06.071 [info] Extension host with pid 123380 exited with code: 0, signal: unknown.
2023-03-25 15:51:10.615 [info] [UtilityProcess id: 3, type: extensionHost, pid: 112465]: waiting to exit...
2023-03-25 15:51:10.620 [info] [UtilityProcess id: 3, type: extensionHost, pid: 112465]: received exit event with code 0
2023-03-25 15:51:10.620 [info] Extension host with pid 112465 exited with code: 0, signal: unknown.
