[INFO]    
Created output channel for vscode-sshfs
When posting your logs somewhere, keep the following in mind:
  - While the logging tries to censor your passwords/passphrases/..., double check!
    Maybe you also want to censor out e.g. the hostname/IP you're connecting to.
  - If you want to report an issue regarding authentication or something else that
    seems to be more of an issue with the actual SSH2 connection, it might be handy
    to reconnect with this added to your User Settings (settings.json) first:
      "sshfs.flags": [ "DEBUG_SSH2" ],
    This will (for new connections) also enable internal SSH2 logging.

[INFO]    Calculated config flags: {"fs_notify_errors":[true,"Fix for issue #282"]}
[INFO]    Extension activated, version 1.25.0, mode 1
[DEBUG]   Running VS Code version 1.75.1 {
    "node": "16.14.2",
    "v8": "10.2.154.23-electron.0",
    "uv": "1.43.0",
    "zlib": "1.2.12.1-motley",
    "brotli": "1.0.9",
    "ares": "1.18.1",
    "modules": "106",
    "nghttp2": "1.45.1",
    "napi": "8",
    "llhttp": "6.0.4",
    "openssl": "1.1.1",
    "cldr": "40.0",
    "icu": "70.1",
    "tz": "2022b",
    "unicode": "14.0",
    "electron": "19.1.9",
    "microsoft-build": "17901372",
    "chrome": "102.0.5005.194"
}
[INFO]    Loading configurations...
[DEBUG]   	Added configuration bitrix from [1]
[DEBUG]   	Added configuration bitrixapp from [1]
[INFO]    Found 2 configurations
[DEBUG]   Reading ssh://bitrix/home/bitrix/www/local/modules/.vscode/settings.json
[INFO]    [createConnection(bitrix,config)] Creating a new connection for 'bitrix'
[INFO]    Calculating actual config
[DEBUG]   	Final configuration:
{
    "name": "bitrix",
    "root": "/home/bitrix/www/local/modules/",
    "username": "root",
    "password": "<censored>",
    "host": "77.91.127.222",
    "_location": 1,
    "_locations": [
        1
    ],
    "_calculated": {
        "name": "bitrix",
        "root": "/home/bitrix/www/local/modules/",
        "username": "root",
        "password": "<censored>",
        "host": "77.91.127.222",
        "_location": 1,
        "_locations": [
            1
        ]
    },
    "port": 22
}
[INFO]    [createSocket(bitrix)] Creating socket
[DEBUG]   [createSocket(bitrix)] Connecting to 77.91.127.222:22
[DEBUG]   Reading ssh://bitrix/home/bitrix/www/local/modules/.vscode/tasks.json
[DEBUG]   Reading ssh://bitrix/home/bitrix/www/local/modules/.vscode/launch.json
[DEBUG]   Reading ssh://bitrix/home/bitrix/www/local/modules/.vscode/settings.json
[DEBUG]   Reading ssh://bitrix/home/bitrix/www/local/modules/.vscode/tasks.json
[DEBUG]   Reading ssh://bitrix/home/bitrix/www/local/modules/.vscode/launch.json
[DEBUG]   Reading ssh://bitrixapp/home/bitrix/www/application/.vscode/settings.json
[INFO]    [createConnection(bitrixapp,config)] Creating a new connection for 'bitrixapp'
[INFO]    Calculating actual config
[DEBUG]   	Final configuration:
{
    "name": "bitrixapp",
    "host": "77.91.127.222",
    "username": "root",
    "password": "<censored>",
    "root": "/home/bitrix/www/application",
    "_location": 1,
    "_locations": [
        1
    ],
    "_calculated": {
        "name": "bitrixapp",
        "host": "77.91.127.222",
        "username": "root",
        "password": "<censored>",
        "root": "/home/bitrix/www/application",
        "_location": 1,
        "_locations": [
            1
        ]
    },
    "port": 22
}
[INFO]    [createSocket(bitrixapp)] Creating socket
[DEBUG]   [createSocket(bitrixapp)] Connecting to 77.91.127.222:22
[DEBUG]   Reading ssh://bitrixapp/home/bitrix/www/application/.vscode/tasks.json
[DEBUG]   Reading ssh://bitrixapp/home/bitrix/www/application/.vscode/launch.json
[DEBUG]   Reading ssh://bitrixapp/home/bitrix/www/application/.vscode/settings.json
[DEBUG]   Reading ssh://bitrixapp/home/bitrix/www/application/.vscode/tasks.json
[DEBUG]   Reading ssh://bitrixapp/home/bitrix/www/application/.vscode/launch.json
[DEBUG]   Reading ssh://bitrix/home/bitrix/www/local/modules/nebo.logger/options.php
[INFO]    [createConnection(bitrixapp,config)] Remote version: OpenSSH_7.4
[INFO]    Loading configurations...
[DEBUG]   	Added configuration bitrix from [1]
[DEBUG]   	Added configuration bitrixapp from [1]
[INFO]    Found 2 configurations
[INFO]    [createConnection(bitrix,config)] Remote version: OpenSSH_7.4
[DEBUG]   Reading ssh://bitrix/home/bitrix/www/local/modules/.vscode/settings.json
[DEBUG]   Reading ssh://bitrix/home/bitrix/www/local/modules/.vscode/tasks.json
[DEBUG]   Reading ssh://bitrix/home/bitrix/www/local/modules/.vscode/launch.json
[DEBUG]   Reading ssh://bitrixapp/home/bitrix/www/application/.vscode/settings.json
[DEBUG]   Reading ssh://bitrixapp/home/bitrix/www/application/.vscode/tasks.json
[DEBUG]   Reading ssh://bitrixapp/home/bitrix/www/application/.vscode/launch.json
[DEBUG]   [createConnection(bitrixapp,config)] Detected known $SHELL '/bin/bash' (bash)
[INFO]    Loading configurations...
[DEBUG]   	Added configuration bitrix from [1]
[DEBUG]   	Added configuration bitrixapp from [1]
[INFO]    Found 2 configurations
[DEBUG]   Reading ssh://bitrix/home/bitrix/www/local/modules/.vscode/settings.json
[DEBUG]   Reading ssh://bitrix/home/bitrix/www/local/modules/.vscode/tasks.json
[DEBUG]   Reading ssh://bitrix/home/bitrix/www/local/modules/.vscode/launch.json
[DEBUG]   Reading ssh://bitrixapp/home/bitrix/www/application/.vscode/settings.json
[DEBUG]   Reading ssh://bitrixapp/home/bitrix/www/application/.vscode/tasks.json
[DEBUG]   Reading ssh://bitrixapp/home/bitrix/www/application/.vscode/launch.json
[DEBUG]   [createConnection(bitrix,config)] Detected known $SHELL '/bin/bash' (bash)
[DEBUG]   Reading ssh://bitrix/home/bitrix/www/local/modules/.vscode/extensions.json
[DEBUG]   Reading ssh://bitrixapp/home/bitrix/www/application/.vscode/extensions.json
[DEBUG]   Reading ssh://bitrix/home/bitrix/www/local/modules/.vscode/extensions.json
[DEBUG]   Reading ssh://bitrixapp/home/bitrix/www/application/.vscode/extensions.json
[DEBUG]   [createConnection(bitrixapp,config)] Home path: /root
[DEBUG]   [createConnection(bitrixapp,config)] Environment: []
[INFO]    [getSFTP(bitrixapp)] Creating SFTP session using standard sftp subsystem
[INFO]    Loading configurations...
[DEBUG]   	Added configuration bitrix from [1]
[DEBUG]   	Added configuration bitrixapp from [1]
[INFO]    Found 2 configurations
[DEBUG]   Reading ssh://bitrix/home/bitrix/www/local/modules/.vscode/settings.json
[DEBUG]   Reading ssh://bitrix/home/bitrix/www/local/modules/.vscode/tasks.json
[DEBUG]   Reading ssh://bitrix/home/bitrix/www/local/modules/.vscode/launch.json
[DEBUG]   Reading ssh://bitrixapp/home/bitrix/www/application/.vscode/settings.json
[DEBUG]   Reading ssh://bitrixapp/home/bitrix/www/application/.vscode/tasks.json
[DEBUG]   Reading ssh://bitrixapp/home/bitrix/www/application/.vscode/launch.json
[DEBUG]   [createConnection(bitrix,config)] Home path: /root
[DEBUG]   [createConnection(bitrix,config)] Environment: []
[INFO]    [getSFTP(bitrix)] Creating SFTP session using standard sftp subsystem
[DEBUG]   Reading ssh://bitrix/home/bitrix/www/local/modules/.git/config
[INFO]    Loading configurations...
[DEBUG]   	Added configuration bitrix from [1]
[DEBUG]   	Added configuration bitrixapp from [1]
[INFO]    Found 2 configurations
[DEBUG]   Reading ssh://bitrix/home/bitrix/www/local/modules/.vscode/settings.json
[DEBUG]   Reading ssh://bitrix/home/bitrix/www/local/modules/.vscode/tasks.json
[DEBUG]   Reading ssh://bitrix/home/bitrix/www/local/modules/.vscode/launch.json
[DEBUG]   Reading ssh://bitrixapp/home/bitrix/www/application/.vscode/settings.json
[DEBUG]   Reading ssh://bitrixapp/home/bitrix/www/application/.vscode/tasks.json
[DEBUG]   Reading ssh://bitrixapp/home/bitrix/www/application/.vscode/launch.json
[INFO]    [SSHFileSystem(bitrixapp)] SSHFileSystem created
[INFO]    Created SSHFileSystem for bitrixapp, reading root directory...
[INFO]    [SSHFileSystem(bitrix)] SSHFileSystem created
[INFO]    Created SSHFileSystem for bitrix, reading root directory...
[DEBUG]   [SSHFileSystem(bitrixapp)] Ignored (A) FileNotFound error for: ssh://bitrixapp/home/bitrix/www/application/.vscode/settings.json
[DEBUG]   [SSHFileSystem(bitrixapp)] Ignored (A) FileNotFound error for: ssh://bitrixapp/home/bitrix/www/application/.vscode/tasks.json
[DEBUG]   [SSHFileSystem(bitrixapp)] Ignored (A) FileNotFound error for: ssh://bitrixapp/home/bitrix/www/application/.vscode/launch.json
[DEBUG]   [SSHFileSystem(bitrixapp)] Ignored (A) FileNotFound error for: ssh://bitrixapp/home/bitrix/www/application/.vscode/settings.json
[DEBUG]   [SSHFileSystem(bitrixapp)] Ignored (A) FileNotFound error for: ssh://bitrixapp/home/bitrix/www/application/.vscode/tasks.json
[DEBUG]   [SSHFileSystem(bitrixapp)] Ignored (A) FileNotFound error for: ssh://bitrixapp/home/bitrix/www/application/.vscode/launch.json
[DEBUG]   [SSHFileSystem(bitrixapp)] Ignored (A) FileNotFound error for: ssh://bitrixapp/home/bitrix/www/application/.vscode/settings.json
[DEBUG]   [SSHFileSystem(bitrixapp)] Ignored (A) FileNotFound error for: ssh://bitrixapp/home/bitrix/www/application/.vscode/tasks.json
[DEBUG]   [SSHFileSystem(bitrixapp)] Ignored (A) FileNotFound error for: ssh://bitrixapp/home/bitrix/www/application/.vscode/launch.json
[DEBUG]   [SSHFileSystem(bitrixapp)] Ignored (A) FileNotFound error for: ssh://bitrixapp/home/bitrix/www/application/.vscode/settings.json
[DEBUG]   [SSHFileSystem(bitrixapp)] Ignored (A) FileNotFound error for: ssh://bitrixapp/home/bitrix/www/application/.vscode/tasks.json
[DEBUG]   [SSHFileSystem(bitrixapp)] Ignored (A) FileNotFound error for: ssh://bitrixapp/home/bitrix/www/application/.vscode/launch.json
[DEBUG]   [SSHFileSystem(bitrixapp)] Ignored (FA) FileNotFound error for: ssh://bitrixapp/home/bitrix/www/application/.vscode/settings.json
[DEBUG]   [SSHFileSystem(bitrixapp)] Ignored (FA) FileNotFound error for: ssh://bitrixapp/home/bitrix/www/application/.vscode/tasks.json
[DEBUG]   [SSHFileSystem(bitrixapp)] Ignored (FA) FileNotFound error for: ssh://bitrixapp/home/bitrix/www/application/.vscode/launch.json
[DEBUG]   [SSHFileSystem(bitrixapp)] Ignored (FA) FileNotFound error for: ssh://bitrixapp/home/bitrix/www/application/.vscode/settings.json
[DEBUG]   [SSHFileSystem(bitrixapp)] Ignored (FA) FileNotFound error for: ssh://bitrixapp/home/bitrix/www/application/.vscode/tasks.json
[DEBUG]   [SSHFileSystem(bitrixapp)] Ignored (FA) FileNotFound error for: ssh://bitrixapp/home/bitrix/www/application/.vscode/launch.json
[DEBUG]   [SSHFileSystem(bitrixapp)] Ignored (FA) FileNotFound error for: ssh://bitrixapp/home/bitrix/www/application/.vscode
[DEBUG]   [SSHFileSystem(bitrixapp)] Ignored (FA) FileNotFound error for: ssh://bitrixapp/home/bitrix/www/application/.vscode/settings.json
[DEBUG]   [SSHFileSystem(bitrixapp)] Ignored (FA) FileNotFound error for: ssh://bitrixapp/home/bitrix/www/application/.vscode/tasks.json
[DEBUG]   [SSHFileSystem(bitrixapp)] Ignored (FA) FileNotFound error for: ssh://bitrixapp/home/bitrix/www/application/.vscode/launch.json
[DEBUG]   [SSHFileSystem(bitrixapp)] Ignored (FA) FileNotFound error for: ssh://bitrixapp/home/bitrix/www/application/.git/config
[DEBUG]   [SSHFileSystem(bitrixapp)] Ignored (FA) FileNotFound error for: ssh://bitrixapp/home/bitrix/www/application/.vscode/settings.json
[DEBUG]   [SSHFileSystem(bitrixapp)] Ignored (FA) FileNotFound error for: ssh://bitrixapp/home/bitrix/www/application/.vscode/tasks.json
[DEBUG]   [SSHFileSystem(bitrixapp)] Ignored (A) FileNotFound error for: ssh://bitrixapp/home/bitrix/www/application/.vscode/extensions.json
[DEBUG]   [SSHFileSystem(bitrixapp)] Ignored (A) FileNotFound error for: ssh://bitrixapp/home/bitrix/www/application/.vscode/extensions.json
[DEBUG]   [SSHFileSystem(bitrixapp)] Ignored (A) FileNotFound error for: ssh://bitrixapp/home/bitrix/www/application/.vscode/settings.json
[DEBUG]   [SSHFileSystem(bitrixapp)] Ignored (A) FileNotFound error for: ssh://bitrixapp/home/bitrix/www/application/.vscode/tasks.json
[DEBUG]   [SSHFileSystem(bitrixapp)] Ignored (A) FileNotFound error for: ssh://bitrixapp/home/bitrix/www/application/.vscode/launch.json
[DEBUG]   [SSHFileSystem(bitrixapp)] Ignored (A) FileNotFound error for: ssh://bitrixapp/home/bitrix/www/application/.vscode/settings.json
[DEBUG]   [SSHFileSystem(bitrixapp)] Ignored (A) FileNotFound error for: ssh://bitrixapp/home/bitrix/www/application/.vscode/tasks.json
[DEBUG]   [SSHFileSystem(bitrixapp)] Ignored (FA) FileNotFound error for: ssh://bitrixapp/home/bitrix/www/application/.vscode/launch.json
[DEBUG]   [SSHFileSystem(bitrixapp)] Ignored (FA) FileNotFound error for: ssh://bitrixapp/home/bitrix/www/application/.vscode/extensions.json
[DEBUG]   [SSHFileSystem(bitrixapp)] Ignored (FA) FileNotFound error for: ssh://bitrixapp/home/bitrix/www/application/.vscode/extensions.json
[DEBUG]   [SSHFileSystem(bitrixapp)] Ignored (FA) FileNotFound error for: ssh://bitrixapp/home/bitrix/www/application/.vscode/settings.json
[DEBUG]   [SSHFileSystem(bitrixapp)] Ignored (FA) FileNotFound error for: ssh://bitrixapp/home/bitrix/www/application/.vscode/tasks.json
[DEBUG]   [SSHFileSystem(bitrixapp)] Ignored (FA) FileNotFound error for: ssh://bitrixapp/home/bitrix/www/application/.vscode/launch.json
[DEBUG]   [SSHFileSystem(bitrixapp)] Ignored (A) FileNotFound error for: ssh://bitrixapp/home/bitrix/www/application/.vscode/launch.json
[DEBUG]   [SSHFileSystem(bitrixapp)] Ignored (FA) FileNotFound error for: ssh://bitrixapp/home/bitrix/www/application/.vscode/settings.json
[DEBUG]   [SSHFileSystem(bitrixapp)] Ignored (FA) FileNotFound error for: ssh://bitrixapp/home/bitrix/www/application/.vscode/tasks.json
[DEBUG]   [SSHFileSystem(bitrixapp)] Ignored (FA) FileNotFound error for: ssh://bitrixapp/home/bitrix/www/application/.vscode/launch.json
[DEBUG]   [SSHFileSystem(bitrix)] Ignored (A) FileNotFound error for: ssh://bitrix/home/bitrix/www/local/modules/.vscode/settings.json
[DEBUG]   [SSHFileSystem(bitrix)] Ignored (A) FileNotFound error for: ssh://bitrix/home/bitrix/www/local/modules/.vscode/tasks.json
[DEBUG]   [SSHFileSystem(bitrix)] Ignored (A) FileNotFound error for: ssh://bitrix/home/bitrix/www/local/modules/.vscode/launch.json
[DEBUG]   [SSHFileSystem(bitrix)] Ignored (A) FileNotFound error for: ssh://bitrix/home/bitrix/www/local/modules/.vscode/settings.json
[DEBUG]   [SSHFileSystem(bitrix)] Ignored (A) FileNotFound error for: ssh://bitrix/home/bitrix/www/local/modules/.vscode/tasks.json
[DEBUG]   [SSHFileSystem(bitrix)] Ignored (A) FileNotFound error for: ssh://bitrix/home/bitrix/www/local/modules/.vscode/launch.json
[DEBUG]   [SSHFileSystem(bitrix)] Ignored (A) FileNotFound error for: ssh://bitrix/home/bitrix/www/local/modules/.vscode/settings.json
[DEBUG]   [SSHFileSystem(bitrix)] Ignored (A) FileNotFound error for: ssh://bitrix/home/bitrix/www/local/modules/.vscode/tasks.json
[DEBUG]   [SSHFileSystem(bitrix)] Ignored (A) FileNotFound error for: ssh://bitrix/home/bitrix/www/local/modules/.vscode/launch.json
[DEBUG]   [SSHFileSystem(bitrix)] Ignored (A) FileNotFound error for: ssh://bitrix/home/bitrix/www/local/modules/.vscode/settings.json
[DEBUG]   [SSHFileSystem(bitrix)] Ignored (A) FileNotFound error for: ssh://bitrix/home/bitrix/www/local/modules/.vscode/tasks.json
[DEBUG]   [SSHFileSystem(bitrix)] Ignored (A) FileNotFound error for: ssh://bitrix/home/bitrix/www/local/modules/.vscode/launch.json
[DEBUG]   [SSHFileSystem(bitrix)] Ignored (A) FileNotFound error for: ssh://bitrix/home/bitrix/www/local/modules/.vscode/extensions.json
[DEBUG]   [SSHFileSystem(bitrix)] Ignored (A) FileNotFound error for: ssh://bitrix/home/bitrix/www/local/modules/.vscode/extensions.json
[DEBUG]   [SSHFileSystem(bitrix)] Ignored (A) FileNotFound error for: ssh://bitrix/home/bitrix/www/local/modules/.vscode/settings.json
[DEBUG]   [SSHFileSystem(bitrix)] Ignored (A) FileNotFound error for: ssh://bitrix/home/bitrix/www/local/modules/.vscode/tasks.json
[DEBUG]   [SSHFileSystem(bitrix)] Ignored (A) FileNotFound error for: ssh://bitrix/home/bitrix/www/local/modules/.vscode/launch.json
[DEBUG]   [SSHFileSystem(bitrix)] Ignored (FA) FileNotFound error for: ssh://bitrix/home/bitrix/www/local/modules/.vscode/settings.json
[DEBUG]   [SSHFileSystem(bitrix)] Ignored (FA) FileNotFound error for: ssh://bitrix/home/bitrix/www/local/modules/.vscode/tasks.json
[DEBUG]   [SSHFileSystem(bitrix)] Ignored (FA) FileNotFound error for: ssh://bitrix/home/bitrix/www/local/modules/.vscode/launch.json
[DEBUG]   [SSHFileSystem(bitrix)] Ignored (FA) FileNotFound error for: ssh://bitrix/home/bitrix/www/local/modules/.vscode/settings.json
[DEBUG]   [SSHFileSystem(bitrix)] Ignored (FA) FileNotFound error for: ssh://bitrix/home/bitrix/www/local/modules/.vscode/tasks.json
[DEBUG]   [SSHFileSystem(bitrix)] Ignored (FA) FileNotFound error for: ssh://bitrix/home/bitrix/www/local/modules/.vscode/launch.json
[DEBUG]   [SSHFileSystem(bitrix)] Ignored (FA) FileNotFound error for: ssh://bitrix/home/bitrix/www/local/modules/.vscode
[DEBUG]   [SSHFileSystem(bitrix)] Ignored (FA) FileNotFound error for: ssh://bitrix/home/bitrix/www/local/modules/.vscode/settings.json
[DEBUG]   [SSHFileSystem(bitrix)] Ignored (FA) FileNotFound error for: ssh://bitrix/home/bitrix/www/local/modules/.vscode/tasks.json
[DEBUG]   [SSHFileSystem(bitrix)] Ignored (FA) FileNotFound error for: ssh://bitrix/home/bitrix/www/local/modules/.vscode/launch.json
[DEBUG]   [SSHFileSystem(bitrix)] Ignored (FA) FileNotFound error for: ssh://bitrix/home/bitrix/www/local/modules/.git/config
[DEBUG]   [SSHFileSystem(bitrix)] Ignored (FA) FileNotFound error for: ssh://bitrix/home/bitrix/www/local/modules/.vscode/settings.json
[DEBUG]   [SSHFileSystem(bitrix)] Ignored (FA) FileNotFound error for: ssh://bitrix/home/bitrix/www/local/modules/.vscode/tasks.json
[DEBUG]   [SSHFileSystem(bitrix)] Ignored (FA) FileNotFound error for: ssh://bitrix/home/bitrix/www/local/modules/.vscode/launch.json
[DEBUG]   [SSHFileSystem(bitrix)] Ignored (FA) FileNotFound error for: ssh://bitrix/home/bitrix/www/local/modules/.vscode/extensions.json
[DEBUG]   [SSHFileSystem(bitrix)] Ignored (FA) FileNotFound error for: ssh://bitrix/home/bitrix/www/local/modules/.vscode/extensions.json
[DEBUG]   [SSHFileSystem(bitrix)] Ignored (A) FileNotFound error for: ssh://bitrix/home/bitrix/www/local/modules/.git/config
[DEBUG]   [SSHFileSystem(bitrix)] Ignored (A) FileNotFound error for: ssh://bitrix/home/bitrix/www/local/modules/.vscode/settings.json
[DEBUG]   [SSHFileSystem(bitrix)] Ignored (A) FileNotFound error for: ssh://bitrix/home/bitrix/www/local/modules/.vscode/tasks.json
[DEBUG]   [SSHFileSystem(bitrix)] Ignored (A) FileNotFound error for: ssh://bitrix/home/bitrix/www/local/modules/.vscode/launch.json
[DEBUG]   [SSHFileSystem(bitrix)] Ignored (FA) FileNotFound error for: ssh://bitrix/home/bitrix/www/local/modules/.vscode/settings.json
[DEBUG]   [SSHFileSystem(bitrix)] Ignored (FA) FileNotFound error for: ssh://bitrix/home/bitrix/www/local/modules/.vscode/tasks.json
[DEBUG]   [SSHFileSystem(bitrix)] Ignored (FA) FileNotFound error for: ssh://bitrix/home/bitrix/www/local/modules/.vscode/launch.json
[DEBUG]   [SSHFileSystem(bitrix)] Ignored (FA) FileNotFound error for: ssh://bitrix/home/bitrix/www/local/modules/.git/config
[DEBUG]   [SSHFileSystem(bitrix)] Ignored (FA) FileNotFound error for: ssh://bitrix/home/bitrix/www/local/modules/.vscode/settings.json
[DEBUG]   [SSHFileSystem(bitrix)] Ignored (FA) FileNotFound error for: ssh://bitrix/home/bitrix/www/local/modules/.vscode/tasks.json
[DEBUG]   [SSHFileSystem(bitrix)] Ignored (FA) FileNotFound error for: ssh://bitrix/home/bitrix/www/local/modules/.vscode/launch.json
[DEBUG]   Reading ssh://bitrix/home/bitrix/www/local/modules/.devcontainer/devcontainer.json
[ERROR]   Error handling uri: ssh://bitrix/home/bitrix/www/local/modules/.devcontainer/devcontainer.json
Error: No such file
JSON: {"code":2}
Error: No such file
	at 101 (/home/ilya/.vscode/extensions/kelvin.vscode-sshfs-1.25.0/dist/14f8.extension.js:1:148276)
	at SFTP.push (/home/ilya/.vscode/extensions/kelvin.vscode-sshfs-1.25.0/dist/14f8.extension.js:1:164491)
	at CHANNEL_DATA (/home/ilya/.vscode/extensions/kelvin.vscode-sshfs-1.25.0/dist/14f8.extension.js:1:92858)
	at 94 (/home/ilya/.vscode/extensions/kelvin.vscode-sshfs-1.25.0/dist/14f8.extension.js:1:243835)
Logged at:
	at ee.<anonymous> (/home/ilya/.vscode/extensions/kelvin.vscode-sshfs-1.25.0/dist/f1d0.extension.js:1:2287)
[DEBUG]   Error converted to: EntryNotFound (FileSystemError): ssh://bitrix/home/bitrix/www/local/modules/.devcontainer/devcontainer.json
[DEBUG]   [SSHFileSystem(bitrix)] Ignored (F) FileNotFound error for: ssh://bitrix/home/bitrix/www/local/modules/.devcontainer/devcontainer.json
[DEBUG]   Reading ssh://bitrix/home/bitrix/www/local/modules/pom.xml
[DEBUG]   [SSHFileSystem(bitrix)] Ignored (A) FileNotFound error for: ssh://bitrix/home/bitrix/www/local/modules/pom.xml
[DEBUG]   [SSHFileSystem(bitrix)] Ignored (FA) FileNotFound error for: ssh://bitrix/home/bitrix/www/local/modules/pom.xml
[DEBUG]   Reading ssh://bitrix/home/bitrix/www/local/modules/build.gradle
[ERROR]   Error handling uri: ssh://bitrix/home/bitrix/www/local/modules/build.gradle
Error: No such file
JSON: {"code":2}
Error: No such file
	at 101 (/home/ilya/.vscode/extensions/kelvin.vscode-sshfs-1.25.0/dist/14f8.extension.js:1:148276)
	at SFTP.push (/home/ilya/.vscode/extensions/kelvin.vscode-sshfs-1.25.0/dist/14f8.extension.js:1:164491)
	at CHANNEL_DATA (/home/ilya/.vscode/extensions/kelvin.vscode-sshfs-1.25.0/dist/14f8.extension.js:1:92858)
	at 94 (/home/ilya/.vscode/extensions/kelvin.vscode-sshfs-1.25.0/dist/14f8.extension.js:1:243835)
Logged at:
	at ee.<anonymous> (/home/ilya/.vscode/extensions/kelvin.vscode-sshfs-1.25.0/dist/f1d0.extension.js:1:2287)
[DEBUG]   Error converted to: EntryNotFound (FileSystemError): ssh://bitrix/home/bitrix/www/local/modules/build.gradle
[DEBUG]   [SSHFileSystem(bitrix)] Ignored (F) FileNotFound error for: ssh://bitrix/home/bitrix/www/local/modules/build.gradle
[DEBUG]   Reading ssh://bitrixapp/home/bitrix/www/application/.git/config
[DEBUG]   [SSHFileSystem(bitrixapp)] Ignored (A) FileNotFound error for: ssh://bitrixapp/home/bitrix/www/application/.git/config
[DEBUG]   [SSHFileSystem(bitrixapp)] Ignored (FA) FileNotFound error for: ssh://bitrixapp/home/bitrix/www/application/.git/config
[DEBUG]   Reading ssh://bitrixapp/home/bitrix/www/application/.devcontainer/devcontainer.json
[DEBUG]   Reading ssh://bitrix/home/bitrix/www/local/modules/composer.json
[ERROR]   Error handling uri: ssh://bitrix/home/bitrix/www/local/modules/composer.json
Error: No such file
JSON: {"code":2}
Error: No such file
	at 101 (/home/ilya/.vscode/extensions/kelvin.vscode-sshfs-1.25.0/dist/14f8.extension.js:1:148276)
	at SFTP.push (/home/ilya/.vscode/extensions/kelvin.vscode-sshfs-1.25.0/dist/14f8.extension.js:1:164491)
	at CHANNEL_DATA (/home/ilya/.vscode/extensions/kelvin.vscode-sshfs-1.25.0/dist/14f8.extension.js:1:92858)
	at 94 (/home/ilya/.vscode/extensions/kelvin.vscode-sshfs-1.25.0/dist/14f8.extension.js:1:243835)
Logged at:
	at ee.<anonymous> (/home/ilya/.vscode/extensions/kelvin.vscode-sshfs-1.25.0/dist/f1d0.extension.js:1:2287)
[DEBUG]   Error converted to: EntryNotFound (FileSystemError): ssh://bitrix/home/bitrix/www/local/modules/composer.json
[ERROR]   Error handling uri: ssh://bitrixapp/home/bitrix/www/application/.devcontainer/devcontainer.json
Error: No such file
JSON: {"code":2}
Error: No such file
	at 101 (/home/ilya/.vscode/extensions/kelvin.vscode-sshfs-1.25.0/dist/14f8.extension.js:1:148276)
	at SFTP.push (/home/ilya/.vscode/extensions/kelvin.vscode-sshfs-1.25.0/dist/14f8.extension.js:1:164491)
	at CHANNEL_DATA (/home/ilya/.vscode/extensions/kelvin.vscode-sshfs-1.25.0/dist/14f8.extension.js:1:92858)
	at 94 (/home/ilya/.vscode/extensions/kelvin.vscode-sshfs-1.25.0/dist/14f8.extension.js:1:243835)
Logged at:
	at ee.<anonymous> (/home/ilya/.vscode/extensions/kelvin.vscode-sshfs-1.25.0/dist/f1d0.extension.js:1:2287)
[DEBUG]   Error converted to: EntryNotFound (FileSystemError): ssh://bitrixapp/home/bitrix/www/application/.devcontainer/devcontainer.json
[DEBUG]   [SSHFileSystem(bitrixapp)] Ignored (F) FileNotFound error for: ssh://bitrixapp/home/bitrix/www/application/.devcontainer/devcontainer.json
[DEBUG]   Reading ssh://bitrixapp/home/bitrix/www/application/composer.json
[DEBUG]   Reading ssh://bitrixapp/home/bitrix/www/application/pom.xml
[ERROR]   Error handling uri: ssh://bitrixapp/home/bitrix/www/application/composer.json
Error: No such file
JSON: {"code":2}
Error: No such file
	at 101 (/home/ilya/.vscode/extensions/kelvin.vscode-sshfs-1.25.0/dist/14f8.extension.js:1:148276)
	at SFTP.push (/home/ilya/.vscode/extensions/kelvin.vscode-sshfs-1.25.0/dist/14f8.extension.js:1:164491)
	at CHANNEL_DATA (/home/ilya/.vscode/extensions/kelvin.vscode-sshfs-1.25.0/dist/14f8.extension.js:1:92858)
	at 94 (/home/ilya/.vscode/extensions/kelvin.vscode-sshfs-1.25.0/dist/14f8.extension.js:1:243835)
Logged at:
	at ee.<anonymous> (/home/ilya/.vscode/extensions/kelvin.vscode-sshfs-1.25.0/dist/f1d0.extension.js:1:2287)
[DEBUG]   Error converted to: EntryNotFound (FileSystemError): ssh://bitrixapp/home/bitrix/www/application/composer.json
[DEBUG]   [SSHFileSystem(bitrixapp)] Ignored (A) FileNotFound error for: ssh://bitrixapp/home/bitrix/www/application/pom.xml
[DEBUG]   [SSHFileSystem(bitrixapp)] Ignored (FA) FileNotFound error for: ssh://bitrixapp/home/bitrix/www/application/pom.xml
[DEBUG]   [SSHFileSystem(bitrixapp)] Ignored (FA) FileNotFound error for: ssh://bitrixapp/home/bitrix/www/application/.git/config
[DEBUG]   [SSHFileSystem(bitrix)] Ignored (FA) FileNotFound error for: ssh://bitrix/home/bitrix/www/local/modules/.git/config
[DEBUG]   [SSHFileSystem(bitrix)] Ignored (FA) FileNotFound error for: ssh://bitrix/home/bitrix/www/local/modules/.git/config
[DEBUG]   [SSHFileSystem(bitrix)] Ignored (FA) FileNotFound error for: ssh://bitrix/home/bitrix/www/local/modules/node_modules
[DEBUG]   [SSHFileSystem(bitrixapp)] Ignored (FA) FileNotFound error for: ssh://bitrixapp/home/bitrix/www/application/.git/config
[DEBUG]   [SSHFileSystem(bitrixapp)] Ignored (FA) FileNotFound error for: ssh://bitrixapp/home/bitrix/www/application/node_modules
[DEBUG]   Reading ssh://bitrixapp/home/bitrix/www/application/build.gradle
[DEBUG]   [SSHFileSystem(bitrix)] Ignored (FA) FileNotFound error for: ssh://bitrix/home/bitrix/www/local/modules/pom.xml
[ERROR]   Error handling uri: ssh://bitrixapp/home/bitrix/www/application/build.gradle
Error: No such file
JSON: {"code":2}
Error: No such file
	at 101 (/home/ilya/.vscode/extensions/kelvin.vscode-sshfs-1.25.0/dist/14f8.extension.js:1:148276)
	at SFTP.push (/home/ilya/.vscode/extensions/kelvin.vscode-sshfs-1.25.0/dist/14f8.extension.js:1:164491)
	at CHANNEL_DATA (/home/ilya/.vscode/extensions/kelvin.vscode-sshfs-1.25.0/dist/14f8.extension.js:1:92858)
	at 94 (/home/ilya/.vscode/extensions/kelvin.vscode-sshfs-1.25.0/dist/14f8.extension.js:1:243835)
Logged at:
	at ee.<anonymous> (/home/ilya/.vscode/extensions/kelvin.vscode-sshfs-1.25.0/dist/f1d0.extension.js:1:2287)
[DEBUG]   Error converted to: EntryNotFound (FileSystemError): ssh://bitrixapp/home/bitrix/www/application/build.gradle
[DEBUG]   [SSHFileSystem(bitrixapp)] Ignored (F) FileNotFound error for: ssh://bitrixapp/home/bitrix/www/application/build.gradle
[DEBUG]   [SSHFileSystem(bitrixapp)] Ignored (FA) FileNotFound error for: ssh://bitrixapp/home/bitrix/www/application/pom.xml
[DEBUG]   Reading ssh://bitrixapp/home/bitrix/www/application/nebo_field/bp.php
[DEBUG]   [SSHFileSystem(bitrixapp)] Ignored (F) FileNotFound error for: ssh://bitrixapp/home/bitrix/www/application/package.json
[DEBUG]   [SSHFileSystem(bitrixapp)] Ignored (FA) FileNotFound error for: ssh://bitrixapp/home/bitrix/www/application/app/src/main/AndroidManifest.xml
[DEBUG]   [SSHFileSystem(bitrix)] Ignored (F) FileNotFound error for: ssh://bitrix/home/bitrix/www/local/modules/package.json
[DEBUG]   [SSHFileSystem(bitrix)] Ignored (FA) FileNotFound error for: ssh://bitrix/home/bitrix/www/local/modules/app/src/main/AndroidManifest.xml
[DEBUG]   Writing 28353 bytes to ssh://bitrixapp/home/bitrix/www/application/nebo_field/bp.php
[DEBUG]   Writing 28352 bytes to ssh://bitrixapp/home/bitrix/www/application/nebo_field/bp.php
[DEBUG]   Writing 28370 bytes to ssh://bitrixapp/home/bitrix/www/application/nebo_field/bp.php
[DEBUG]   Writing 28349 bytes to ssh://bitrixapp/home/bitrix/www/application/nebo_field/bp.php
[DEBUG]   Writing 28390 bytes to ssh://bitrixapp/home/bitrix/www/application/nebo_field/bp.php
[DEBUG]   Writing 28404 bytes to ssh://bitrixapp/home/bitrix/www/application/nebo_field/bp.php
[DEBUG]   Writing 28404 bytes to ssh://bitrixapp/home/bitrix/www/application/nebo_field/bp.php
[DEBUG]   Writing 28396 bytes to ssh://bitrixapp/home/bitrix/www/application/nebo_field/bp.php
[DEBUG]   Writing 28400 bytes to ssh://bitrixapp/home/bitrix/www/application/nebo_field/bp.php
[DEBUG]   Writing 28421 bytes to ssh://bitrixapp/home/bitrix/www/application/nebo_field/bp.php
[DEBUG]   Writing 28462 bytes to ssh://bitrixapp/home/bitrix/www/application/nebo_field/bp.php
[DEBUG]   Writing 28499 bytes to ssh://bitrixapp/home/bitrix/www/application/nebo_field/bp.php
[DEBUG]   Writing 28585 bytes to ssh://bitrixapp/home/bitrix/www/application/nebo_field/bp.php
[DEBUG]   Writing 28499 bytes to ssh://bitrixapp/home/bitrix/www/application/nebo_field/bp.php
[DEBUG]   Writing 28588 bytes to ssh://bitrixapp/home/bitrix/www/application/nebo_field/bp.php
[DEBUG]   Writing 28651 bytes to ssh://bitrixapp/home/bitrix/www/application/nebo_field/bp.php
[DEBUG]   Writing 28652 bytes to ssh://bitrixapp/home/bitrix/www/application/nebo_field/bp.php
[DEBUG]   Writing 28672 bytes to ssh://bitrixapp/home/bitrix/www/application/nebo_field/bp.php
[DEBUG]   Writing 28718 bytes to ssh://bitrixapp/home/bitrix/www/application/nebo_field/bp.php
[DEBUG]   Writing 28724 bytes to ssh://bitrixapp/home/bitrix/www/application/nebo_field/bp.php
[DEBUG]   Writing 28789 bytes to ssh://bitrixapp/home/bitrix/www/application/nebo_field/bp.php
[DEBUG]   Writing 28788 bytes to ssh://bitrixapp/home/bitrix/www/application/nebo_field/bp.php
[DEBUG]   Writing 28784 bytes to ssh://bitrixapp/home/bitrix/www/application/nebo_field/bp.php
[DEBUG]   Writing 28729 bytes to ssh://bitrixapp/home/bitrix/www/application/nebo_field/bp.php
[DEBUG]   Writing 28712 bytes to ssh://bitrixapp/home/bitrix/www/application/nebo_field/bp.php
[DEBUG]   Writing 28832 bytes to ssh://bitrixapp/home/bitrix/www/application/nebo_field/bp.php
[DEBUG]   Writing 28875 bytes to ssh://bitrixapp/home/bitrix/www/application/nebo_field/bp.php
[DEBUG]   Writing 28918 bytes to ssh://bitrixapp/home/bitrix/www/application/nebo_field/bp.php
[DEBUG]   Writing 28876 bytes to ssh://bitrixapp/home/bitrix/www/application/nebo_field/bp.php
[DEBUG]   Writing 28873 bytes to ssh://bitrixapp/home/bitrix/www/application/nebo_field/bp.php
[DEBUG]   Writing 28868 bytes to ssh://bitrixapp/home/bitrix/www/application/nebo_field/bp.php
[DEBUG]   Writing 28749 bytes to ssh://bitrixapp/home/bitrix/www/application/nebo_field/bp.php
[DEBUG]   Writing 28767 bytes to ssh://bitrixapp/home/bitrix/www/application/nebo_field/bp.php
[DEBUG]   Writing 28750 bytes to ssh://bitrixapp/home/bitrix/www/application/nebo_field/bp.php
[DEBUG]   Writing 28774 bytes to ssh://bitrixapp/home/bitrix/www/application/nebo_field/bp.php
[DEBUG]   Writing 28845 bytes to ssh://bitrixapp/home/bitrix/www/application/nebo_field/bp.php
[DEBUG]   Writing 28920 bytes to ssh://bitrixapp/home/bitrix/www/application/nebo_field/bp.php
[DEBUG]   Writing 28922 bytes to ssh://bitrixapp/home/bitrix/www/application/nebo_field/bp.php
[DEBUG]   Writing 28955 bytes to ssh://bitrixapp/home/bitrix/www/application/nebo_field/bp.php
[DEBUG]   Writing 28964 bytes to ssh://bitrixapp/home/bitrix/www/application/nebo_field/bp.php
[DEBUG]   Writing 28960 bytes to ssh://bitrixapp/home/bitrix/www/application/nebo_field/bp.php
[DEBUG]   Writing 28964 bytes to ssh://bitrixapp/home/bitrix/www/application/nebo_field/bp.php
[DEBUG]   Writing 28960 bytes to ssh://bitrixapp/home/bitrix/www/application/nebo_field/bp.php
[DEBUG]   Writing 28945 bytes to ssh://bitrixapp/home/bitrix/www/application/nebo_field/bp.php
[DEBUG]   Writing 28925 bytes to ssh://bitrixapp/home/bitrix/www/application/nebo_field/bp.php
[DEBUG]   Writing 28652 bytes to ssh://bitrixapp/home/bitrix/www/application/nebo_field/bp.php
[DEBUG]   Writing 28652 bytes to ssh://bitrixapp/home/bitrix/www/application/nebo_field/bp.php
[DEBUG]   Writing 28648 bytes to ssh://bitrixapp/home/bitrix/www/application/nebo_field/bp.php
[DEBUG]   Writing 28601 bytes to ssh://bitrixapp/home/bitrix/www/application/nebo_field/bp.php
[DEBUG]   Writing 28601 bytes to ssh://bitrixapp/home/bitrix/www/application/nebo_field/bp.php
[DEBUG]   Writing 28652 bytes to ssh://bitrixapp/home/bitrix/www/application/nebo_field/bp.php
[DEBUG]   Writing 28648 bytes to ssh://bitrixapp/home/bitrix/www/application/nebo_field/bp.php
[DEBUG]   Writing 28574 bytes to ssh://bitrixapp/home/bitrix/www/application/nebo_field/bp.php
[DEBUG]   Writing 28557 bytes to ssh://bitrixapp/home/bitrix/www/application/nebo_field/bp.php
[DEBUG]   Writing 28598 bytes to ssh://bitrixapp/home/bitrix/www/application/nebo_field/bp.php
[DEBUG]   Writing 28499 bytes to ssh://bitrixapp/home/bitrix/www/application/nebo_field/bp.php
[DEBUG]   Writing 28583 bytes to ssh://bitrixapp/home/bitrix/www/application/nebo_field/bp.php
[DEBUG]   Writing 28607 bytes to ssh://bitrixapp/home/bitrix/www/application/nebo_field/bp.php
[DEBUG]   Writing 28603 bytes to ssh://bitrixapp/home/bitrix/www/application/nebo_field/bp.php
[DEBUG]   Writing 28633 bytes to ssh://bitrixapp/home/bitrix/www/application/nebo_field/bp.php
[DEBUG]   Writing 28421 bytes to ssh://bitrixapp/home/bitrix/www/application/nebo_field/bp.php
[DEBUG]   Writing 28436 bytes to ssh://bitrixapp/home/bitrix/www/application/nebo_field/bp.php
[DEBUG]   Writing 28445 bytes to ssh://bitrixapp/home/bitrix/www/application/nebo_field/bp.php
[DEBUG]   Writing 28460 bytes to ssh://bitrixapp/home/bitrix/www/application/nebo_field/bp.php
[DEBUG]   Writing 28643 bytes to ssh://bitrixapp/home/bitrix/www/application/nebo_field/bp.php
[DEBUG]   Writing 28682 bytes to ssh://bitrixapp/home/bitrix/www/application/nebo_field/bp.php
[DEBUG]   Writing 28678 bytes to ssh://bitrixapp/home/bitrix/www/application/nebo_field/bp.php
[DEBUG]   Writing 28736 bytes to ssh://bitrixapp/home/bitrix/www/application/nebo_field/bp.php
[DEBUG]   Writing 28726 bytes to ssh://bitrixapp/home/bitrix/www/application/nebo_field/bp.php
[DEBUG]   Writing 28771 bytes to ssh://bitrixapp/home/bitrix/www/application/nebo_field/bp.php
[DEBUG]   Writing 28780 bytes to ssh://bitrixapp/home/bitrix/www/application/nebo_field/bp.php
[DEBUG]   Writing 28792 bytes to ssh://bitrixapp/home/bitrix/www/application/nebo_field/bp.php
[DEBUG]   Writing 28847 bytes to ssh://bitrixapp/home/bitrix/www/application/nebo_field/bp.php
[DEBUG]   Writing 28794 bytes to ssh://bitrixapp/home/bitrix/www/application/nebo_field/bp.php
[DEBUG]   Writing 28849 bytes to ssh://bitrixapp/home/bitrix/www/application/nebo_field/bp.php
[DEBUG]   Writing 28909 bytes to ssh://bitrixapp/home/bitrix/www/application/nebo_field/bp.php
[DEBUG]   Writing 28916 bytes to ssh://bitrixapp/home/bitrix/www/application/nebo_field/bp.php
[DEBUG]   Writing 28973 bytes to ssh://bitrixapp/home/bitrix/www/application/nebo_field/bp.php
[DEBUG]   Writing 28975 bytes to ssh://bitrixapp/home/bitrix/www/application/nebo_field/bp.php
[DEBUG]   Reading ssh://bitrixapp/home/bitrix/www/application/nebo_field/bp.php
[DEBUG]   Writing 28319 bytes to ssh://bitrixapp/home/bitrix/www/application/nebo_field/bp.php
[DEBUG]   Reading ssh://bitrixapp/home/bitrix/www/application/nebo_field/bp.php
[DEBUG]   Reading ssh://bitrixapp/home/bitrix/www/application/nebo_field/bp.php
[DEBUG]   Reading ssh://bitrixapp/home/bitrix/www/application/nebo_field/bp.php
[DEBUG]   Reading ssh://bitrixapp/home/bitrix/www/application/nebo_field/bp.php
[DEBUG]   Reading ssh://bitrixapp/home/bitrix/www/application/nebo_field/bp.php
[DEBUG]   Reading ssh://bitrixapp/home/bitrix/www/application/nebo_field/bp.php
[DEBUG]   Reading ssh://bitrixapp/home/bitrix/www/application/nebo_field/bp.php
[DEBUG]   Reading ssh://bitrixapp/home/bitrix/www/application/nebo_field/bp.php
