2023-03-24 13:31:57.315 [info] Configuration changed
2023-03-24 13:31:58.743 [info] Configuration changed
2023-03-24 13:32:28.583 [info] Active editor: file:///home/ilya/app-employee-geo/src/helpers/colorGenerator.ts
2023-03-24 13:32:30.260 [info] /home/ilya/app-employee-geo/src/helpers/colorGenerator.ts closed
2023-03-24 13:32:30.261 [info] /home/ilya/app-employee-geo/src/helpers/colorGenerator.ts.git closed
2023-03-24 13:32:30.312 [info] Active editor: file:///home/ilya/app-employee-geo/src/helpers/createBase64.ts
2023-03-24 13:32:34.694 [info] /home/ilya/app-employee-geo/src/helpers/createBase64.ts closed
2023-03-24 13:32:34.695 [info] /home/ilya/app-employee-geo/src/helpers/createBase64.ts.git closed
2023-03-24 13:32:34.782 [info] Active editor: file:///home/ilya/app-employee-geo/src/App.vue
2023-03-24 13:32:37.617 [info] /home/ilya/app-employee-geo/src/App.vue closed
2023-03-24 13:32:37.619 [info] /home/ilya/app-employee-geo/src/App.vue.git closed
2023-03-24 13:32:37.667 [info] Active editor: file:///home/ilya/app-employee-geo/src/screens/AdminScreen.vue
2023-03-24 13:32:59.848 [info] /home/ilya/app-employee-geo/src/screens/AdminScreen.vue closed
2023-03-24 13:32:59.850 [info] /home/ilya/app-employee-geo/src/screens/AdminScreen.vue.git closed
2023-03-24 13:32:59.915 [info] Active editor: file:///home/ilya/app-employee-geo/src/screens/MapScreen.vue
2023-03-24 13:49:30.607 [info] /home/ilya/.config/Code/Workspaces/1679654971369/workspace.json closed
2023-03-24 13:49:49.447 [info] /home/ilya/app-employee-geo/src/screens/MapScreen.vue closed
2023-03-24 13:49:49.449 [info] /home/ilya/app-employee-geo/src/screens/MapScreen.vue.git closed
2023-03-24 13:49:50.191 [info] Active editor: ssh://bitrix/home/bitrix/www/local/modules/nebo.telegram/lib/api/UsersLocation.php
2023-03-24 13:50:06.540 [info] /home/bitrix/www/local/modules/nebo.telegram/lib/api/UsersLocation.php closed
2023-03-24 13:50:07.263 [info] Active editor: ssh://bitrix/home/bitrix/www/local/modules/nebo.telegram/lib/bp_modules/BP.php
2023-03-24 13:50:11.905 [info] /home/bitrix/www/local/modules/nebo.telegram/lib/bp_modules/BP.php closed
2023-03-24 13:50:12.651 [info] Active editor: ssh://bitrix/home/bitrix/www/local/modules/nebo.telegram/lib/bot.php
2023-03-24 13:51:05.541 [info] Active editor: ssh://bitrix/home/bitrix/www/local/modules/nebo.telegram/lib/Config.php
2023-03-24 13:51:31.579 [info] Active editor: ssh://bitrix/home/bitrix/www/local/modules/nebo.telegram/lib/bot.php
2023-03-24 13:53:29.840 [info] /home/bitrix/www/local/modules/nebo.telegram/lib/Config.php closed
2023-03-24 13:53:30.554 [info] Active editor: ssh://bitrix/home/bitrix/www/local/modules/nebo.telegram/lib/api/UsersLocation.php
2023-03-24 13:55:31.562 [info] Active editor: ssh://bitrix/home/bitrix/www/local/modules/nebo.telegram/lib/bot.php
2023-03-24 14:04:23.594 [info] Active editor: ssh://bitrix/home/bitrix/www/local/modules/nebo.telegram/lib/api/UsersLocation.php
2023-03-24 14:04:28.527 [info] Active editor: ssh://bitrix/home/bitrix/www/local/modules/nebo.telegram/lib/bot.php
2023-03-24 14:05:09.551 [info] Active editor: ssh://bitrix/home/bitrix/www/local/modules/nebo.telegram/lib/api/UsersLocation.php
2023-03-24 14:05:29.749 [info] Active editor: ssh://bitrix/home/bitrix/www/local/modules/nebo.telegram/lib/bot.php
